Record 178
<?xml version="1.0" encoding="utf-8"?>
<Event xmlns="http://schemas.microsoft.com/win/2004/08/events/event">
  <System>
    <Provider Name="Microsoft-Windows-Security-Auditing" Guid="54849625-5478-4994-A5BA-3E3B0328C30D">
    </Provider>
    <EventID>4672</EventID>
    <Version>0</Version>
    <Level>0</Level>
    <Task>12548</Task>
    <Opcode>0</Opcode>
    <Keywords>0x8020000000000000</Keywords>
    <TimeCreated SystemTime="2016-07-08T22:17:01.053053Z">
    </TimeCreated>
    <EventRecordID>178</EventRecordID>
    <Correlation>
    </Correlation>
    <Execution ProcessID="552" ThreadID="624">
    </Execution>
    <Channel>Security</Channel>
    <Computer>WIN-03DLIIOFRRA</Computer>
    <Security>
    </Security>
  </System>
  <EventData>
    <Data Name="SubjectUserSid">S-1-5-18</Data>
    <Data Name="SubjectUserName">SYSTEM</Data>
    <Data Name="SubjectDomainName">NT AUTHORITY</Data>
    <Data Name="SubjectLogonId">0x3e7</Data>
    <Data Name="PrivilegeList">SeAssignPrimaryTokenPrivilege
			SeTcbPrivilege
			SeSecurityPrivilege
			SeTakeOwnershipPrivilege
			SeLoadDriverPrivilege
			SeBackupPrivilege
			SeRestorePrivilege
			SeDebugPrivilege
			SeAuditPrivilege
			SeSystemEnvironmentPrivilege
			SeImpersonatePrivilege</Data>
  </EventData>
</Event>
Record 179
<?xml version="1.0" encoding="utf-8"?>
<Event xmlns="http://schemas.microsoft.com/win/2004/08/events/event">
  <System>
    <Provider Name="Microsoft-Windows-Security-Auditing" Guid="54849625-5478-4994-A5BA-3E3B0328C30D">
    </Provider>
    <EventID>4624</EventID>
    <Version>0</Version>
    <Level>0</Level>
    <Task>12544</Task>
    <Opcode>0</Opcode>
    <Keywords>0x8020000000000000</Keywords>
    <TimeCreated SystemTime="2016-07-08T22:18:56.042861Z">
    </TimeCreated>
    <EventRecordID>179</EventRecordID>
    <Correlation>
    </Correlation>
    <Execution ProcessID="552" ThreadID="624">
    </Execution>
    <Channel>Security</Channel>
    <Computer>WIN-03DLIIOFRRA</Computer>
    <Security>
    </Security>
  </System>
  <EventData>
    <Data Name="SubjectUserSid">S-1-5-18</Data>
    <Data Name="SubjectUserName">WIN-03DLIIOFRRA$</Data>
    <Data Name="SubjectDomainName">WORKGROUP</Data>
    <Data Name="SubjectLogonId">0x3e7</Data>
    <Data Name="TargetUserSid">S-1-5-18</Data>
    <Data Name="TargetUserName">SYSTEM</Data>
    <Data Name="TargetDomainName">NT AUTHORITY</Data>
    <Data Name="TargetLogonId">0x3e7</Data>
    <Data Name="LogonType">5</Data>
    <Data Name="LogonProcessName">Advapi</Data>
    <Data Name="AuthenticationPackageName">Negotiate</Data>
    <Data Name="WorkstationName"></Data>
    <Data Name="LogonGuid">00000000-0000-0000-0000-000000000000</Data>
    <Data Name="TransmittedServices">-</Data>
    <Data Name="LmPackageName">-</Data>
    <Data Name="KeyLength">0</Data>
    <Data Name="ProcessId">0x218</Data>
    <Data Name="ProcessName">C:\Windows\System32\services.exe</Data>
    <Data Name="IpAddress">-</Data>
    <Data Name="IpPort">-</Data>
  </EventData>
</Event>
Record 180
<?xml version="1.0" encoding="utf-8"?>
<Event xmlns="http://schemas.microsoft.com/win/2004/08/events/event">
  <System>
    <Provider Name="Microsoft-Windows-Security-Auditing" Guid="54849625-5478-4994-A5BA-3E3B0328C30D">
    </Provider>
    <EventID>4672</EventID>
    <Version>0</Version>
    <Level>0</Level>
    <Task>12548</Task>
    <Opcode>0</Opcode>
    <Keywords>0x8020000000000000</Keywords>
    <TimeCreated SystemTime="2016-07-08T22:18:56.042861Z">
    </TimeCreated>
    <EventRecordID>180</EventRecordID>
    <Correlation>
    </Correlation>
    <Execution ProcessID="552" ThreadID="624">
    </Execution>
    <Channel>Security</Channel>
    <Computer>WIN-03DLIIOFRRA</Computer>
    <Security>
    </Security>
  </System>
  <EventData>
    <Data Name="SubjectUserSid">S-1-5-18</Data>
    <Data Name="SubjectUserName">SYSTEM</Data>
    <Data Name="SubjectDomainName">NT AUTHORITY</Data>
    <Data Name="SubjectLogonId">0x3e7</Data>
    <Data Name="PrivilegeList">SeAssignPrimaryTokenPrivilege
			SeTcbPrivilege
			SeSecurityPrivilege
			SeTakeOwnershipPrivilege
			SeLoadDriverPrivilege
			SeBackupPrivilege
			SeRestorePrivilege
			SeDebugPrivilege
			SeAuditPrivilege
			SeSystemEnvironmentPrivilege
			SeImpersonatePrivilege</Data>
  </EventData>
</Event>
Record 181
<?xml version="1.0" encoding="utf-8"?>
<Event xmlns="http://schemas.microsoft.com/win/2004/08/events/event">
  <System>
    <Provider Name="Microsoft-Windows-Security-Auditing" Guid="54849625-5478-4994-A5BA-3E3B0328C30D">
    </Provider>
    <EventID>4728</EventID>
    <Version>0</Version>
    <Level>0</Level>
    <Task>13826</Task>
    <Opcode>0</Opcode>
    <Keywords>0x8020000000000000</Keywords>
    <TimeCreated SystemTime="2016-07-08T22:23:19.291938Z">
    </TimeCreated>
    <EventRecordID>181</EventRecordID>
    <Correlation>
    </Correlation>
    <Execution ProcessID="552" ThreadID="2500">
    </Execution>
    <Channel>Security</Channel>
    <Computer>WIN-03DLIIOFRRA</Computer>
    <Security>
    </Security>
  </System>
  <EventData>
    <Data Name="MemberName">-</Data>
    <Data Name="MemberSid">S-1-5-21-2603537626-3982775912-406486804-1001</Data>
    <Data Name="TargetUserName">None</Data>
    <Data Name="TargetDomainName">WIN-03DLIIOFRRA</Data>
    <Data Name="TargetSid">S-1-5-21-2603537626-3982775912-406486804-513</Data>
    <Data Name="SubjectUserSid">S-1-5-21-2603537626-3982775912-406486804-1000</Data>
    <Data Name="SubjectUserName">fsir</Data>
    <Data Name="SubjectDomainName">WIN-03DLIIOFRRA</Data>
    <Data Name="SubjectLogonId">0x1672c</Data>
    <Data Name="PrivilegeList">-</Data>
  </EventData>
</Event>
Record 182
<?xml version="1.0" encoding="utf-8"?>
<Event xmlns="http://schemas.microsoft.com/win/2004/08/events/event">
  <System>
    <Provider Name="Microsoft-Windows-Security-Auditing" Guid="54849625-5478-4994-A5BA-3E3B0328C30D">
    </Provider>
    <EventID>4720</EventID>
    <Version>0</Version>
    <Level>0</Level>
    <Task>13824</Task>
    <Opcode>0</Opcode>
    <Keywords>0x8020000000000000</Keywords>
    <TimeCreated SystemTime="2016-07-08T22:23:19.291938Z">
    </TimeCreated>
    <EventRecordID>182</EventRecordID>
    <Correlation>
    </Correlation>
    <Execution ProcessID="552" ThreadID="2500">
    </Execution>
    <Channel>Security</Channel>
    <Computer>WIN-03DLIIOFRRA</Computer>
    <Security>
    </Security>
  </System>
  <EventData>
    <Data Name="TargetUserName">archir</Data>
    <Data Name="TargetDomainName">WIN-03DLIIOFRRA</Data>
    <Data Name="TargetSid">S-1-5-21-2603537626-3982775912-406486804-1001</Data>
    <Data Name="SubjectUserSid">S-1-5-21-2603537626-3982775912-406486804-1000</Data>
    <Data Name="SubjectUserName">fsir</Data>
    <Data Name="SubjectDomainName">WIN-03DLIIOFRRA</Data>
    <Data Name="SubjectLogonId">0x1672c</Data>
    <Data Name="PrivilegeList">-</Data>
    <Data Name="SamAccountName">archir</Data>
    <Data Name="DisplayName">%%1793</Data>
    <Data Name="UserPrincipalName">-</Data>
    <Data Name="HomeDirectory">%%1793</Data>
    <Data Name="HomePath">%%1793</Data>
    <Data Name="ScriptPath">%%1793</Data>
    <Data Name="ProfilePath">%%1793</Data>
    <Data Name="UserWorkstations">%%1793</Data>
    <Data Name="PasswordLastSet">%%1794</Data>
    <Data Name="AccountExpires">%%1794</Data>
    <Data Name="PrimaryGroupId">513</Data>
    <Data Name="AllowedToDelegateTo">-</Data>
    <Data Name="OldUacValue">0x0</Data>
    <Data Name="NewUacValue">0x15</Data>
    <Data Name="UserAccountControl">
		%%2080
		%%2082
		%%2084</Data>
    <Data Name="UserParameters">%%1793</Data>
    <Data Name="SidHistory">-</Data>
    <Data Name="LogonHours">%%1797</Data>
  </EventData>
</Event>
Record 183
<?xml version="1.0" encoding="utf-8"?>
<Event xmlns="http://schemas.microsoft.com/win/2004/08/events/event">
  <System>
    <Provider Name="Microsoft-Windows-Security-Auditing" Guid="54849625-5478-4994-A5BA-3E3B0328C30D">
    </Provider>
    <EventID>4722</EventID>
    <Version>0</Version>
    <Level>0</Level>
    <Task>13824</Task>
    <Opcode>0</Opcode>
    <Keywords>0x8020000000000000</Keywords>
    <TimeCreated SystemTime="2016-07-08T22:23:19.291938Z">
    </TimeCreated>
    <EventRecordID>183</EventRecordID>
    <Correlation>
    </Correlation>
    <Execution ProcessID="552" ThreadID="2500">
    </Execution>
    <Channel>Security</Channel>
    <Computer>WIN-03DLIIOFRRA</Computer>
    <Security>
    </Security>
  </System>
  <EventData>
    <Data Name="TargetUserName">archir</Data>
    <Data Name="TargetDomainName">WIN-03DLIIOFRRA</Data>
    <Data Name="TargetSid">S-1-5-21-2603537626-3982775912-406486804-1001</Data>
    <Data Name="SubjectUserSid">S-1-5-21-2603537626-3982775912-406486804-1000</Data>
    <Data Name="SubjectUserName">fsir</Data>
    <Data Name="SubjectDomainName">WIN-03DLIIOFRRA</Data>
    <Data Name="SubjectLogonId">0x1672c</Data>
  </EventData>
</Event>
Record 184
<?xml version="1.0" encoding="utf-8"?>
<Event xmlns="http://schemas.microsoft.com/win/2004/08/events/event">
  <System>
    <Provider Name="Microsoft-Windows-Security-Auditing" Guid="54849625-5478-4994-A5BA-3E3B0328C30D">
    </Provider>
    <EventID>4738</EventID>
    <Version>0</Version>
    <Level>0</Level>
    <Task>13824</Task>
    <Opcode>0</Opcode>
    <Keywords>0x8020000000000000</Keywords>
    <TimeCreated SystemTime="2016-07-08T22:23:19.291938Z">
    </TimeCreated>
    <EventRecordID>184</EventRecordID>
    <Correlation>
    </Correlation>
    <Execution ProcessID="552" ThreadID="2500">
    </Execution>
    <Channel>Security</Channel>
    <Computer>WIN-03DLIIOFRRA</Computer>
    <Security>
    </Security>
  </System>
  <EventData>
    <Data Name="Dummy">-</Data>
    <Data Name="TargetUserName">archir</Data>
    <Data Name="TargetDomainName">WIN-03DLIIOFRRA</Data>
    <Data Name="TargetSid">S-1-5-21-2603537626-3982775912-406486804-1001</Data>
    <Data Name="SubjectUserSid">S-1-5-21-2603537626-3982775912-406486804-1000</Data>
    <Data Name="SubjectUserName">fsir</Data>
    <Data Name="SubjectDomainName">WIN-03DLIIOFRRA</Data>
    <Data Name="SubjectLogonId">0x1672c</Data>
    <Data Name="PrivilegeList">-</Data>
    <Data Name="SamAccountName">archir</Data>
    <Data Name="DisplayName">archir</Data>
    <Data Name="UserPrincipalName">-</Data>
    <Data Name="HomeDirectory">%%1793</Data>
    <Data Name="HomePath">%%1793</Data>
    <Data Name="ScriptPath">%%1793</Data>
    <Data Name="ProfilePath">%%1793</Data>
    <Data Name="UserWorkstations">%%1793</Data>
    <Data Name="PasswordLastSet">%%1794</Data>
    <Data Name="AccountExpires">%%1794</Data>
    <Data Name="PrimaryGroupId">513</Data>
    <Data Name="AllowedToDelegateTo">-</Data>
    <Data Name="OldUacValue">0x15</Data>
    <Data Name="NewUacValue">0x210</Data>
    <Data Name="UserAccountControl">
		%%2048
		%%2050
		%%2089</Data>
    <Data Name="UserParameters">%%1793</Data>
    <Data Name="SidHistory">-</Data>
    <Data Name="LogonHours">%%1797</Data>
  </EventData>
</Event>
Record 185
<?xml version="1.0" encoding="utf-8"?>
<Event xmlns="http://schemas.microsoft.com/win/2004/08/events/event">
  <System>
    <Provider Name="Microsoft-Windows-Security-Auditing" Guid="54849625-5478-4994-A5BA-3E3B0328C30D">
    </Provider>
    <EventID>4732</EventID>
    <Version>0</Version>
    <Level>0</Level>
    <Task>13826</Task>
    <Opcode>0</Opcode>
    <Keywords>0x8020000000000000</Keywords>
    <TimeCreated SystemTime="2016-07-08T22:23:19.307538Z">
    </TimeCreated>
    <EventRecordID>185</EventRecordID>
    <Correlation>
    </Correlation>
    <Execution ProcessID="552" ThreadID="2500">
    </Execution>
    <Channel>Security</Channel>
    <Computer>WIN-03DLIIOFRRA</Computer>
    <Security>
    </Security>
  </System>
  <EventData>
    <Data Name="MemberName">-</Data>
    <Data Name="MemberSid">S-1-5-21-2603537626-3982775912-406486804-1001</Data>
    <Data Name="TargetUserName">Users</Data>
    <Data Name="TargetDomainName">Builtin</Data>
    <Data Name="TargetSid">S-1-5-32-545</Data>
    <Data Name="SubjectUserSid">S-1-5-21-2603537626-3982775912-406486804-1000</Data>
    <Data Name="SubjectUserName">fsir</Data>
    <Data Name="SubjectDomainName">WIN-03DLIIOFRRA</Data>
    <Data Name="SubjectLogonId">0x1672c</Data>
    <Data Name="PrivilegeList">-</Data>
  </EventData>
</Event>
Record 186
<?xml version="1.0" encoding="utf-8"?>
<Event xmlns="http://schemas.microsoft.com/win/2004/08/events/event">
  <System>
    <Provider Name="Microsoft-Windows-Security-Auditing" Guid="54849625-5478-4994-A5BA-3E3B0328C30D">
    </Provider>
    <EventID>4738</EventID>
    <Version>0</Version>
    <Level>0</Level>
    <Task>13824</Task>
    <Opcode>0</Opcode>
    <Keywords>0x8020000000000000</Keywords>
    <TimeCreated SystemTime="2016-07-08T22:23:19.323138Z">
    </TimeCreated>
    <EventRecordID>186</EventRecordID>
    <Correlation>
    </Correlation>
    <Execution ProcessID="552" ThreadID="2500">
    </Execution>
    <Channel>Security</Channel>
    <Computer>WIN-03DLIIOFRRA</Computer>
    <Security>
    </Security>
  </System>
  <EventData>
    <Data Name="Dummy">-</Data>
    <Data Name="TargetUserName">archir</Data>
    <Data Name="TargetDomainName">WIN-03DLIIOFRRA</Data>
    <Data Name="TargetSid">S-1-5-21-2603537626-3982775912-406486804-1001</Data>
    <Data Name="SubjectUserSid">S-1-5-21-2603537626-3982775912-406486804-1000</Data>
    <Data Name="SubjectUserName">fsir</Data>
    <Data Name="SubjectDomainName">WIN-03DLIIOFRRA</Data>
    <Data Name="SubjectLogonId">0x1672c</Data>
    <Data Name="PrivilegeList">-</Data>
    <Data Name="SamAccountName">-</Data>
    <Data Name="DisplayName">-</Data>
    <Data Name="UserPrincipalName">-</Data>
    <Data Name="HomeDirectory">-</Data>
    <Data Name="HomePath">-</Data>
    <Data Name="ScriptPath">-</Data>
    <Data Name="ProfilePath">-</Data>
    <Data Name="UserWorkstations">-</Data>
    <Data Name="PasswordLastSet">-</Data>
    <Data Name="AccountExpires">-</Data>
    <Data Name="PrimaryGroupId">-</Data>
    <Data Name="AllowedToDelegateTo">-</Data>
    <Data Name="OldUacValue">-</Data>
    <Data Name="NewUacValue">-</Data>
    <Data Name="UserAccountControl">-</Data>
    <Data Name="UserParameters">-</Data>
    <Data Name="SidHistory">-</Data>
    <Data Name="LogonHours">-</Data>
  </EventData>
</Event>
Record 187
<?xml version="1.0" encoding="utf-8"?>
<Event xmlns="http://schemas.microsoft.com/win/2004/08/events/event">
  <System>
    <Provider Name="Microsoft-Windows-Security-Auditing" Guid="54849625-5478-4994-A5BA-3E3B0328C30D">
    </Provider>
    <EventID>4738</EventID>
    <Version>0</Version>
    <Level>0</Level>
    <Task>13824</Task>
    <Opcode>0</Opcode>
    <Keywords>0x8020000000000000</Keywords>
    <TimeCreated SystemTime="2016-07-08T22:23:19.354338Z">
    </TimeCreated>
    <EventRecordID>187</EventRecordID>
    <Correlation>
    </Correlation>
    <Execution ProcessID="552" ThreadID="2500">
    </Execution>
    <Channel>Security</Channel>
    <Computer>WIN-03DLIIOFRRA</Computer>
    <Security>
    </Security>
  </System>
  <EventData>
    <Data Name="Dummy">-</Data>
    <Data Name="TargetUserName">archir</Data>
    <Data Name="TargetDomainName">WIN-03DLIIOFRRA</Data>
    <Data Name="TargetSid">S-1-5-21-2603537626-3982775912-406486804-1001</Data>
    <Data Name="SubjectUserSid">S-1-5-21-2603537626-3982775912-406486804-1000</Data>
    <Data Name="SubjectUserName">fsir</Data>
    <Data Name="SubjectDomainName">WIN-03DLIIOFRRA</Data>
    <Data Name="SubjectLogonId">0x1672c</Data>
    <Data Name="PrivilegeList">-</Data>
    <Data Name="SamAccountName">archir</Data>
    <Data Name="DisplayName">archir</Data>
    <Data Name="UserPrincipalName">-</Data>
    <Data Name="HomeDirectory">%%1793</Data>
    <Data Name="HomePath">%%1793</Data>
    <Data Name="ScriptPath">%%1793</Data>
    <Data Name="ProfilePath">%%1793</Data>
    <Data Name="UserWorkstations">%%1793</Data>
    <Data Name="PasswordLastSet">%%1794</Data>
    <Data Name="AccountExpires">%%1794</Data>
    <Data Name="PrimaryGroupId">513</Data>
    <Data Name="AllowedToDelegateTo">-</Data>
    <Data Name="OldUacValue">0x210</Data>
    <Data Name="NewUacValue">0x210</Data>
    <Data Name="UserAccountControl">-</Data>
    <Data Name="UserParameters">%%1793</Data>
    <Data Name="SidHistory">-</Data>
    <Data Name="LogonHours">%%1797</Data>
  </EventData>
</Event>
Record 188
<?xml version="1.0" encoding="utf-8"?>
<Event xmlns="http://schemas.microsoft.com/win/2004/08/events/event">
  <System>
    <Provider Name="Microsoft-Windows-Security-Auditing" Guid="54849625-5478-4994-A5BA-3E3B0328C30D">
    </Provider>
    <EventID>4624</EventID>
    <Version>0</Version>
    <Level>0</Level>
    <Task>12544</Task>
    <Opcode>0</Opcode>
    <Keywords>0x8020000000000000</Keywords>
    <TimeCreated SystemTime="2016-07-08T22:23:36.857973Z">
    </TimeCreated>
    <EventRecordID>188</EventRecordID>
    <Correlation>
    </Correlation>
    <Execution ProcessID="552" ThreadID="2500">
    </Execution>
    <Channel>Security</Channel>
    <Computer>WIN-03DLIIOFRRA</Computer>
    <Security>
    </Security>
  </System>
  <EventData>
    <Data Name="SubjectUserSid">S-1-5-18</Data>
    <Data Name="SubjectUserName">WIN-03DLIIOFRRA$</Data>
    <Data Name="SubjectDomainName">WORKGROUP</Data>
    <Data Name="SubjectLogonId">0x3e7</Data>
    <Data Name="TargetUserSid">S-1-5-18</Data>
    <Data Name="TargetUserName">SYSTEM</Data>
    <Data Name="TargetDomainName">NT AUTHORITY</Data>
    <Data Name="TargetLogonId">0x3e7</Data>
    <Data Name="LogonType">5</Data>
    <Data Name="LogonProcessName">Advapi</Data>
    <Data Name="AuthenticationPackageName">Negotiate</Data>
    <Data Name="WorkstationName"></Data>
    <Data Name="LogonGuid">00000000-0000-0000-0000-000000000000</Data>
    <Data Name="TransmittedServices">-</Data>
    <Data Name="LmPackageName">-</Data>
    <Data Name="KeyLength">0</Data>
    <Data Name="ProcessId">0x218</Data>
    <Data Name="ProcessName">C:\Windows\System32\services.exe</Data>
    <Data Name="IpAddress">-</Data>
    <Data Name="IpPort">-</Data>
  </EventData>
</Event>
Record 189
<?xml version="1.0" encoding="utf-8"?>
<Event xmlns="http://schemas.microsoft.com/win/2004/08/events/event">
  <System>
    <Provider Name="Microsoft-Windows-Security-Auditing" Guid="54849625-5478-4994-A5BA-3E3B0328C30D">
    </Provider>
    <EventID>4672</EventID>
    <Version>0</Version>
    <Level>0</Level>
    <Task>12548</Task>
    <Opcode>0</Opcode>
    <Keywords>0x8020000000000000</Keywords>
    <TimeCreated SystemTime="2016-07-08T22:23:36.857973Z">
    </TimeCreated>
    <EventRecordID>189</EventRecordID>
    <Correlation>
    </Correlation>
    <Execution ProcessID="552" ThreadID="2500">
    </Execution>
    <Channel>Security</Channel>
    <Computer>WIN-03DLIIOFRRA</Computer>
    <Security>
    </Security>
  </System>
  <EventData>
    <Data Name="SubjectUserSid">S-1-5-18</Data>
    <Data Name="SubjectUserName">SYSTEM</Data>
    <Data Name="SubjectDomainName">NT AUTHORITY</Data>
    <Data Name="SubjectLogonId">0x3e7</Data>
    <Data Name="PrivilegeList">SeAssignPrimaryTokenPrivilege
			SeTcbPrivilege
			SeSecurityPrivilege
			SeTakeOwnershipPrivilege
			SeLoadDriverPrivilege
			SeBackupPrivilege
			SeRestorePrivilege
			SeDebugPrivilege
			SeAuditPrivilege
			SeSystemEnvironmentPrivilege
			SeImpersonatePrivilege</Data>
  </EventData>
</Event>
Record 190
<?xml version="1.0" encoding="utf-8"?>
<Event xmlns="http://schemas.microsoft.com/win/2004/08/events/event">
  <System>
    <Provider Name="Microsoft-Windows-Security-Auditing" Guid="54849625-5478-4994-A5BA-3E3B0328C30D">
    </Provider>
    <EventID>4624</EventID>
    <Version>0</Version>
    <Level>0</Level>
    <Task>12544</Task>
    <Opcode>0</Opcode>
    <Keywords>0x8020000000000000</Keywords>
    <TimeCreated SystemTime="2016-07-08T22:24:39.211282Z">
    </TimeCreated>
    <EventRecordID>190</EventRecordID>
    <Correlation>
    </Correlation>
    <Execution ProcessID="552" ThreadID="2500">
    </Execution>
    <Channel>Security</Channel>
    <Computer>WIN-03DLIIOFRRA</Computer>
    <Security>
    </Security>
  </System>
  <EventData>
    <Data Name="SubjectUserSid">S-1-5-18</Data>
    <Data Name="SubjectUserName">WIN-03DLIIOFRRA$</Data>
    <Data Name="SubjectDomainName">WORKGROUP</Data>
    <Data Name="SubjectLogonId">0x3e7</Data>
    <Data Name="TargetUserSid">S-1-5-18</Data>
    <Data Name="TargetUserName">SYSTEM</Data>
    <Data Name="TargetDomainName">NT AUTHORITY</Data>
    <Data Name="TargetLogonId">0x3e7</Data>
    <Data Name="LogonType">5</Data>
    <Data Name="LogonProcessName">Advapi</Data>
    <Data Name="AuthenticationPackageName">Negotiate</Data>
    <Data Name="WorkstationName"></Data>
    <Data Name="LogonGuid">00000000-0000-0000-0000-000000000000</Data>
    <Data Name="TransmittedServices">-</Data>
    <Data Name="LmPackageName">-</Data>
    <Data Name="KeyLength">0</Data>
    <Data Name="ProcessId">0x218</Data>
    <Data Name="ProcessName">C:\Windows\System32\services.exe</Data>
    <Data Name="IpAddress">-</Data>
    <Data Name="IpPort">-</Data>
  </EventData>
</Event>
Record 191
<?xml version="1.0" encoding="utf-8"?>
<Event xmlns="http://schemas.microsoft.com/win/2004/08/events/event">
  <System>
    <Provider Name="Microsoft-Windows-Security-Auditing" Guid="54849625-5478-4994-A5BA-3E3B0328C30D">
    </Provider>
    <EventID>4672</EventID>
    <Version>0</Version>
    <Level>0</Level>
    <Task>12548</Task>
    <Opcode>0</Opcode>
    <Keywords>0x8020000000000000</Keywords>
    <TimeCreated SystemTime="2016-07-08T22:24:39.211282Z">
    </TimeCreated>
    <EventRecordID>191</EventRecordID>
    <Correlation>
    </Correlation>
    <Execution ProcessID="552" ThreadID="2500">
    </Execution>
    <Channel>Security</Channel>
    <Computer>WIN-03DLIIOFRRA</Computer>
    <Security>
    </Security>
  </System>
  <EventData>
    <Data Name="SubjectUserSid">S-1-5-18</Data>
    <Data Name="SubjectUserName">SYSTEM</Data>
    <Data Name="SubjectDomainName">NT AUTHORITY</Data>
    <Data Name="SubjectLogonId">0x3e7</Data>
    <Data Name="PrivilegeList">SeAssignPrimaryTokenPrivilege
			SeTcbPrivilege
			SeSecurityPrivilege
			SeTakeOwnershipPrivilege
			SeLoadDriverPrivilege
			SeBackupPrivilege
			SeRestorePrivilege
			SeDebugPrivilege
			SeAuditPrivilege
			SeSystemEnvironmentPrivilege
			SeImpersonatePrivilege</Data>
  </EventData>
</Event>
Record 192
<?xml version="1.0" encoding="utf-8"?>
<Event xmlns="http://schemas.microsoft.com/win/2004/08/events/event">
  <System>
    <Provider Name="Microsoft-Windows-Security-Auditing" Guid="54849625-5478-4994-A5BA-3E3B0328C30D">
    </Provider>
    <EventID>4624</EventID>
    <Version>0</Version>
    <Level>0</Level>
    <Task>12544</Task>
    <Opcode>0</Opcode>
    <Keywords>0x8020000000000000</Keywords>
    <TimeCreated SystemTime="2016-07-08T22:29:44.123844Z">
    </TimeCreated>
    <EventRecordID>192</EventRecordID>
    <Correlation>
    </Correlation>
    <Execution ProcessID="552" ThreadID="624">
    </Execution>
    <Channel>Security</Channel>
    <Computer>WIN-03DLIIOFRRA</Computer>
    <Security>
    </Security>
  </System>
  <EventData>
    <Data Name="SubjectUserSid">S-1-5-18</Data>
    <Data Name="SubjectUserName">WIN-03DLIIOFRRA$</Data>
    <Data Name="SubjectDomainName">WORKGROUP</Data>
    <Data Name="SubjectLogonId">0x3e7</Data>
    <Data Name="TargetUserSid">S-1-5-18</Data>
    <Data Name="TargetUserName">SYSTEM</Data>
    <Data Name="TargetDomainName">NT AUTHORITY</Data>
    <Data Name="TargetLogonId">0x3e7</Data>
    <Data Name="LogonType">5</Data>
    <Data Name="LogonProcessName">Advapi</Data>
    <Data Name="AuthenticationPackageName">Negotiate</Data>
    <Data Name="WorkstationName"></Data>
    <Data Name="LogonGuid">00000000-0000-0000-0000-000000000000</Data>
    <Data Name="TransmittedServices">-</Data>
    <Data Name="LmPackageName">-</Data>
    <Data Name="KeyLength">0</Data>
    <Data Name="ProcessId">0x218</Data>
    <Data Name="ProcessName">C:\Windows\System32\services.exe</Data>
    <Data Name="IpAddress">-</Data>
    <Data Name="IpPort">-</Data>
  </EventData>
</Event>
Record 193
<?xml version="1.0" encoding="utf-8"?>
<Event xmlns="http://schemas.microsoft.com/win/2004/08/events/event">
  <System>
    <Provider Name="Microsoft-Windows-Security-Auditing" Guid="54849625-5478-4994-A5BA-3E3B0328C30D">
    </Provider>
    <EventID>4672</EventID>
    <Version>0</Version>
    <Level>0</Level>
    <Task>12548</Task>
    <Opcode>0</Opcode>
    <Keywords>0x8020000000000000</Keywords>
    <TimeCreated SystemTime="2016-07-08T22:29:44.123844Z">
    </TimeCreated>
    <EventRecordID>193</EventRecordID>
    <Correlation>
    </Correlation>
    <Execution ProcessID="552" ThreadID="624">
    </Execution>
    <Channel>Security</Channel>
    <Computer>WIN-03DLIIOFRRA</Computer>
    <Security>
    </Security>
  </System>
  <EventData>
    <Data Name="SubjectUserSid">S-1-5-18</Data>
    <Data Name="SubjectUserName">SYSTEM</Data>
    <Data Name="SubjectDomainName">NT AUTHORITY</Data>
    <Data Name="SubjectLogonId">0x3e7</Data>
    <Data Name="PrivilegeList">SeAssignPrimaryTokenPrivilege
			SeTcbPrivilege
			SeSecurityPrivilege
			SeTakeOwnershipPrivilege
			SeLoadDriverPrivilege
			SeBackupPrivilege
			SeRestorePrivilege
			SeDebugPrivilege
			SeAuditPrivilege
			SeSystemEnvironmentPrivilege
			SeImpersonatePrivilege</Data>
  </EventData>
</Event>
Record 194
<?xml version="1.0" encoding="utf-8"?>
<Event xmlns="http://schemas.microsoft.com/win/2004/08/events/event">
  <System>
    <Provider Name="Microsoft-Windows-Security-Auditing" Guid="54849625-5478-4994-A5BA-3E3B0328C30D">
    </Provider>
    <EventID>4624</EventID>
    <Version>0</Version>
    <Level>0</Level>
    <Task>12544</Task>
    <Opcode>0</Opcode>
    <Keywords>0x8020000000000000</Keywords>
    <TimeCreated SystemTime="2016-07-08T22:29:44.155044Z">
    </TimeCreated>
    <EventRecordID>194</EventRecordID>
    <Correlation>
    </Correlation>
    <Execution ProcessID="552" ThreadID="2880">
    </Execution>
    <Channel>Security</Channel>
    <Computer>WIN-03DLIIOFRRA</Computer>
    <Security>
    </Security>
  </System>
  <EventData>
    <Data Name="SubjectUserSid">S-1-5-18</Data>
    <Data Name="SubjectUserName">WIN-03DLIIOFRRA$</Data>
    <Data Name="SubjectDomainName">WORKGROUP</Data>
    <Data Name="SubjectLogonId">0x3e7</Data>
    <Data Name="TargetUserSid">S-1-5-18</Data>
    <Data Name="TargetUserName">SYSTEM</Data>
    <Data Name="TargetDomainName">NT AUTHORITY</Data>
    <Data Name="TargetLogonId">0x3e7</Data>
    <Data Name="LogonType">5</Data>
    <Data Name="LogonProcessName">Advapi</Data>
    <Data Name="AuthenticationPackageName">Negotiate</Data>
    <Data Name="WorkstationName"></Data>
    <Data Name="LogonGuid">00000000-0000-0000-0000-000000000000</Data>
    <Data Name="TransmittedServices">-</Data>
    <Data Name="LmPackageName">-</Data>
    <Data Name="KeyLength">0</Data>
    <Data Name="ProcessId">0x218</Data>
    <Data Name="ProcessName">C:\Windows\System32\services.exe</Data>
    <Data Name="IpAddress">-</Data>
    <Data Name="IpPort">-</Data>
  </EventData>
</Event>
Record 195
<?xml version="1.0" encoding="utf-8"?>
<Event xmlns="http://schemas.microsoft.com/win/2004/08/events/event">
  <System>
    <Provider Name="Microsoft-Windows-Security-Auditing" Guid="54849625-5478-4994-A5BA-3E3B0328C30D">
    </Provider>
    <EventID>4672</EventID>
    <Version>0</Version>
    <Level>0</Level>
    <Task>12548</Task>
    <Opcode>0</Opcode>
    <Keywords>0x8020000000000000</Keywords>
    <TimeCreated SystemTime="2016-07-08T22:29:44.155044Z">
    </TimeCreated>
    <EventRecordID>195</EventRecordID>
    <Correlation>
    </Correlation>
    <Execution ProcessID="552" ThreadID="2880">
    </Execution>
    <Channel>Security</Channel>
    <Computer>WIN-03DLIIOFRRA</Computer>
    <Security>
    </Security>
  </System>
  <EventData>
    <Data Name="SubjectUserSid">S-1-5-18</Data>
    <Data Name="SubjectUserName">SYSTEM</Data>
    <Data Name="SubjectDomainName">NT AUTHORITY</Data>
    <Data Name="SubjectLogonId">0x3e7</Data>
    <Data Name="PrivilegeList">SeAssignPrimaryTokenPrivilege
			SeTcbPrivilege
			SeSecurityPrivilege
			SeTakeOwnershipPrivilege
			SeLoadDriverPrivilege
			SeBackupPrivilege
			SeRestorePrivilege
			SeDebugPrivilege
			SeAuditPrivilege
			SeSystemEnvironmentPrivilege
			SeImpersonatePrivilege</Data>
  </EventData>
</Event>
Record 196
<?xml version="1.0" encoding="utf-8"?>
<Event xmlns="http://schemas.microsoft.com/win/2004/08/events/event">
  <System>
    <Provider Name="Microsoft-Windows-Security-Auditing" Guid="54849625-5478-4994-A5BA-3E3B0328C30D">
    </Provider>
    <EventID>4904</EventID>
    <Version>0</Version>
    <Level>0</Level>
    <Task>13568</Task>
    <Opcode>0</Opcode>
    <Keywords>0x8020000000000000</Keywords>
    <TimeCreated SystemTime="2016-07-08T22:29:49.053453Z">
    </TimeCreated>
    <EventRecordID>196</EventRecordID>
    <Correlation>
    </Correlation>
    <Execution ProcessID="552" ThreadID="2900">
    </Execution>
    <Channel>Security</Channel>
    <Computer>WIN-03DLIIOFRRA</Computer>
    <Security>
    </Security>
  </System>
  <EventData>
    <Data Name="SubjectUserSid">S-1-5-18</Data>
    <Data Name="SubjectUserName">WIN-03DLIIOFRRA$</Data>
    <Data Name="SubjectDomainName">WORKGROUP</Data>
    <Data Name="SubjectLogonId">0x3e7</Data>
    <Data Name="AuditSourceName">VSSAudit</Data>
    <Data Name="EventSourceId">0x166b5e</Data>
    <Data Name="ProcessId">0xaa4</Data>
    <Data Name="ProcessName">C:\Windows\System32\VSSVC.exe</Data>
  </EventData>
</Event>
Record 197
<?xml version="1.0" encoding="utf-8"?>
<Event xmlns="http://schemas.microsoft.com/win/2004/08/events/event">
  <System>
    <Provider Name="Microsoft-Windows-Security-Auditing" Guid="54849625-5478-4994-A5BA-3E3B0328C30D">
    </Provider>
    <EventID>4905</EventID>
    <Version>0</Version>
    <Level>0</Level>
    <Task>13568</Task>
    <Opcode>0</Opcode>
    <Keywords>0x8020000000000000</Keywords>
    <TimeCreated SystemTime="2016-07-08T22:29:49.053453Z">
    </TimeCreated>
    <EventRecordID>197</EventRecordID>
    <Correlation>
    </Correlation>
    <Execution ProcessID="552" ThreadID="2900">
    </Execution>
    <Channel>Security</Channel>
    <Computer>WIN-03DLIIOFRRA</Computer>
    <Security>
    </Security>
  </System>
  <EventData>
    <Data Name="SubjectUserSid">S-1-5-18</Data>
    <Data Name="SubjectUserName">WIN-03DLIIOFRRA$</Data>
    <Data Name="SubjectDomainName">WORKGROUP</Data>
    <Data Name="SubjectLogonId">0x3e7</Data>
    <Data Name="AuditSourceName">VSSAudit</Data>
    <Data Name="EventSourceId">0x166b5e</Data>
    <Data Name="ProcessId">0xaa4</Data>
    <Data Name="ProcessName">C:\Windows\System32\VSSVC.exe</Data>
  </EventData>
</Event>
Record 198
<?xml version="1.0" encoding="utf-8"?>
<Event xmlns="http://schemas.microsoft.com/win/2004/08/events/event">
  <System>
    <Provider Name="Microsoft-Windows-Security-Auditing" Guid="54849625-5478-4994-A5BA-3E3B0328C30D">
    </Provider>
    <EventID>4624</EventID>
    <Version>0</Version>
    <Level>0</Level>
    <Task>12544</Task>
    <Opcode>0</Opcode>
    <Keywords>0x8020000000000000</Keywords>
    <TimeCreated SystemTime="2016-07-08T22:30:34.524536Z">
    </TimeCreated>
    <EventRecordID>198</EventRecordID>
    <Correlation>
    </Correlation>
    <Execution ProcessID="552" ThreadID="2060">
    </Execution>
    <Channel>Security</Channel>
    <Computer>WIN-03DLIIOFRRA</Computer>
    <Security>
    </Security>
  </System>
  <EventData>
    <Data Name="SubjectUserSid">S-1-5-18</Data>
    <Data Name="SubjectUserName">WIN-03DLIIOFRRA$</Data>
    <Data Name="SubjectDomainName">WORKGROUP</Data>
    <Data Name="SubjectLogonId">0x3e7</Data>
    <Data Name="TargetUserSid">S-1-5-18</Data>
    <Data Name="TargetUserName">SYSTEM</Data>
    <Data Name="TargetDomainName">NT AUTHORITY</Data>
    <Data Name="TargetLogonId">0x3e7</Data>
    <Data Name="LogonType">5</Data>
    <Data Name="LogonProcessName">Advapi</Data>
    <Data Name="AuthenticationPackageName">Negotiate</Data>
    <Data Name="WorkstationName"></Data>
    <Data Name="LogonGuid">00000000-0000-0000-0000-000000000000</Data>
    <Data Name="TransmittedServices">-</Data>
    <Data Name="LmPackageName">-</Data>
    <Data Name="KeyLength">0</Data>
    <Data Name="ProcessId">0x218</Data>
    <Data Name="ProcessName">C:\Windows\System32\services.exe</Data>
    <Data Name="IpAddress">-</Data>
    <Data Name="IpPort">-</Data>
  </EventData>
</Event>
Record 199
<?xml version="1.0" encoding="utf-8"?>
<Event xmlns="http://schemas.microsoft.com/win/2004/08/events/event">
  <System>
    <Provider Name="Microsoft-Windows-Security-Auditing" Guid="54849625-5478-4994-A5BA-3E3B0328C30D">
    </Provider>
    <EventID>4672</EventID>
    <Version>0</Version>
    <Level>0</Level>
    <Task>12548</Task>
    <Opcode>0</Opcode>
    <Keywords>0x8020000000000000</Keywords>
    <TimeCreated SystemTime="2016-07-08T22:30:34.524536Z">
    </TimeCreated>
    <EventRecordID>199</EventRecordID>
    <Correlation>
    </Correlation>
    <Execution ProcessID="552" ThreadID="2060">
    </Execution>
    <Channel>Security</Channel>
    <Computer>WIN-03DLIIOFRRA</Computer>
    <Security>
    </Security>
  </System>
  <EventData>
    <Data Name="SubjectUserSid">S-1-5-18</Data>
    <Data Name="SubjectUserName">SYSTEM</Data>
    <Data Name="SubjectDomainName">NT AUTHORITY</Data>
    <Data Name="SubjectLogonId">0x3e7</Data>
    <Data Name="PrivilegeList">SeAssignPrimaryTokenPrivilege
			SeTcbPrivilege
			SeSecurityPrivilege
			SeTakeOwnershipPrivilege
			SeLoadDriverPrivilege
			SeBackupPrivilege
			SeRestorePrivilege
			SeDebugPrivilege
			SeAuditPrivilege
			SeSystemEnvironmentPrivilege
			SeImpersonatePrivilege</Data>
  </EventData>
</Event>
Record 200
<?xml version="1.0" encoding="utf-8"?>
<Event xmlns="http://schemas.microsoft.com/win/2004/08/events/event">
  <System>
    <Provider Name="Microsoft-Windows-Security-Auditing" Guid="54849625-5478-4994-A5BA-3E3B0328C30D">
    </Provider>
    <EventID>4624</EventID>
    <Version>0</Version>
    <Level>0</Level>
    <Task>12544</Task>
    <Opcode>0</Opcode>
    <Keywords>0x8020000000000000</Keywords>
    <TimeCreated SystemTime="2016-07-08T22:30:37.270141Z">
    </TimeCreated>
    <EventRecordID>200</EventRecordID>
    <Correlation>
    </Correlation>
    <Execution ProcessID="552" ThreadID="2880">
    </Execution>
    <Channel>Security</Channel>
    <Computer>WIN-03DLIIOFRRA</Computer>
    <Security>
    </Security>
  </System>
  <EventData>
    <Data Name="SubjectUserSid">S-1-5-18</Data>
    <Data Name="SubjectUserName">WIN-03DLIIOFRRA$</Data>
    <Data Name="SubjectDomainName">WORKGROUP</Data>
    <Data Name="SubjectLogonId">0x3e7</Data>
    <Data Name="TargetUserSid">S-1-5-18</Data>
    <Data Name="TargetUserName">SYSTEM</Data>
    <Data Name="TargetDomainName">NT AUTHORITY</Data>
    <Data Name="TargetLogonId">0x3e7</Data>
    <Data Name="LogonType">5</Data>
    <Data Name="LogonProcessName">Advapi</Data>
    <Data Name="AuthenticationPackageName">Negotiate</Data>
    <Data Name="WorkstationName"></Data>
    <Data Name="LogonGuid">00000000-0000-0000-0000-000000000000</Data>
    <Data Name="TransmittedServices">-</Data>
    <Data Name="LmPackageName">-</Data>
    <Data Name="KeyLength">0</Data>
    <Data Name="ProcessId">0x218</Data>
    <Data Name="ProcessName">C:\Windows\System32\services.exe</Data>
    <Data Name="IpAddress">-</Data>
    <Data Name="IpPort">-</Data>
  </EventData>
</Event>
Record 201
<?xml version="1.0" encoding="utf-8"?>
<Event xmlns="http://schemas.microsoft.com/win/2004/08/events/event">
  <System>
    <Provider Name="Microsoft-Windows-Security-Auditing" Guid="54849625-5478-4994-A5BA-3E3B0328C30D">
    </Provider>
    <EventID>4672</EventID>
    <Version>0</Version>
    <Level>0</Level>
    <Task>12548</Task>
    <Opcode>0</Opcode>
    <Keywords>0x8020000000000000</Keywords>
    <TimeCreated SystemTime="2016-07-08T22:30:37.270141Z">
    </TimeCreated>
    <EventRecordID>201</EventRecordID>
    <Correlation>
    </Correlation>
    <Execution ProcessID="552" ThreadID="2880">
    </Execution>
    <Channel>Security</Channel>
    <Computer>WIN-03DLIIOFRRA</Computer>
    <Security>
    </Security>
  </System>
  <EventData>
    <Data Name="SubjectUserSid">S-1-5-18</Data>
    <Data Name="SubjectUserName">SYSTEM</Data>
    <Data Name="SubjectDomainName">NT AUTHORITY</Data>
    <Data Name="SubjectLogonId">0x3e7</Data>
    <Data Name="PrivilegeList">SeAssignPrimaryTokenPrivilege
			SeTcbPrivilege
			SeSecurityPrivilege
			SeTakeOwnershipPrivilege
			SeLoadDriverPrivilege
			SeBackupPrivilege
			SeRestorePrivilege
			SeDebugPrivilege
			SeAuditPrivilege
			SeSystemEnvironmentPrivilege
			SeImpersonatePrivilege</Data>
  </EventData>
</Event>
Record 202
<?xml version="1.0" encoding="utf-8"?>
<Event xmlns="http://schemas.microsoft.com/win/2004/08/events/event">
  <System>
    <Provider Name="Microsoft-Windows-Security-Auditing" Guid="54849625-5478-4994-A5BA-3E3B0328C30D">
    </Provider>
    <EventID>4624</EventID>
    <Version>0</Version>
    <Level>0</Level>
    <Task>12544</Task>
    <Opcode>0</Opcode>
    <Keywords>0x8020000000000000</Keywords>
    <TimeCreated SystemTime="2016-07-08T22:32:18.015118Z">
    </TimeCreated>
    <EventRecordID>202</EventRecordID>
    <Correlation>
    </Correlation>
    <Execution ProcessID="552" ThreadID="1696">
    </Execution>
    <Channel>Security</Channel>
    <Computer>WIN-03DLIIOFRRA</Computer>
    <Security>
    </Security>
  </System>
  <EventData>
    <Data Name="SubjectUserSid">S-1-5-18</Data>
    <Data Name="SubjectUserName">WIN-03DLIIOFRRA$</Data>
    <Data Name="SubjectDomainName">WORKGROUP</Data>
    <Data Name="SubjectLogonId">0x3e7</Data>
    <Data Name="TargetUserSid">S-1-5-18</Data>
    <Data Name="TargetUserName">SYSTEM</Data>
    <Data Name="TargetDomainName">NT AUTHORITY</Data>
    <Data Name="TargetLogonId">0x3e7</Data>
    <Data Name="LogonType">5</Data>
    <Data Name="LogonProcessName">Advapi</Data>
    <Data Name="AuthenticationPackageName">Negotiate</Data>
    <Data Name="WorkstationName"></Data>
    <Data Name="LogonGuid">00000000-0000-0000-0000-000000000000</Data>
    <Data Name="TransmittedServices">-</Data>
    <Data Name="LmPackageName">-</Data>
    <Data Name="KeyLength">0</Data>
    <Data Name="ProcessId">0x218</Data>
    <Data Name="ProcessName">C:\Windows\System32\services.exe</Data>
    <Data Name="IpAddress">-</Data>
    <Data Name="IpPort">-</Data>
  </EventData>
</Event>
Record 203
<?xml version="1.0" encoding="utf-8"?>
<Event xmlns="http://schemas.microsoft.com/win/2004/08/events/event">
  <System>
    <Provider Name="Microsoft-Windows-Security-Auditing" Guid="54849625-5478-4994-A5BA-3E3B0328C30D">
    </Provider>
    <EventID>4672</EventID>
    <Version>0</Version>
    <Level>0</Level>
    <Task>12548</Task>
    <Opcode>0</Opcode>
    <Keywords>0x8020000000000000</Keywords>
    <TimeCreated SystemTime="2016-07-08T22:32:18.015118Z">
    </TimeCreated>
    <EventRecordID>203</EventRecordID>
    <Correlation>
    </Correlation>
    <Execution ProcessID="552" ThreadID="1696">
    </Execution>
    <Channel>Security</Channel>
    <Computer>WIN-03DLIIOFRRA</Computer>
    <Security>
    </Security>
  </System>
  <EventData>
    <Data Name="SubjectUserSid">S-1-5-18</Data>
    <Data Name="SubjectUserName">SYSTEM</Data>
    <Data Name="SubjectDomainName">NT AUTHORITY</Data>
    <Data Name="SubjectLogonId">0x3e7</Data>
    <Data Name="PrivilegeList">SeAssignPrimaryTokenPrivilege
			SeTcbPrivilege
			SeSecurityPrivilege
			SeTakeOwnershipPrivilege
			SeLoadDriverPrivilege
			SeBackupPrivilege
			SeRestorePrivilege
			SeDebugPrivilege
			SeAuditPrivilege
			SeSystemEnvironmentPrivilege
			SeImpersonatePrivilege</Data>
  </EventData>
</Event>
Record 204
<?xml version="1.0" encoding="utf-8"?>
<Event xmlns="http://schemas.microsoft.com/win/2004/08/events/event">
  <System>
    <Provider Name="Microsoft-Windows-Security-Auditing" Guid="54849625-5478-4994-A5BA-3E3B0328C30D">
    </Provider>
    <EventID>4624</EventID>
    <Version>0</Version>
    <Level>0</Level>
    <Task>12544</Task>
    <Opcode>0</Opcode>
    <Keywords>0x8020000000000000</Keywords>
    <TimeCreated SystemTime="2016-07-08T22:40:39.561223Z">
    </TimeCreated>
    <EventRecordID>204</EventRecordID>
    <Correlation>
    </Correlation>
    <Execution ProcessID="552" ThreadID="3664">
    </Execution>
    <Channel>Security</Channel>
    <Computer>WIN-03DLIIOFRRA</Computer>
    <Security>
    </Security>
  </System>
  <EventData>
    <Data Name="SubjectUserSid">S-1-5-18</Data>
    <Data Name="SubjectUserName">WIN-03DLIIOFRRA$</Data>
    <Data Name="SubjectDomainName">WORKGROUP</Data>
    <Data Name="SubjectLogonId">0x3e7</Data>
    <Data Name="TargetUserSid">S-1-5-18</Data>
    <Data Name="TargetUserName">SYSTEM</Data>
    <Data Name="TargetDomainName">NT AUTHORITY</Data>
    <Data Name="TargetLogonId">0x3e7</Data>
    <Data Name="LogonType">5</Data>
    <Data Name="LogonProcessName">Advapi</Data>
    <Data Name="AuthenticationPackageName">Negotiate</Data>
    <Data Name="WorkstationName"></Data>
    <Data Name="LogonGuid">00000000-0000-0000-0000-000000000000</Data>
    <Data Name="TransmittedServices">-</Data>
    <Data Name="LmPackageName">-</Data>
    <Data Name="KeyLength">0</Data>
    <Data Name="ProcessId">0x218</Data>
    <Data Name="ProcessName">C:\Windows\System32\services.exe</Data>
    <Data Name="IpAddress">-</Data>
    <Data Name="IpPort">-</Data>
  </EventData>
</Event>
Record 205
<?xml version="1.0" encoding="utf-8"?>
<Event xmlns="http://schemas.microsoft.com/win/2004/08/events/event">
  <System>
    <Provider Name="Microsoft-Windows-Security-Auditing" Guid="54849625-5478-4994-A5BA-3E3B0328C30D">
    </Provider>
    <EventID>4672</EventID>
    <Version>0</Version>
    <Level>0</Level>
    <Task>12548</Task>
    <Opcode>0</Opcode>
    <Keywords>0x8020000000000000</Keywords>
    <TimeCreated SystemTime="2016-07-08T22:40:39.561223Z">
    </TimeCreated>
    <EventRecordID>205</EventRecordID>
    <Correlation>
    </Correlation>
    <Execution ProcessID="552" ThreadID="3664">
    </Execution>
    <Channel>Security</Channel>
    <Computer>WIN-03DLIIOFRRA</Computer>
    <Security>
    </Security>
  </System>
  <EventData>
    <Data Name="SubjectUserSid">S-1-5-18</Data>
    <Data Name="SubjectUserName">SYSTEM</Data>
    <Data Name="SubjectDomainName">NT AUTHORITY</Data>
    <Data Name="SubjectLogonId">0x3e7</Data>
    <Data Name="PrivilegeList">SeAssignPrimaryTokenPrivilege
			SeTcbPrivilege
			SeSecurityPrivilege
			SeTakeOwnershipPrivilege
			SeLoadDriverPrivilege
			SeBackupPrivilege
			SeRestorePrivilege
			SeDebugPrivilege
			SeAuditPrivilege
			SeSystemEnvironmentPrivilege
			SeImpersonatePrivilege</Data>
  </EventData>
</Event>
Record 206
<?xml version="1.0" encoding="utf-8"?>
<Event xmlns="http://schemas.microsoft.com/win/2004/08/events/event">
  <System>
    <Provider Name="Microsoft-Windows-Security-Auditing" Guid="54849625-5478-4994-A5BA-3E3B0328C30D">
    </Provider>
    <EventID>4624</EventID>
    <Version>0</Version>
    <Level>0</Level>
    <Task>12544</Task>
    <Opcode>0</Opcode>
    <Keywords>0x8020000000000000</Keywords>
    <TimeCreated SystemTime="2016-07-08T22:40:39.592423Z">
    </TimeCreated>
    <EventRecordID>206</EventRecordID>
    <Correlation>
    </Correlation>
    <Execution ProcessID="552" ThreadID="624">
    </Execution>
    <Channel>Security</Channel>
    <Computer>WIN-03DLIIOFRRA</Computer>
    <Security>
    </Security>
  </System>
  <EventData>
    <Data Name="SubjectUserSid">S-1-5-18</Data>
    <Data Name="SubjectUserName">WIN-03DLIIOFRRA$</Data>
    <Data Name="SubjectDomainName">WORKGROUP</Data>
    <Data Name="SubjectLogonId">0x3e7</Data>
    <Data Name="TargetUserSid">S-1-5-18</Data>
    <Data Name="TargetUserName">SYSTEM</Data>
    <Data Name="TargetDomainName">NT AUTHORITY</Data>
    <Data Name="TargetLogonId">0x3e7</Data>
    <Data Name="LogonType">5</Data>
    <Data Name="LogonProcessName">Advapi</Data>
    <Data Name="AuthenticationPackageName">Negotiate</Data>
    <Data Name="WorkstationName"></Data>
    <Data Name="LogonGuid">00000000-0000-0000-0000-000000000000</Data>
    <Data Name="TransmittedServices">-</Data>
    <Data Name="LmPackageName">-</Data>
    <Data Name="KeyLength">0</Data>
    <Data Name="ProcessId">0x218</Data>
    <Data Name="ProcessName">C:\Windows\System32\services.exe</Data>
    <Data Name="IpAddress">-</Data>
    <Data Name="IpPort">-</Data>
  </EventData>
</Event>
Record 207
<?xml version="1.0" encoding="utf-8"?>
<Event xmlns="http://schemas.microsoft.com/win/2004/08/events/event">
  <System>
    <Provider Name="Microsoft-Windows-Security-Auditing" Guid="54849625-5478-4994-A5BA-3E3B0328C30D">
    </Provider>
    <EventID>4672</EventID>
    <Version>0</Version>
    <Level>0</Level>
    <Task>12548</Task>
    <Opcode>0</Opcode>
    <Keywords>0x8020000000000000</Keywords>
    <TimeCreated SystemTime="2016-07-08T22:40:39.592423Z">
    </TimeCreated>
    <EventRecordID>207</EventRecordID>
    <Correlation>
    </Correlation>
    <Execution ProcessID="552" ThreadID="624">
    </Execution>
    <Channel>Security</Channel>
    <Computer>WIN-03DLIIOFRRA</Computer>
    <Security>
    </Security>
  </System>
  <EventData>
    <Data Name="SubjectUserSid">S-1-5-18</Data>
    <Data Name="SubjectUserName">SYSTEM</Data>
    <Data Name="SubjectDomainName">NT AUTHORITY</Data>
    <Data Name="SubjectLogonId">0x3e7</Data>
    <Data Name="PrivilegeList">SeAssignPrimaryTokenPrivilege
			SeTcbPrivilege
			SeSecurityPrivilege
			SeTakeOwnershipPrivilege
			SeLoadDriverPrivilege
			SeBackupPrivilege
			SeRestorePrivilege
			SeDebugPrivilege
			SeAuditPrivilege
			SeSystemEnvironmentPrivilege
			SeImpersonatePrivilege</Data>
  </EventData>
</Event>
Record 208
<?xml version="1.0" encoding="utf-8"?>
<Event xmlns="http://schemas.microsoft.com/win/2004/08/events/event">
  <System>
    <Provider Name="Microsoft-Windows-Security-Auditing" Guid="54849625-5478-4994-A5BA-3E3B0328C30D">
    </Provider>
    <EventID>4904</EventID>
    <Version>0</Version>
    <Level>0</Level>
    <Task>13568</Task>
    <Opcode>0</Opcode>
    <Keywords>0x8020000000000000</Keywords>
    <TimeCreated SystemTime="2016-07-08T22:40:43.757630Z">
    </TimeCreated>
    <EventRecordID>208</EventRecordID>
    <Correlation>
    </Correlation>
    <Execution ProcessID="552" ThreadID="2736">
    </Execution>
    <Channel>Security</Channel>
    <Computer>WIN-03DLIIOFRRA</Computer>
    <Security>
    </Security>
  </System>
  <EventData>
    <Data Name="SubjectUserSid">S-1-5-18</Data>
    <Data Name="SubjectUserName">WIN-03DLIIOFRRA$</Data>
    <Data Name="SubjectDomainName">WORKGROUP</Data>
    <Data Name="SubjectLogonId">0x3e7</Data>
    <Data Name="AuditSourceName">VSSAudit</Data>
    <Data Name="EventSourceId">0x316541</Data>
    <Data Name="ProcessId">0x560</Data>
    <Data Name="ProcessName">C:\Windows\System32\VSSVC.exe</Data>
  </EventData>
</Event>
Record 209
<?xml version="1.0" encoding="utf-8"?>
<Event xmlns="http://schemas.microsoft.com/win/2004/08/events/event">
  <System>
    <Provider Name="Microsoft-Windows-Security-Auditing" Guid="54849625-5478-4994-A5BA-3E3B0328C30D">
    </Provider>
    <EventID>4905</EventID>
    <Version>0</Version>
    <Level>0</Level>
    <Task>13568</Task>
    <Opcode>0</Opcode>
    <Keywords>0x8020000000000000</Keywords>
    <TimeCreated SystemTime="2016-07-08T22:40:43.757630Z">
    </TimeCreated>
    <EventRecordID>209</EventRecordID>
    <Correlation>
    </Correlation>
    <Execution ProcessID="552" ThreadID="2736">
    </Execution>
    <Channel>Security</Channel>
    <Computer>WIN-03DLIIOFRRA</Computer>
    <Security>
    </Security>
  </System>
  <EventData>
    <Data Name="SubjectUserSid">S-1-5-18</Data>
    <Data Name="SubjectUserName">WIN-03DLIIOFRRA$</Data>
    <Data Name="SubjectDomainName">WORKGROUP</Data>
    <Data Name="SubjectLogonId">0x3e7</Data>
    <Data Name="AuditSourceName">VSSAudit</Data>
    <Data Name="EventSourceId">0x316541</Data>
    <Data Name="ProcessId">0x560</Data>
    <Data Name="ProcessName">C:\Windows\System32\VSSVC.exe</Data>
  </EventData>
</Event>
Record 210
<?xml version="1.0" encoding="utf-8"?>
<Event xmlns="http://schemas.microsoft.com/win/2004/08/events/event">
  <System>
    <Provider Name="Microsoft-Windows-Security-Auditing" Guid="54849625-5478-4994-A5BA-3E3B0328C30D">
    </Provider>
    <EventID>4907</EventID>
    <Version>0</Version>
    <Level>0</Level>
    <Task>13568</Task>
    <Opcode>0</Opcode>
    <Keywords>0x8020000000000000</Keywords>
    <TimeCreated SystemTime="2016-07-08T22:40:44.397231Z">
    </TimeCreated>
    <EventRecordID>210</EventRecordID>
    <Correlation>
    </Correlation>
    <Execution ProcessID="552" ThreadID="568">
    </Execution>
    <Channel>Security</Channel>
    <Computer>WIN-03DLIIOFRRA</Computer>
    <Security>
    </Security>
  </System>
  <EventData>
    <Data Name="SubjectUserSid">S-1-5-18</Data>
    <Data Name="SubjectUserName">WIN-03DLIIOFRRA$</Data>
    <Data Name="SubjectDomainName">WORKGROUP</Data>
    <Data Name="SubjectLogonId">0x3e7</Data>
    <Data Name="ObjectServer">Security</Data>
    <Data Name="ObjectType">File</Data>
    <Data Name="ObjectName">C:\Windows\winsxs\Temp\PendingRenames\de5a6dc369d9d10186000000140f900d.desktop.ini</Data>
    <Data Name="HandleId">0xb0c</Data>
    <Data Name="OldSd"></Data>
    <Data Name="NewSd">S:ARAI</Data>
    <Data Name="ProcessId">0xf14</Data>
    <Data Name="ProcessName">C:\Windows\servicing\TrustedInstaller.exe</Data>
  </EventData>
</Event>
