Record 489
<?xml version="1.0" encoding="utf-8"?>
<Event xmlns="http://schemas.microsoft.com/win/2004/08/events/event">
  <System>
    <Provider Name="Microsoft-Windows-Security-Auditing" Guid="54849625-5478-4994-A5BA-3E3B0328C30D">
    </Provider>
    <EventID>4624</EventID>
    <Version>0</Version>
    <Level>0</Level>
    <Task>12544</Task>
    <Opcode>0</Opcode>
    <Keywords>0x8020000000000000</Keywords>
    <TimeCreated SystemTime="2016-07-09T00:08:40.810019Z">
    </TimeCreated>
    <EventRecordID>489</EventRecordID>
    <Correlation>
    </Correlation>
    <Execution ProcessID="536" ThreadID="596">
    </Execution>
    <Channel>Security</Channel>
    <Computer>WIN-03DLIIOFRRA</Computer>
    <Security>
    </Security>
  </System>
  <EventData>
    <Data Name="SubjectUserSid">S-1-5-18</Data>
    <Data Name="SubjectUserName">WIN-03DLIIOFRRA$</Data>
    <Data Name="SubjectDomainName">WORKGROUP</Data>
    <Data Name="SubjectLogonId">0x3e7</Data>
    <Data Name="TargetUserSid">S-1-5-18</Data>
    <Data Name="TargetUserName">SYSTEM</Data>
    <Data Name="TargetDomainName">NT AUTHORITY</Data>
    <Data Name="TargetLogonId">0x3e7</Data>
    <Data Name="LogonType">5</Data>
    <Data Name="LogonProcessName">Advapi</Data>
    <Data Name="AuthenticationPackageName">Negotiate</Data>
    <Data Name="WorkstationName"></Data>
    <Data Name="LogonGuid">00000000-0000-0000-0000-000000000000</Data>
    <Data Name="TransmittedServices">-</Data>
    <Data Name="LmPackageName">-</Data>
    <Data Name="KeyLength">0</Data>
    <Data Name="ProcessId">0x1e4</Data>
    <Data Name="ProcessName">C:\Windows\System32\services.exe</Data>
    <Data Name="IpAddress">-</Data>
    <Data Name="IpPort">-</Data>
  </EventData>
</Event>
Record 490
<?xml version="1.0" encoding="utf-8"?>
<Event xmlns="http://schemas.microsoft.com/win/2004/08/events/event">
  <System>
    <Provider Name="Microsoft-Windows-Security-Auditing" Guid="54849625-5478-4994-A5BA-3E3B0328C30D">
    </Provider>
    <EventID>4672</EventID>
    <Version>0</Version>
    <Level>0</Level>
    <Task>12548</Task>
    <Opcode>0</Opcode>
    <Keywords>0x8020000000000000</Keywords>
    <TimeCreated SystemTime="2016-07-09T00:08:40.810019Z">
    </TimeCreated>
    <EventRecordID>490</EventRecordID>
    <Correlation>
    </Correlation>
    <Execution ProcessID="536" ThreadID="596">
    </Execution>
    <Channel>Security</Channel>
    <Computer>WIN-03DLIIOFRRA</Computer>
    <Security>
    </Security>
  </System>
  <EventData>
    <Data Name="SubjectUserSid">S-1-5-18</Data>
    <Data Name="SubjectUserName">SYSTEM</Data>
    <Data Name="SubjectDomainName">NT AUTHORITY</Data>
    <Data Name="SubjectLogonId">0x3e7</Data>
    <Data Name="PrivilegeList">SeAssignPrimaryTokenPrivilege
			SeTcbPrivilege
			SeSecurityPrivilege
			SeTakeOwnershipPrivilege
			SeLoadDriverPrivilege
			SeBackupPrivilege
			SeRestorePrivilege
			SeDebugPrivilege
			SeAuditPrivilege
			SeSystemEnvironmentPrivilege
			SeImpersonatePrivilege</Data>
  </EventData>
</Event>
Record 491
<?xml version="1.0" encoding="utf-8"?>
<Event xmlns="http://schemas.microsoft.com/win/2004/08/events/event">
  <System>
    <Provider Name="Microsoft-Windows-Security-Auditing" Guid="54849625-5478-4994-A5BA-3E3B0328C30D">
    </Provider>
    <EventID>4624</EventID>
    <Version>0</Version>
    <Level>0</Level>
    <Task>12544</Task>
    <Opcode>0</Opcode>
    <Keywords>0x8020000000000000</Keywords>
    <TimeCreated SystemTime="2016-07-09T00:08:40.903620Z">
    </TimeCreated>
    <EventRecordID>491</EventRecordID>
    <Correlation>
    </Correlation>
    <Execution ProcessID="536" ThreadID="596">
    </Execution>
    <Channel>Security</Channel>
    <Computer>WIN-03DLIIOFRRA</Computer>
    <Security>
    </Security>
  </System>
  <EventData>
    <Data Name="SubjectUserSid">S-1-5-18</Data>
    <Data Name="SubjectUserName">WIN-03DLIIOFRRA$</Data>
    <Data Name="SubjectDomainName">WORKGROUP</Data>
    <Data Name="SubjectLogonId">0x3e7</Data>
    <Data Name="TargetUserSid">S-1-5-20</Data>
    <Data Name="TargetUserName">NETWORK SERVICE</Data>
    <Data Name="TargetDomainName">NT AUTHORITY</Data>
    <Data Name="TargetLogonId">0x3e4</Data>
    <Data Name="LogonType">5</Data>
    <Data Name="LogonProcessName">Advapi</Data>
    <Data Name="AuthenticationPackageName">Negotiate</Data>
    <Data Name="WorkstationName"></Data>
    <Data Name="LogonGuid">00000000-0000-0000-0000-000000000000</Data>
    <Data Name="TransmittedServices">-</Data>
    <Data Name="LmPackageName">-</Data>
    <Data Name="KeyLength">0</Data>
    <Data Name="ProcessId">0x1e4</Data>
    <Data Name="ProcessName">C:\Windows\System32\services.exe</Data>
    <Data Name="IpAddress">-</Data>
    <Data Name="IpPort">-</Data>
  </EventData>
</Event>
Record 492
<?xml version="1.0" encoding="utf-8"?>
<Event xmlns="http://schemas.microsoft.com/win/2004/08/events/event">
  <System>
    <Provider Name="Microsoft-Windows-Security-Auditing" Guid="54849625-5478-4994-A5BA-3E3B0328C30D">
    </Provider>
    <EventID>4672</EventID>
    <Version>0</Version>
    <Level>0</Level>
    <Task>12548</Task>
    <Opcode>0</Opcode>
    <Keywords>0x8020000000000000</Keywords>
    <TimeCreated SystemTime="2016-07-09T00:08:40.903620Z">
    </TimeCreated>
    <EventRecordID>492</EventRecordID>
    <Correlation>
    </Correlation>
    <Execution ProcessID="536" ThreadID="596">
    </Execution>
    <Channel>Security</Channel>
    <Computer>WIN-03DLIIOFRRA</Computer>
    <Security>
    </Security>
  </System>
  <EventData>
    <Data Name="SubjectUserSid">S-1-5-20</Data>
    <Data Name="SubjectUserName">NETWORK SERVICE</Data>
    <Data Name="SubjectDomainName">NT AUTHORITY</Data>
    <Data Name="SubjectLogonId">0x3e4</Data>
    <Data Name="PrivilegeList">SeAssignPrimaryTokenPrivilege
			SeAuditPrivilege
			SeImpersonatePrivilege</Data>
  </EventData>
</Event>
Record 493
<?xml version="1.0" encoding="utf-8"?>
<Event xmlns="http://schemas.microsoft.com/win/2004/08/events/event">
  <System>
    <Provider Name="Microsoft-Windows-Security-Auditing" Guid="54849625-5478-4994-A5BA-3E3B0328C30D">
    </Provider>
    <EventID>4624</EventID>
    <Version>0</Version>
    <Level>0</Level>
    <Task>12544</Task>
    <Opcode>0</Opcode>
    <Keywords>0x8020000000000000</Keywords>
    <TimeCreated SystemTime="2016-07-09T00:08:40.934820Z">
    </TimeCreated>
    <EventRecordID>493</EventRecordID>
    <Correlation>
    </Correlation>
    <Execution ProcessID="536" ThreadID="596">
    </Execution>
    <Channel>Security</Channel>
    <Computer>WIN-03DLIIOFRRA</Computer>
    <Security>
    </Security>
  </System>
  <EventData>
    <Data Name="SubjectUserSid">S-1-5-18</Data>
    <Data Name="SubjectUserName">WIN-03DLIIOFRRA$</Data>
    <Data Name="SubjectDomainName">WORKGROUP</Data>
    <Data Name="SubjectLogonId">0x3e7</Data>
    <Data Name="TargetUserSid">S-1-5-19</Data>
    <Data Name="TargetUserName">LOCAL SERVICE</Data>
    <Data Name="TargetDomainName">NT AUTHORITY</Data>
    <Data Name="TargetLogonId">0x3e5</Data>
    <Data Name="LogonType">5</Data>
    <Data Name="LogonProcessName">Advapi</Data>
    <Data Name="AuthenticationPackageName">Negotiate</Data>
    <Data Name="WorkstationName"></Data>
    <Data Name="LogonGuid">00000000-0000-0000-0000-000000000000</Data>
    <Data Name="TransmittedServices">-</Data>
    <Data Name="LmPackageName">-</Data>
    <Data Name="KeyLength">0</Data>
    <Data Name="ProcessId">0x1e4</Data>
    <Data Name="ProcessName">C:\Windows\System32\services.exe</Data>
    <Data Name="IpAddress">-</Data>
    <Data Name="IpPort">-</Data>
  </EventData>
</Event>
Record 494
<?xml version="1.0" encoding="utf-8"?>
<Event xmlns="http://schemas.microsoft.com/win/2004/08/events/event">
  <System>
    <Provider Name="Microsoft-Windows-Security-Auditing" Guid="54849625-5478-4994-A5BA-3E3B0328C30D">
    </Provider>
    <EventID>4672</EventID>
    <Version>0</Version>
    <Level>0</Level>
    <Task>12548</Task>
    <Opcode>0</Opcode>
    <Keywords>0x8020000000000000</Keywords>
    <TimeCreated SystemTime="2016-07-09T00:08:40.934820Z">
    </TimeCreated>
    <EventRecordID>494</EventRecordID>
    <Correlation>
    </Correlation>
    <Execution ProcessID="536" ThreadID="596">
    </Execution>
    <Channel>Security</Channel>
    <Computer>WIN-03DLIIOFRRA</Computer>
    <Security>
    </Security>
  </System>
  <EventData>
    <Data Name="SubjectUserSid">S-1-5-19</Data>
    <Data Name="SubjectUserName">LOCAL SERVICE</Data>
    <Data Name="SubjectDomainName">NT AUTHORITY</Data>
    <Data Name="SubjectLogonId">0x3e5</Data>
    <Data Name="PrivilegeList">SeAssignPrimaryTokenPrivilege
			SeAuditPrivilege
			SeImpersonatePrivilege</Data>
  </EventData>
</Event>
Record 495
<?xml version="1.0" encoding="utf-8"?>
<Event xmlns="http://schemas.microsoft.com/win/2004/08/events/event">
  <System>
    <Provider Name="Microsoft-Windows-Security-Auditing" Guid="54849625-5478-4994-A5BA-3E3B0328C30D">
    </Provider>
    <EventID>4624</EventID>
    <Version>0</Version>
    <Level>0</Level>
    <Task>12544</Task>
    <Opcode>0</Opcode>
    <Keywords>0x8020000000000000</Keywords>
    <TimeCreated SystemTime="2016-07-09T00:08:40.981620Z">
    </TimeCreated>
    <EventRecordID>495</EventRecordID>
    <Correlation>
    </Correlation>
    <Execution ProcessID="536" ThreadID="592">
    </Execution>
    <Channel>Security</Channel>
    <Computer>WIN-03DLIIOFRRA</Computer>
    <Security>
    </Security>
  </System>
  <EventData>
    <Data Name="SubjectUserSid">S-1-5-18</Data>
    <Data Name="SubjectUserName">WIN-03DLIIOFRRA$</Data>
    <Data Name="SubjectDomainName">WORKGROUP</Data>
    <Data Name="SubjectLogonId">0x3e7</Data>
    <Data Name="TargetUserSid">S-1-5-18</Data>
    <Data Name="TargetUserName">SYSTEM</Data>
    <Data Name="TargetDomainName">NT AUTHORITY</Data>
    <Data Name="TargetLogonId">0x3e7</Data>
    <Data Name="LogonType">5</Data>
    <Data Name="LogonProcessName">Advapi</Data>
    <Data Name="AuthenticationPackageName">Negotiate</Data>
    <Data Name="WorkstationName"></Data>
    <Data Name="LogonGuid">00000000-0000-0000-0000-000000000000</Data>
    <Data Name="TransmittedServices">-</Data>
    <Data Name="LmPackageName">-</Data>
    <Data Name="KeyLength">0</Data>
    <Data Name="ProcessId">0x1e4</Data>
    <Data Name="ProcessName">C:\Windows\System32\services.exe</Data>
    <Data Name="IpAddress">-</Data>
    <Data Name="IpPort">-</Data>
  </EventData>
</Event>
Record 496
<?xml version="1.0" encoding="utf-8"?>
<Event xmlns="http://schemas.microsoft.com/win/2004/08/events/event">
  <System>
    <Provider Name="Microsoft-Windows-Security-Auditing" Guid="54849625-5478-4994-A5BA-3E3B0328C30D">
    </Provider>
    <EventID>4672</EventID>
    <Version>0</Version>
    <Level>0</Level>
    <Task>12548</Task>
    <Opcode>0</Opcode>
    <Keywords>0x8020000000000000</Keywords>
    <TimeCreated SystemTime="2016-07-09T00:08:40.981620Z">
    </TimeCreated>
    <EventRecordID>496</EventRecordID>
    <Correlation>
    </Correlation>
    <Execution ProcessID="536" ThreadID="592">
    </Execution>
    <Channel>Security</Channel>
    <Computer>WIN-03DLIIOFRRA</Computer>
    <Security>
    </Security>
  </System>
  <EventData>
    <Data Name="SubjectUserSid">S-1-5-18</Data>
    <Data Name="SubjectUserName">SYSTEM</Data>
    <Data Name="SubjectDomainName">NT AUTHORITY</Data>
    <Data Name="SubjectLogonId">0x3e7</Data>
    <Data Name="PrivilegeList">SeAssignPrimaryTokenPrivilege
			SeTcbPrivilege
			SeSecurityPrivilege
			SeTakeOwnershipPrivilege
			SeLoadDriverPrivilege
			SeBackupPrivilege
			SeRestorePrivilege
			SeDebugPrivilege
			SeAuditPrivilege
			SeSystemEnvironmentPrivilege
			SeImpersonatePrivilege</Data>
  </EventData>
</Event>
Record 497
<?xml version="1.0" encoding="utf-8"?>
<Event xmlns="http://schemas.microsoft.com/win/2004/08/events/event">
  <System>
    <Provider Name="Microsoft-Windows-Security-Auditing" Guid="54849625-5478-4994-A5BA-3E3B0328C30D">
    </Provider>
    <EventID>4624</EventID>
    <Version>0</Version>
    <Level>0</Level>
    <Task>12544</Task>
    <Opcode>0</Opcode>
    <Keywords>0x8020000000000000</Keywords>
    <TimeCreated SystemTime="2016-07-09T00:08:40.997220Z">
    </TimeCreated>
    <EventRecordID>497</EventRecordID>
    <Correlation>
    </Correlation>
    <Execution ProcessID="536" ThreadID="592">
    </Execution>
    <Channel>Security</Channel>
    <Computer>WIN-03DLIIOFRRA</Computer>
    <Security>
    </Security>
  </System>
  <EventData>
    <Data Name="SubjectUserSid">S-1-5-18</Data>
    <Data Name="SubjectUserName">WIN-03DLIIOFRRA$</Data>
    <Data Name="SubjectDomainName">WORKGROUP</Data>
    <Data Name="SubjectLogonId">0x3e7</Data>
    <Data Name="TargetUserSid">S-1-5-18</Data>
    <Data Name="TargetUserName">SYSTEM</Data>
    <Data Name="TargetDomainName">NT AUTHORITY</Data>
    <Data Name="TargetLogonId">0x3e7</Data>
    <Data Name="LogonType">5</Data>
    <Data Name="LogonProcessName">Advapi</Data>
    <Data Name="AuthenticationPackageName">Negotiate</Data>
    <Data Name="WorkstationName"></Data>
    <Data Name="LogonGuid">00000000-0000-0000-0000-000000000000</Data>
    <Data Name="TransmittedServices">-</Data>
    <Data Name="LmPackageName">-</Data>
    <Data Name="KeyLength">0</Data>
    <Data Name="ProcessId">0x1e4</Data>
    <Data Name="ProcessName">C:\Windows\System32\services.exe</Data>
    <Data Name="IpAddress">-</Data>
    <Data Name="IpPort">-</Data>
  </EventData>
</Event>
Record 498
<?xml version="1.0" encoding="utf-8"?>
<Event xmlns="http://schemas.microsoft.com/win/2004/08/events/event">
  <System>
    <Provider Name="Microsoft-Windows-Security-Auditing" Guid="54849625-5478-4994-A5BA-3E3B0328C30D">
    </Provider>
    <EventID>4672</EventID>
    <Version>0</Version>
    <Level>0</Level>
    <Task>12548</Task>
    <Opcode>0</Opcode>
    <Keywords>0x8020000000000000</Keywords>
    <TimeCreated SystemTime="2016-07-09T00:08:40.997220Z">
    </TimeCreated>
    <EventRecordID>498</EventRecordID>
    <Correlation>
    </Correlation>
    <Execution ProcessID="536" ThreadID="592">
    </Execution>
    <Channel>Security</Channel>
    <Computer>WIN-03DLIIOFRRA</Computer>
    <Security>
    </Security>
  </System>
  <EventData>
    <Data Name="SubjectUserSid">S-1-5-18</Data>
    <Data Name="SubjectUserName">SYSTEM</Data>
    <Data Name="SubjectDomainName">NT AUTHORITY</Data>
    <Data Name="SubjectLogonId">0x3e7</Data>
    <Data Name="PrivilegeList">SeAssignPrimaryTokenPrivilege
			SeTcbPrivilege
			SeSecurityPrivilege
			SeTakeOwnershipPrivilege
			SeLoadDriverPrivilege
			SeBackupPrivilege
			SeRestorePrivilege
			SeDebugPrivilege
			SeAuditPrivilege
			SeSystemEnvironmentPrivilege
			SeImpersonatePrivilege</Data>
  </EventData>
</Event>
Record 499
<?xml version="1.0" encoding="utf-8"?>
<Event xmlns="http://schemas.microsoft.com/win/2004/08/events/event">
  <System>
    <Provider Name="Microsoft-Windows-Security-Auditing" Guid="54849625-5478-4994-A5BA-3E3B0328C30D">
    </Provider>
    <EventID>4648</EventID>
    <Version>0</Version>
    <Level>0</Level>
    <Task>12544</Task>
    <Opcode>0</Opcode>
    <Keywords>0x8020000000000000</Keywords>
    <TimeCreated SystemTime="2016-07-09T00:08:41.512021Z">
    </TimeCreated>
    <EventRecordID>499</EventRecordID>
    <Correlation>
    </Correlation>
    <Execution ProcessID="536" ThreadID="592">
    </Execution>
    <Channel>Security</Channel>
    <Computer>WIN-03DLIIOFRRA</Computer>
    <Security>
    </Security>
  </System>
  <EventData>
    <Data Name="SubjectUserSid">S-1-5-18</Data>
    <Data Name="SubjectUserName">WIN-03DLIIOFRRA$</Data>
    <Data Name="SubjectDomainName">WORKGROUP</Data>
    <Data Name="SubjectLogonId">0x3e7</Data>
    <Data Name="LogonGuid">00000000-0000-0000-0000-000000000000</Data>
    <Data Name="TargetUserName">fsir</Data>
    <Data Name="TargetDomainName">WIN-03DLIIOFRRA</Data>
    <Data Name="TargetLogonGuid">00000000-0000-0000-0000-000000000000</Data>
    <Data Name="TargetServerName">localhost</Data>
    <Data Name="TargetInfo">localhost</Data>
    <Data Name="ProcessId">0x1fc</Data>
    <Data Name="ProcessName">C:\Windows\System32\winlogon.exe</Data>
    <Data Name="IpAddress">127.0.0.1</Data>
    <Data Name="IpPort">0</Data>
  </EventData>
</Event>
Record 500
<?xml version="1.0" encoding="utf-8"?>
<Event xmlns="http://schemas.microsoft.com/win/2004/08/events/event">
  <System>
    <Provider Name="Microsoft-Windows-Security-Auditing" Guid="54849625-5478-4994-A5BA-3E3B0328C30D">
    </Provider>
    <EventID>4624</EventID>
    <Version>0</Version>
    <Level>0</Level>
    <Task>12544</Task>
    <Opcode>0</Opcode>
    <Keywords>0x8020000000000000</Keywords>
    <TimeCreated SystemTime="2016-07-09T00:08:41.512021Z">
    </TimeCreated>
    <EventRecordID>500</EventRecordID>
    <Correlation>
    </Correlation>
    <Execution ProcessID="536" ThreadID="592">
    </Execution>
    <Channel>Security</Channel>
    <Computer>WIN-03DLIIOFRRA</Computer>
    <Security>
    </Security>
  </System>
  <EventData>
    <Data Name="SubjectUserSid">S-1-5-18</Data>
    <Data Name="SubjectUserName">WIN-03DLIIOFRRA$</Data>
    <Data Name="SubjectDomainName">WORKGROUP</Data>
    <Data Name="SubjectLogonId">0x3e7</Data>
    <Data Name="TargetUserSid">S-1-5-21-2603537626-3982775912-406486804-1000</Data>
    <Data Name="TargetUserName">fsir</Data>
    <Data Name="TargetDomainName">WIN-03DLIIOFRRA</Data>
    <Data Name="TargetLogonId">0x1bb9f</Data>
    <Data Name="LogonType">2</Data>
    <Data Name="LogonProcessName">User32</Data>
    <Data Name="AuthenticationPackageName">Negotiate</Data>
    <Data Name="WorkstationName">WIN-03DLIIOFRRA</Data>
    <Data Name="LogonGuid">00000000-0000-0000-0000-000000000000</Data>
    <Data Name="TransmittedServices">-</Data>
    <Data Name="LmPackageName">-</Data>
    <Data Name="KeyLength">0</Data>
    <Data Name="ProcessId">0x1fc</Data>
    <Data Name="ProcessName">C:\Windows\System32\winlogon.exe</Data>
    <Data Name="IpAddress">127.0.0.1</Data>
    <Data Name="IpPort">0</Data>
  </EventData>
</Event>
Record 501
<?xml version="1.0" encoding="utf-8"?>
<Event xmlns="http://schemas.microsoft.com/win/2004/08/events/event">
  <System>
    <Provider Name="Microsoft-Windows-Security-Auditing" Guid="54849625-5478-4994-A5BA-3E3B0328C30D">
    </Provider>
    <EventID>4624</EventID>
    <Version>0</Version>
    <Level>0</Level>
    <Task>12544</Task>
    <Opcode>0</Opcode>
    <Keywords>0x8020000000000000</Keywords>
    <TimeCreated SystemTime="2016-07-09T00:08:41.512021Z">
    </TimeCreated>
    <EventRecordID>501</EventRecordID>
    <Correlation>
    </Correlation>
    <Execution ProcessID="536" ThreadID="592">
    </Execution>
    <Channel>Security</Channel>
    <Computer>WIN-03DLIIOFRRA</Computer>
    <Security>
    </Security>
  </System>
  <EventData>
    <Data Name="SubjectUserSid">S-1-5-18</Data>
    <Data Name="SubjectUserName">WIN-03DLIIOFRRA$</Data>
    <Data Name="SubjectDomainName">WORKGROUP</Data>
    <Data Name="SubjectLogonId">0x3e7</Data>
    <Data Name="TargetUserSid">S-1-5-21-2603537626-3982775912-406486804-1000</Data>
    <Data Name="TargetUserName">fsir</Data>
    <Data Name="TargetDomainName">WIN-03DLIIOFRRA</Data>
    <Data Name="TargetLogonId">0x1bc41</Data>
    <Data Name="LogonType">2</Data>
    <Data Name="LogonProcessName">User32</Data>
    <Data Name="AuthenticationPackageName">Negotiate</Data>
    <Data Name="WorkstationName">WIN-03DLIIOFRRA</Data>
    <Data Name="LogonGuid">00000000-0000-0000-0000-000000000000</Data>
    <Data Name="TransmittedServices">-</Data>
    <Data Name="LmPackageName">-</Data>
    <Data Name="KeyLength">0</Data>
    <Data Name="ProcessId">0x1fc</Data>
    <Data Name="ProcessName">C:\Windows\System32\winlogon.exe</Data>
    <Data Name="IpAddress">127.0.0.1</Data>
    <Data Name="IpPort">0</Data>
  </EventData>
</Event>
Record 502
<?xml version="1.0" encoding="utf-8"?>
<Event xmlns="http://schemas.microsoft.com/win/2004/08/events/event">
  <System>
    <Provider Name="Microsoft-Windows-Security-Auditing" Guid="54849625-5478-4994-A5BA-3E3B0328C30D">
    </Provider>
    <EventID>4672</EventID>
    <Version>0</Version>
    <Level>0</Level>
    <Task>12548</Task>
    <Opcode>0</Opcode>
    <Keywords>0x8020000000000000</Keywords>
    <TimeCreated SystemTime="2016-07-09T00:08:41.512021Z">
    </TimeCreated>
    <EventRecordID>502</EventRecordID>
    <Correlation>
    </Correlation>
    <Execution ProcessID="536" ThreadID="592">
    </Execution>
    <Channel>Security</Channel>
    <Computer>WIN-03DLIIOFRRA</Computer>
    <Security>
    </Security>
  </System>
  <EventData>
    <Data Name="SubjectUserSid">S-1-5-21-2603537626-3982775912-406486804-1000</Data>
    <Data Name="SubjectUserName">fsir</Data>
    <Data Name="SubjectDomainName">WIN-03DLIIOFRRA</Data>
    <Data Name="SubjectLogonId">0x1bb9f</Data>
    <Data Name="PrivilegeList">SeSecurityPrivilege
			SeTakeOwnershipPrivilege
			SeLoadDriverPrivilege
			SeBackupPrivilege
			SeRestorePrivilege
			SeDebugPrivilege
			SeSystemEnvironmentPrivilege
			SeImpersonatePrivilege</Data>
  </EventData>
</Event>
Record 503
<?xml version="1.0" encoding="utf-8"?>
<Event xmlns="http://schemas.microsoft.com/win/2004/08/events/event">
  <System>
    <Provider Name="Microsoft-Windows-Security-Auditing" Guid="54849625-5478-4994-A5BA-3E3B0328C30D">
    </Provider>
    <EventID>4624</EventID>
    <Version>0</Version>
    <Level>0</Level>
    <Task>12544</Task>
    <Opcode>0</Opcode>
    <Keywords>0x8020000000000000</Keywords>
    <TimeCreated SystemTime="2016-07-09T00:08:42.432422Z">
    </TimeCreated>
    <EventRecordID>503</EventRecordID>
    <Correlation>
    </Correlation>
    <Execution ProcessID="536" ThreadID="580">
    </Execution>
    <Channel>Security</Channel>
    <Computer>WIN-03DLIIOFRRA</Computer>
    <Security>
    </Security>
  </System>
  <EventData>
    <Data Name="SubjectUserSid">S-1-0-0</Data>
    <Data Name="SubjectUserName">-</Data>
    <Data Name="SubjectDomainName">-</Data>
    <Data Name="SubjectLogonId">0x0</Data>
    <Data Name="TargetUserSid">S-1-5-7</Data>
    <Data Name="TargetUserName">ANONYMOUS LOGON</Data>
    <Data Name="TargetDomainName">NT AUTHORITY</Data>
    <Data Name="TargetLogonId">0x287a8</Data>
    <Data Name="LogonType">3</Data>
    <Data Name="LogonProcessName">NtLmSsp</Data>
    <Data Name="AuthenticationPackageName">NTLM</Data>
    <Data Name="WorkstationName"></Data>
    <Data Name="LogonGuid">00000000-0000-0000-0000-000000000000</Data>
    <Data Name="TransmittedServices">-</Data>
    <Data Name="LmPackageName">NTLM V1</Data>
    <Data Name="KeyLength">0</Data>
    <Data Name="ProcessId">0x0</Data>
    <Data Name="ProcessName">-</Data>
    <Data Name="IpAddress">-</Data>
    <Data Name="IpPort">-</Data>
  </EventData>
</Event>
Record 504
<?xml version="1.0" encoding="utf-8"?>
<Event xmlns="http://schemas.microsoft.com/win/2004/08/events/event">
  <System>
    <Provider Name="Microsoft-Windows-Security-Auditing" Guid="54849625-5478-4994-A5BA-3E3B0328C30D">
    </Provider>
    <EventID>4616</EventID>
    <Version>1</Version>
    <Level>0</Level>
    <Task>12288</Task>
    <Opcode>0</Opcode>
    <Keywords>0x8020000000000000</Keywords>
    <TimeCreated SystemTime="2016-07-09T00:08:42.417000Z">
    </TimeCreated>
    <EventRecordID>504</EventRecordID>
    <Correlation>
    </Correlation>
    <Execution ProcessID="4" ThreadID="48">
    </Execution>
    <Channel>Security</Channel>
    <Computer>WIN-03DLIIOFRRA</Computer>
    <Security>
    </Security>
  </System>
  <EventData>
    <Data Name="SubjectUserSid">S-1-5-18</Data>
    <Data Name="SubjectUserName">WIN-03DLIIOFRRA$</Data>
    <Data Name="SubjectDomainName">WORKGROUP</Data>
    <Data Name="SubjectLogonId">0x3e7</Data>
    <Data Name="PreviousTime">2016-07-09T00:08:42.557222Z</Data>
    <Data Name="NewTime">2016-07-09T00:08:42.417000Z</Data>
    <Data Name="ProcessId">0x610</Data>
    <Data Name="ProcessName">C:\Program Files\VMware\VMware Tools\vmtoolsd.exe</Data>
  </EventData>
</Event>
Record 505
<?xml version="1.0" encoding="utf-8"?>
<Event xmlns="http://schemas.microsoft.com/win/2004/08/events/event">
  <System>
    <Provider Name="Microsoft-Windows-Security-Auditing" Guid="54849625-5478-4994-A5BA-3E3B0328C30D">
    </Provider>
    <EventID>4624</EventID>
    <Version>0</Version>
    <Level>0</Level>
    <Task>12544</Task>
    <Opcode>0</Opcode>
    <Keywords>0x8020000000000000</Keywords>
    <TimeCreated SystemTime="2016-07-09T00:08:42.588600Z">
    </TimeCreated>
    <EventRecordID>505</EventRecordID>
    <Correlation>
    </Correlation>
    <Execution ProcessID="536" ThreadID="592">
    </Execution>
    <Channel>Security</Channel>
    <Computer>WIN-03DLIIOFRRA</Computer>
    <Security>
    </Security>
  </System>
  <EventData>
    <Data Name="SubjectUserSid">S-1-5-18</Data>
    <Data Name="SubjectUserName">WIN-03DLIIOFRRA$</Data>
    <Data Name="SubjectDomainName">WORKGROUP</Data>
    <Data Name="SubjectLogonId">0x3e7</Data>
    <Data Name="TargetUserSid">S-1-5-18</Data>
    <Data Name="TargetUserName">SYSTEM</Data>
    <Data Name="TargetDomainName">NT AUTHORITY</Data>
    <Data Name="TargetLogonId">0x3e7</Data>
    <Data Name="LogonType">5</Data>
    <Data Name="LogonProcessName">Advapi</Data>
    <Data Name="AuthenticationPackageName">Negotiate</Data>
    <Data Name="WorkstationName"></Data>
    <Data Name="LogonGuid">00000000-0000-0000-0000-000000000000</Data>
    <Data Name="TransmittedServices">-</Data>
    <Data Name="LmPackageName">-</Data>
    <Data Name="KeyLength">0</Data>
    <Data Name="ProcessId">0x1e4</Data>
    <Data Name="ProcessName">C:\Windows\System32\services.exe</Data>
    <Data Name="IpAddress">-</Data>
    <Data Name="IpPort">-</Data>
  </EventData>
</Event>
Record 506
<?xml version="1.0" encoding="utf-8"?>
<Event xmlns="http://schemas.microsoft.com/win/2004/08/events/event">
  <System>
    <Provider Name="Microsoft-Windows-Security-Auditing" Guid="54849625-5478-4994-A5BA-3E3B0328C30D">
    </Provider>
    <EventID>4672</EventID>
    <Version>0</Version>
    <Level>0</Level>
    <Task>12548</Task>
    <Opcode>0</Opcode>
    <Keywords>0x8020000000000000</Keywords>
    <TimeCreated SystemTime="2016-07-09T00:08:42.588600Z">
    </TimeCreated>
    <EventRecordID>506</EventRecordID>
    <Correlation>
    </Correlation>
    <Execution ProcessID="536" ThreadID="592">
    </Execution>
    <Channel>Security</Channel>
    <Computer>WIN-03DLIIOFRRA</Computer>
    <Security>
    </Security>
  </System>
  <EventData>
    <Data Name="SubjectUserSid">S-1-5-18</Data>
    <Data Name="SubjectUserName">SYSTEM</Data>
    <Data Name="SubjectDomainName">NT AUTHORITY</Data>
    <Data Name="SubjectLogonId">0x3e7</Data>
    <Data Name="PrivilegeList">SeAssignPrimaryTokenPrivilege
			SeTcbPrivilege
			SeSecurityPrivilege
			SeTakeOwnershipPrivilege
			SeLoadDriverPrivilege
			SeBackupPrivilege
			SeRestorePrivilege
			SeDebugPrivilege
			SeAuditPrivilege
			SeSystemEnvironmentPrivilege
			SeImpersonatePrivilege</Data>
  </EventData>
</Event>
Record 507
<?xml version="1.0" encoding="utf-8"?>
<Event xmlns="http://schemas.microsoft.com/win/2004/08/events/event">
  <System>
    <Provider Name="Microsoft-Windows-Security-Auditing" Guid="54849625-5478-4994-A5BA-3E3B0328C30D">
    </Provider>
    <EventID>4624</EventID>
    <Version>0</Version>
    <Level>0</Level>
    <Task>12544</Task>
    <Opcode>0</Opcode>
    <Keywords>0x8020000000000000</Keywords>
    <TimeCreated SystemTime="2016-07-09T00:08:45.855042Z">
    </TimeCreated>
    <EventRecordID>507</EventRecordID>
    <Correlation>
    </Correlation>
    <Execution ProcessID="536" ThreadID="1292">
    </Execution>
    <Channel>Security</Channel>
    <Computer>WIN-03DLIIOFRRA</Computer>
    <Security>
    </Security>
  </System>
  <EventData>
    <Data Name="SubjectUserSid">S-1-5-18</Data>
    <Data Name="SubjectUserName">WIN-03DLIIOFRRA$</Data>
    <Data Name="SubjectDomainName">WORKGROUP</Data>
    <Data Name="SubjectLogonId">0x3e7</Data>
    <Data Name="TargetUserSid">S-1-5-18</Data>
    <Data Name="TargetUserName">SYSTEM</Data>
    <Data Name="TargetDomainName">NT AUTHORITY</Data>
    <Data Name="TargetLogonId">0x3e7</Data>
    <Data Name="LogonType">5</Data>
    <Data Name="LogonProcessName">Advapi</Data>
    <Data Name="AuthenticationPackageName">Negotiate</Data>
    <Data Name="WorkstationName"></Data>
    <Data Name="LogonGuid">00000000-0000-0000-0000-000000000000</Data>
    <Data Name="TransmittedServices">-</Data>
    <Data Name="LmPackageName">-</Data>
    <Data Name="KeyLength">0</Data>
    <Data Name="ProcessId">0x1e4</Data>
    <Data Name="ProcessName">C:\Windows\System32\services.exe</Data>
    <Data Name="IpAddress">-</Data>
    <Data Name="IpPort">-</Data>
  </EventData>
</Event>
Record 508
<?xml version="1.0" encoding="utf-8"?>
<Event xmlns="http://schemas.microsoft.com/win/2004/08/events/event">
  <System>
    <Provider Name="Microsoft-Windows-Security-Auditing" Guid="54849625-5478-4994-A5BA-3E3B0328C30D">
    </Provider>
    <EventID>4672</EventID>
    <Version>0</Version>
    <Level>0</Level>
    <Task>12548</Task>
    <Opcode>0</Opcode>
    <Keywords>0x8020000000000000</Keywords>
    <TimeCreated SystemTime="2016-07-09T00:08:45.855042Z">
    </TimeCreated>
    <EventRecordID>508</EventRecordID>
    <Correlation>
    </Correlation>
    <Execution ProcessID="536" ThreadID="1292">
    </Execution>
    <Channel>Security</Channel>
    <Computer>WIN-03DLIIOFRRA</Computer>
    <Security>
    </Security>
  </System>
  <EventData>
    <Data Name="SubjectUserSid">S-1-5-18</Data>
    <Data Name="SubjectUserName">SYSTEM</Data>
    <Data Name="SubjectDomainName">NT AUTHORITY</Data>
    <Data Name="SubjectLogonId">0x3e7</Data>
    <Data Name="PrivilegeList">SeAssignPrimaryTokenPrivilege
			SeTcbPrivilege
			SeSecurityPrivilege
			SeTakeOwnershipPrivilege
			SeLoadDriverPrivilege
			SeBackupPrivilege
			SeRestorePrivilege
			SeDebugPrivilege
			SeAuditPrivilege
			SeSystemEnvironmentPrivilege
			SeImpersonatePrivilege</Data>
  </EventData>
</Event>
Record 509
<?xml version="1.0" encoding="utf-8"?>
<Event xmlns="http://schemas.microsoft.com/win/2004/08/events/event">
  <System>
    <Provider Name="Microsoft-Windows-Security-Auditing" Guid="54849625-5478-4994-A5BA-3E3B0328C30D">
    </Provider>
    <EventID>4624</EventID>
    <Version>0</Version>
    <Level>0</Level>
    <Task>12544</Task>
    <Opcode>0</Opcode>
    <Keywords>0x8020000000000000</Keywords>
    <TimeCreated SystemTime="2016-07-09T00:08:48.594245Z">
    </TimeCreated>
    <EventRecordID>509</EventRecordID>
    <Correlation>
    </Correlation>
    <Execution ProcessID="536" ThreadID="580">
    </Execution>
    <Channel>Security</Channel>
    <Computer>WIN-03DLIIOFRRA</Computer>
    <Security>
    </Security>
  </System>
  <EventData>
    <Data Name="SubjectUserSid">S-1-5-18</Data>
    <Data Name="SubjectUserName">WIN-03DLIIOFRRA$</Data>
    <Data Name="SubjectDomainName">WORKGROUP</Data>
    <Data Name="SubjectLogonId">0x3e7</Data>
    <Data Name="TargetUserSid">S-1-5-18</Data>
    <Data Name="TargetUserName">SYSTEM</Data>
    <Data Name="TargetDomainName">NT AUTHORITY</Data>
    <Data Name="TargetLogonId">0x3e7</Data>
    <Data Name="LogonType">5</Data>
    <Data Name="LogonProcessName">Advapi</Data>
    <Data Name="AuthenticationPackageName">Negotiate</Data>
    <Data Name="WorkstationName"></Data>
    <Data Name="LogonGuid">00000000-0000-0000-0000-000000000000</Data>
    <Data Name="TransmittedServices">-</Data>
    <Data Name="LmPackageName">-</Data>
    <Data Name="KeyLength">0</Data>
    <Data Name="ProcessId">0x1e4</Data>
    <Data Name="ProcessName">C:\Windows\System32\services.exe</Data>
    <Data Name="IpAddress">-</Data>
    <Data Name="IpPort">-</Data>
  </EventData>
</Event>
Record 510
<?xml version="1.0" encoding="utf-8"?>
<Event xmlns="http://schemas.microsoft.com/win/2004/08/events/event">
  <System>
    <Provider Name="Microsoft-Windows-Security-Auditing" Guid="54849625-5478-4994-A5BA-3E3B0328C30D">
    </Provider>
    <EventID>4672</EventID>
    <Version>0</Version>
    <Level>0</Level>
    <Task>12548</Task>
    <Opcode>0</Opcode>
    <Keywords>0x8020000000000000</Keywords>
    <TimeCreated SystemTime="2016-07-09T00:08:48.594245Z">
    </TimeCreated>
    <EventRecordID>510</EventRecordID>
    <Correlation>
    </Correlation>
    <Execution ProcessID="536" ThreadID="580">
    </Execution>
    <Channel>Security</Channel>
    <Computer>WIN-03DLIIOFRRA</Computer>
    <Security>
    </Security>
  </System>
  <EventData>
    <Data Name="SubjectUserSid">S-1-5-18</Data>
    <Data Name="SubjectUserName">SYSTEM</Data>
    <Data Name="SubjectDomainName">NT AUTHORITY</Data>
    <Data Name="SubjectLogonId">0x3e7</Data>
    <Data Name="PrivilegeList">SeAssignPrimaryTokenPrivilege
			SeTcbPrivilege
			SeSecurityPrivilege
			SeTakeOwnershipPrivilege
			SeLoadDriverPrivilege
			SeBackupPrivilege
			SeRestorePrivilege
			SeDebugPrivilege
			SeAuditPrivilege
			SeSystemEnvironmentPrivilege
			SeImpersonatePrivilege</Data>
  </EventData>
</Event>
Record 511
<?xml version="1.0" encoding="utf-8"?>
<Event xmlns="http://schemas.microsoft.com/win/2004/08/events/event">
  <System>
    <Provider Name="Microsoft-Windows-Eventlog" Guid="{fc65ddd8-d6ef-4962-83d5-6e5cfe9ce148}">
    </Provider>
    <EventID>1100</EventID>
    <Version>0</Version>
    <Level>4</Level>
    <Task>103</Task>
    <Opcode>0</Opcode>
    <Keywords>0x4020000000000000</Keywords>
    <TimeCreated SystemTime="2016-07-09T00:10:53.843267Z">
    </TimeCreated>
    <EventRecordID>511</EventRecordID>
    <Correlation>
    </Correlation>
    <Execution ProcessID="820" ThreadID="2304">
    </Execution>
    <Channel>Security</Channel>
    <Computer>WIN-03DLIIOFRRA</Computer>
    <Security>
    </Security>
  </System>
  <UserData>
    <ServiceShutdown xmlns:auto-ns3="http://schemas.microsoft.com/win/2004/08/events" xmlns="http://manifests.microsoft.com/win/2004/08/windows/eventlog">
    </ServiceShutdown>
  </UserData>
</Event>
Record 512
<?xml version="1.0" encoding="utf-8"?>
<Event xmlns="http://schemas.microsoft.com/win/2004/08/events/event">
  <System>
    <Provider Name="Microsoft-Windows-Security-Auditing" Guid="54849625-5478-4994-A5BA-3E3B0328C30D">
    </Provider>
    <EventID>4647</EventID>
    <Version>0</Version>
    <Level>0</Level>
    <Task>12545</Task>
    <Opcode>0</Opcode>
    <Keywords>0x8020000000000000</Keywords>
    <TimeCreated SystemTime="2016-07-09T00:10:53.281666Z">
    </TimeCreated>
    <EventRecordID>512</EventRecordID>
    <Correlation>
    </Correlation>
    <Execution ProcessID="536" ThreadID="580">
    </Execution>
    <Channel>Security</Channel>
    <Computer>WIN-03DLIIOFRRA</Computer>
    <Security>
    </Security>
  </System>
  <EventData>
    <Data Name="TargetUserSid">S-1-5-21-2603537626-3982775912-406486804-1000</Data>
    <Data Name="TargetUserName">fsir</Data>
    <Data Name="TargetDomainName">WIN-03DLIIOFRRA</Data>
    <Data Name="TargetLogonId">0x1bc41</Data>
  </EventData>
</Event>
Record 513
<?xml version="1.0" encoding="utf-8"?>
<Event xmlns="http://schemas.microsoft.com/win/2004/08/events/event">
  <System>
    <Provider Name="Microsoft-Windows-Security-Auditing" Guid="54849625-5478-4994-A5BA-3E3B0328C30D">
    </Provider>
    <EventID>4608</EventID>
    <Version>0</Version>
    <Level>0</Level>
    <Task>12288</Task>
    <Opcode>0</Opcode>
    <Keywords>0x8020000000000000</Keywords>
    <TimeCreated SystemTime="2016-07-09T00:11:12.934820Z">
    </TimeCreated>
    <EventRecordID>513</EventRecordID>
    <Correlation>
    </Correlation>
    <Execution ProcessID="532" ThreadID="536">
    </Execution>
    <Channel>Security</Channel>
    <Computer>WIN-03DLIIOFRRA</Computer>
    <Security>
    </Security>
  </System>
  <EventData>
  </EventData>
</Event>
Record 514
<?xml version="1.0" encoding="utf-8"?>
<Event xmlns="http://schemas.microsoft.com/win/2004/08/events/event">
  <System>
    <Provider Name="Microsoft-Windows-Security-Auditing" Guid="54849625-5478-4994-A5BA-3E3B0328C30D">
    </Provider>
    <EventID>4624</EventID>
    <Version>0</Version>
    <Level>0</Level>
    <Task>12544</Task>
    <Opcode>0</Opcode>
    <Keywords>0x8020000000000000</Keywords>
    <TimeCreated SystemTime="2016-07-09T00:11:12.934820Z">
    </TimeCreated>
    <EventRecordID>514</EventRecordID>
    <Correlation>
    </Correlation>
    <Execution ProcessID="532" ThreadID="536">
    </Execution>
    <Channel>Security</Channel>
    <Computer>WIN-03DLIIOFRRA</Computer>
    <Security>
    </Security>
  </System>
  <EventData>
    <Data Name="SubjectUserSid">S-1-0-0</Data>
    <Data Name="SubjectUserName">-</Data>
    <Data Name="SubjectDomainName">-</Data>
    <Data Name="SubjectLogonId">0x0</Data>
    <Data Name="TargetUserSid">S-1-5-18</Data>
    <Data Name="TargetUserName">SYSTEM</Data>
    <Data Name="TargetDomainName">NT AUTHORITY</Data>
    <Data Name="TargetLogonId">0x3e7</Data>
    <Data Name="LogonType">0</Data>
    <Data Name="LogonProcessName">-</Data>
    <Data Name="AuthenticationPackageName">-</Data>
    <Data Name="WorkstationName">-</Data>
    <Data Name="LogonGuid">00000000-0000-0000-0000-000000000000</Data>
    <Data Name="TransmittedServices">-</Data>
    <Data Name="LmPackageName">-</Data>
    <Data Name="KeyLength">0</Data>
    <Data Name="ProcessId">0x4</Data>
    <Data Name="ProcessName"></Data>
    <Data Name="IpAddress">-</Data>
    <Data Name="IpPort">-</Data>
  </EventData>
</Event>
Record 515
<?xml version="1.0" encoding="utf-8"?>
<Event xmlns="http://schemas.microsoft.com/win/2004/08/events/event">
  <System>
    <Provider Name="Microsoft-Windows-Security-Auditing" Guid="54849625-5478-4994-A5BA-3E3B0328C30D">
    </Provider>
    <EventID>4902</EventID>
    <Version>0</Version>
    <Level>0</Level>
    <Task>13568</Task>
    <Opcode>0</Opcode>
    <Keywords>0x8020000000000000</Keywords>
    <TimeCreated SystemTime="2016-07-09T00:11:12.997220Z">
    </TimeCreated>
    <EventRecordID>515</EventRecordID>
    <Correlation>
    </Correlation>
    <Execution ProcessID="532" ThreadID="604">
    </Execution>
    <Channel>Security</Channel>
    <Computer>WIN-03DLIIOFRRA</Computer>
    <Security>
    </Security>
  </System>
  <EventData>
    <Data Name="PuaCount">0</Data>
    <Data Name="PuaPolicyId">0xc967</Data>
  </EventData>
</Event>
Record 516
<?xml version="1.0" encoding="utf-8"?>
<Event xmlns="http://schemas.microsoft.com/win/2004/08/events/event">
  <System>
    <Provider Name="Microsoft-Windows-Security-Auditing" Guid="54849625-5478-4994-A5BA-3E3B0328C30D">
    </Provider>
    <EventID>4624</EventID>
    <Version>0</Version>
    <Level>0</Level>
    <Task>12544</Task>
    <Opcode>0</Opcode>
    <Keywords>0x8020000000000000</Keywords>
    <TimeCreated SystemTime="2016-07-09T00:11:13.012820Z">
    </TimeCreated>
    <EventRecordID>516</EventRecordID>
    <Correlation>
    </Correlation>
    <Execution ProcessID="532" ThreadID="600">
    </Execution>
    <Channel>Security</Channel>
    <Computer>WIN-03DLIIOFRRA</Computer>
    <Security>
    </Security>
  </System>
  <EventData>
    <Data Name="SubjectUserSid">S-1-5-18</Data>
    <Data Name="SubjectUserName">WIN-03DLIIOFRRA$</Data>
    <Data Name="SubjectDomainName">WORKGROUP</Data>
    <Data Name="SubjectLogonId">0x3e7</Data>
    <Data Name="TargetUserSid">S-1-5-18</Data>
    <Data Name="TargetUserName">SYSTEM</Data>
    <Data Name="TargetDomainName">NT AUTHORITY</Data>
    <Data Name="TargetLogonId">0x3e7</Data>
    <Data Name="LogonType">5</Data>
    <Data Name="LogonProcessName">Advapi</Data>
    <Data Name="AuthenticationPackageName">Negotiate</Data>
    <Data Name="WorkstationName"></Data>
    <Data Name="LogonGuid">00000000-0000-0000-0000-000000000000</Data>
    <Data Name="TransmittedServices">-</Data>
    <Data Name="LmPackageName">-</Data>
    <Data Name="KeyLength">0</Data>
    <Data Name="ProcessId">0x1e8</Data>
    <Data Name="ProcessName">C:\Windows\System32\services.exe</Data>
    <Data Name="IpAddress">-</Data>
    <Data Name="IpPort">-</Data>
  </EventData>
</Event>
Record 517
<?xml version="1.0" encoding="utf-8"?>
<Event xmlns="http://schemas.microsoft.com/win/2004/08/events/event">
  <System>
    <Provider Name="Microsoft-Windows-Security-Auditing" Guid="54849625-5478-4994-A5BA-3E3B0328C30D">
    </Provider>
    <EventID>4672</EventID>
    <Version>0</Version>
    <Level>0</Level>
    <Task>12548</Task>
    <Opcode>0</Opcode>
    <Keywords>0x8020000000000000</Keywords>
    <TimeCreated SystemTime="2016-07-09T00:11:13.012820Z">
    </TimeCreated>
    <EventRecordID>517</EventRecordID>
    <Correlation>
    </Correlation>
    <Execution ProcessID="532" ThreadID="600">
    </Execution>
    <Channel>Security</Channel>
    <Computer>WIN-03DLIIOFRRA</Computer>
    <Security>
    </Security>
  </System>
  <EventData>
    <Data Name="SubjectUserSid">S-1-5-18</Data>
    <Data Name="SubjectUserName">SYSTEM</Data>
    <Data Name="SubjectDomainName">NT AUTHORITY</Data>
    <Data Name="SubjectLogonId">0x3e7</Data>
    <Data Name="PrivilegeList">SeAssignPrimaryTokenPrivilege
			SeTcbPrivilege
			SeSecurityPrivilege
			SeTakeOwnershipPrivilege
			SeLoadDriverPrivilege
			SeBackupPrivilege
			SeRestorePrivilege
			SeDebugPrivilege
			SeAuditPrivilege
			SeSystemEnvironmentPrivilege
			SeImpersonatePrivilege</Data>
  </EventData>
</Event>
Record 518
<?xml version="1.0" encoding="utf-8"?>
<Event xmlns="http://schemas.microsoft.com/win/2004/08/events/event">
  <System>
    <Provider Name="Microsoft-Windows-Security-Auditing" Guid="54849625-5478-4994-A5BA-3E3B0328C30D">
    </Provider>
    <EventID>4624</EventID>
    <Version>0</Version>
    <Level>0</Level>
    <Task>12544</Task>
    <Opcode>0</Opcode>
    <Keywords>0x8020000000000000</Keywords>
    <TimeCreated SystemTime="2016-07-09T00:11:13.122020Z">
    </TimeCreated>
    <EventRecordID>518</EventRecordID>
    <Correlation>
    </Correlation>
    <Execution ProcessID="532" ThreadID="600">
    </Execution>
    <Channel>Security</Channel>
    <Computer>WIN-03DLIIOFRRA</Computer>
    <Security>
    </Security>
  </System>
  <EventData>
    <Data Name="SubjectUserSid">S-1-5-18</Data>
    <Data Name="SubjectUserName">WIN-03DLIIOFRRA$</Data>
    <Data Name="SubjectDomainName">WORKGROUP</Data>
    <Data Name="SubjectLogonId">0x3e7</Data>
    <Data Name="TargetUserSid">S-1-5-20</Data>
    <Data Name="TargetUserName">NETWORK SERVICE</Data>
    <Data Name="TargetDomainName">NT AUTHORITY</Data>
    <Data Name="TargetLogonId">0x3e4</Data>
    <Data Name="LogonType">5</Data>
    <Data Name="LogonProcessName">Advapi</Data>
    <Data Name="AuthenticationPackageName">Negotiate</Data>
    <Data Name="WorkstationName"></Data>
    <Data Name="LogonGuid">00000000-0000-0000-0000-000000000000</Data>
    <Data Name="TransmittedServices">-</Data>
    <Data Name="LmPackageName">-</Data>
    <Data Name="KeyLength">0</Data>
    <Data Name="ProcessId">0x1e8</Data>
    <Data Name="ProcessName">C:\Windows\System32\services.exe</Data>
    <Data Name="IpAddress">-</Data>
    <Data Name="IpPort">-</Data>
  </EventData>
</Event>
Record 519
<?xml version="1.0" encoding="utf-8"?>
<Event xmlns="http://schemas.microsoft.com/win/2004/08/events/event">
  <System>
    <Provider Name="Microsoft-Windows-Security-Auditing" Guid="54849625-5478-4994-A5BA-3E3B0328C30D">
    </Provider>
    <EventID>4672</EventID>
    <Version>0</Version>
    <Level>0</Level>
    <Task>12548</Task>
    <Opcode>0</Opcode>
    <Keywords>0x8020000000000000</Keywords>
    <TimeCreated SystemTime="2016-07-09T00:11:13.122020Z">
    </TimeCreated>
    <EventRecordID>519</EventRecordID>
    <Correlation>
    </Correlation>
    <Execution ProcessID="532" ThreadID="600">
    </Execution>
    <Channel>Security</Channel>
    <Computer>WIN-03DLIIOFRRA</Computer>
    <Security>
    </Security>
  </System>
  <EventData>
    <Data Name="SubjectUserSid">S-1-5-20</Data>
    <Data Name="SubjectUserName">NETWORK SERVICE</Data>
    <Data Name="SubjectDomainName">NT AUTHORITY</Data>
    <Data Name="SubjectLogonId">0x3e4</Data>
    <Data Name="PrivilegeList">SeAssignPrimaryTokenPrivilege
			SeAuditPrivilege
			SeImpersonatePrivilege</Data>
  </EventData>
</Event>
Record 520
<?xml version="1.0" encoding="utf-8"?>
<Event xmlns="http://schemas.microsoft.com/win/2004/08/events/event">
  <System>
    <Provider Name="Microsoft-Windows-Security-Auditing" Guid="54849625-5478-4994-A5BA-3E3B0328C30D">
    </Provider>
    <EventID>4624</EventID>
    <Version>0</Version>
    <Level>0</Level>
    <Task>12544</Task>
    <Opcode>0</Opcode>
    <Keywords>0x8020000000000000</Keywords>
    <TimeCreated SystemTime="2016-07-09T00:11:13.168820Z">
    </TimeCreated>
    <EventRecordID>520</EventRecordID>
    <Correlation>
    </Correlation>
    <Execution ProcessID="532" ThreadID="600">
    </Execution>
    <Channel>Security</Channel>
    <Computer>WIN-03DLIIOFRRA</Computer>
    <Security>
    </Security>
  </System>
  <EventData>
    <Data Name="SubjectUserSid">S-1-5-18</Data>
    <Data Name="SubjectUserName">WIN-03DLIIOFRRA$</Data>
    <Data Name="SubjectDomainName">WORKGROUP</Data>
    <Data Name="SubjectLogonId">0x3e7</Data>
    <Data Name="TargetUserSid">S-1-5-19</Data>
    <Data Name="TargetUserName">LOCAL SERVICE</Data>
    <Data Name="TargetDomainName">NT AUTHORITY</Data>
    <Data Name="TargetLogonId">0x3e5</Data>
    <Data Name="LogonType">5</Data>
    <Data Name="LogonProcessName">Advapi</Data>
    <Data Name="AuthenticationPackageName">Negotiate</Data>
    <Data Name="WorkstationName"></Data>
    <Data Name="LogonGuid">00000000-0000-0000-0000-000000000000</Data>
    <Data Name="TransmittedServices">-</Data>
    <Data Name="LmPackageName">-</Data>
    <Data Name="KeyLength">0</Data>
    <Data Name="ProcessId">0x1e8</Data>
    <Data Name="ProcessName">C:\Windows\System32\services.exe</Data>
    <Data Name="IpAddress">-</Data>
    <Data Name="IpPort">-</Data>
  </EventData>
</Event>
Record 521
<?xml version="1.0" encoding="utf-8"?>
<Event xmlns="http://schemas.microsoft.com/win/2004/08/events/event">
  <System>
    <Provider Name="Microsoft-Windows-Security-Auditing" Guid="54849625-5478-4994-A5BA-3E3B0328C30D">
    </Provider>
    <EventID>4672</EventID>
    <Version>0</Version>
    <Level>0</Level>
    <Task>12548</Task>
    <Opcode>0</Opcode>
    <Keywords>0x8020000000000000</Keywords>
    <TimeCreated SystemTime="2016-07-09T00:11:13.168820Z">
    </TimeCreated>
    <EventRecordID>521</EventRecordID>
    <Correlation>
    </Correlation>
    <Execution ProcessID="532" ThreadID="600">
    </Execution>
    <Channel>Security</Channel>
    <Computer>WIN-03DLIIOFRRA</Computer>
    <Security>
    </Security>
  </System>
  <EventData>
    <Data Name="SubjectUserSid">S-1-5-19</Data>
    <Data Name="SubjectUserName">LOCAL SERVICE</Data>
    <Data Name="SubjectDomainName">NT AUTHORITY</Data>
    <Data Name="SubjectLogonId">0x3e5</Data>
    <Data Name="PrivilegeList">SeAssignPrimaryTokenPrivilege
			SeAuditPrivilege
			SeImpersonatePrivilege</Data>
  </EventData>
</Event>
Record 522
<?xml version="1.0" encoding="utf-8"?>
<Event xmlns="http://schemas.microsoft.com/win/2004/08/events/event">
  <System>
    <Provider Name="Microsoft-Windows-Security-Auditing" Guid="54849625-5478-4994-A5BA-3E3B0328C30D">
    </Provider>
    <EventID>4624</EventID>
    <Version>0</Version>
    <Level>0</Level>
    <Task>12544</Task>
    <Opcode>0</Opcode>
    <Keywords>0x8020000000000000</Keywords>
    <TimeCreated SystemTime="2016-07-09T00:11:13.231220Z">
    </TimeCreated>
    <EventRecordID>522</EventRecordID>
    <Correlation>
    </Correlation>
    <Execution ProcessID="532" ThreadID="652">
    </Execution>
    <Channel>Security</Channel>
    <Computer>WIN-03DLIIOFRRA</Computer>
    <Security>
    </Security>
  </System>
  <EventData>
    <Data Name="SubjectUserSid">S-1-5-18</Data>
    <Data Name="SubjectUserName">WIN-03DLIIOFRRA$</Data>
    <Data Name="SubjectDomainName">WORKGROUP</Data>
    <Data Name="SubjectLogonId">0x3e7</Data>
    <Data Name="TargetUserSid">S-1-5-18</Data>
    <Data Name="TargetUserName">SYSTEM</Data>
    <Data Name="TargetDomainName">NT AUTHORITY</Data>
    <Data Name="TargetLogonId">0x3e7</Data>
    <Data Name="LogonType">5</Data>
    <Data Name="LogonProcessName">Advapi</Data>
    <Data Name="AuthenticationPackageName">Negotiate</Data>
    <Data Name="WorkstationName"></Data>
    <Data Name="LogonGuid">00000000-0000-0000-0000-000000000000</Data>
    <Data Name="TransmittedServices">-</Data>
    <Data Name="LmPackageName">-</Data>
    <Data Name="KeyLength">0</Data>
    <Data Name="ProcessId">0x1e8</Data>
    <Data Name="ProcessName">C:\Windows\System32\services.exe</Data>
    <Data Name="IpAddress">-</Data>
    <Data Name="IpPort">-</Data>
  </EventData>
</Event>
