Record 1156
<?xml version="1.0" encoding="utf-8"?>
<Event xmlns="http://schemas.microsoft.com/win/2004/08/events/event">
  <System>
    <Provider Name="Microsoft-Windows-Security-Auditing" Guid="54849625-5478-4994-A5BA-3E3B0328C30D">
    </Provider>
    <EventID>4624</EventID>
    <Version>0</Version>
    <Level>0</Level>
    <Task>12544</Task>
    <Opcode>0</Opcode>
    <Keywords>0x8020000000000000</Keywords>
    <TimeCreated SystemTime="2016-07-16T02:14:41.251945Z">
    </TimeCreated>
    <EventRecordID>1156</EventRecordID>
    <Correlation>
    </Correlation>
    <Execution ProcessID="548" ThreadID="1280">
    </Execution>
    <Channel>Security</Channel>
    <Computer>WIN-03DLIIOFRRA</Computer>
    <Security>
    </Security>
  </System>
  <EventData>
    <Data Name="SubjectUserSid">S-1-5-18</Data>
    <Data Name="SubjectUserName">WIN-03DLIIOFRRA$</Data>
    <Data Name="SubjectDomainName">WORKGROUP</Data>
    <Data Name="SubjectLogonId">0x3e7</Data>
    <Data Name="TargetUserSid">S-1-5-18</Data>
    <Data Name="TargetUserName">SYSTEM</Data>
    <Data Name="TargetDomainName">NT AUTHORITY</Data>
    <Data Name="TargetLogonId">0x3e7</Data>
    <Data Name="LogonType">5</Data>
    <Data Name="LogonProcessName">Advapi</Data>
    <Data Name="AuthenticationPackageName">Negotiate</Data>
    <Data Name="WorkstationName"></Data>
    <Data Name="LogonGuid">00000000-0000-0000-0000-000000000000</Data>
    <Data Name="TransmittedServices">-</Data>
    <Data Name="LmPackageName">-</Data>
    <Data Name="KeyLength">0</Data>
    <Data Name="ProcessId">0x200</Data>
    <Data Name="ProcessName">C:\Windows\System32\services.exe</Data>
    <Data Name="IpAddress">-</Data>
    <Data Name="IpPort">-</Data>
  </EventData>
</Event>
Record 1157
<?xml version="1.0" encoding="utf-8"?>
<Event xmlns="http://schemas.microsoft.com/win/2004/08/events/event">
  <System>
    <Provider Name="Microsoft-Windows-Security-Auditing" Guid="54849625-5478-4994-A5BA-3E3B0328C30D">
    </Provider>
    <EventID>4672</EventID>
    <Version>0</Version>
    <Level>0</Level>
    <Task>12548</Task>
    <Opcode>0</Opcode>
    <Keywords>0x8020000000000000</Keywords>
    <TimeCreated SystemTime="2016-07-16T02:14:41.251945Z">
    </TimeCreated>
    <EventRecordID>1157</EventRecordID>
    <Correlation>
    </Correlation>
    <Execution ProcessID="548" ThreadID="1280">
    </Execution>
    <Channel>Security</Channel>
    <Computer>WIN-03DLIIOFRRA</Computer>
    <Security>
    </Security>
  </System>
  <EventData>
    <Data Name="SubjectUserSid">S-1-5-18</Data>
    <Data Name="SubjectUserName">SYSTEM</Data>
    <Data Name="SubjectDomainName">NT AUTHORITY</Data>
    <Data Name="SubjectLogonId">0x3e7</Data>
    <Data Name="PrivilegeList">SeAssignPrimaryTokenPrivilege
			SeTcbPrivilege
			SeSecurityPrivilege
			SeTakeOwnershipPrivilege
			SeLoadDriverPrivilege
			SeBackupPrivilege
			SeRestorePrivilege
			SeDebugPrivilege
			SeAuditPrivilege
			SeSystemEnvironmentPrivilege
			SeImpersonatePrivilege</Data>
  </EventData>
</Event>
Record 1158
<?xml version="1.0" encoding="utf-8"?>
<Event xmlns="http://schemas.microsoft.com/win/2004/08/events/event">
  <System>
    <Provider Name="Microsoft-Windows-Security-Auditing" Guid="54849625-5478-4994-A5BA-3E3B0328C30D">
    </Provider>
    <EventID>4904</EventID>
    <Version>0</Version>
    <Level>0</Level>
    <Task>13568</Task>
    <Opcode>0</Opcode>
    <Keywords>0x8020000000000000</Keywords>
    <TimeCreated SystemTime="2016-07-16T02:14:46.462355Z">
    </TimeCreated>
    <EventRecordID>1158</EventRecordID>
    <Correlation>
    </Correlation>
    <Execution ProcessID="548" ThreadID="3088">
    </Execution>
    <Channel>Security</Channel>
    <Computer>WIN-03DLIIOFRRA</Computer>
    <Security>
    </Security>
  </System>
  <EventData>
    <Data Name="SubjectUserSid">S-1-5-18</Data>
    <Data Name="SubjectUserName">WIN-03DLIIOFRRA$</Data>
    <Data Name="SubjectDomainName">WORKGROUP</Data>
    <Data Name="SubjectLogonId">0x3e7</Data>
    <Data Name="AuditSourceName">VSSAudit</Data>
    <Data Name="EventSourceId">0x2c4f090</Data>
    <Data Name="ProcessId">0x1168</Data>
    <Data Name="ProcessName">C:\Windows\System32\VSSVC.exe</Data>
  </EventData>
</Event>
Record 1159
<?xml version="1.0" encoding="utf-8"?>
<Event xmlns="http://schemas.microsoft.com/win/2004/08/events/event">
  <System>
    <Provider Name="Microsoft-Windows-Security-Auditing" Guid="54849625-5478-4994-A5BA-3E3B0328C30D">
    </Provider>
    <EventID>4905</EventID>
    <Version>0</Version>
    <Level>0</Level>
    <Task>13568</Task>
    <Opcode>0</Opcode>
    <Keywords>0x8020000000000000</Keywords>
    <TimeCreated SystemTime="2016-07-16T02:14:46.462355Z">
    </TimeCreated>
    <EventRecordID>1159</EventRecordID>
    <Correlation>
    </Correlation>
    <Execution ProcessID="548" ThreadID="3088">
    </Execution>
    <Channel>Security</Channel>
    <Computer>WIN-03DLIIOFRRA</Computer>
    <Security>
    </Security>
  </System>
  <EventData>
    <Data Name="SubjectUserSid">S-1-5-18</Data>
    <Data Name="SubjectUserName">WIN-03DLIIOFRRA$</Data>
    <Data Name="SubjectDomainName">WORKGROUP</Data>
    <Data Name="SubjectLogonId">0x3e7</Data>
    <Data Name="AuditSourceName">VSSAudit</Data>
    <Data Name="EventSourceId">0x2c4f090</Data>
    <Data Name="ProcessId">0x1168</Data>
    <Data Name="ProcessName">C:\Windows\System32\VSSVC.exe</Data>
  </EventData>
</Event>
Record 1160
<?xml version="1.0" encoding="utf-8"?>
<Event xmlns="http://schemas.microsoft.com/win/2004/08/events/event">
  <System>
    <Provider Name="Microsoft-Windows-Security-Auditing" Guid="54849625-5478-4994-A5BA-3E3B0328C30D">
    </Provider>
    <EventID>4647</EventID>
    <Version>0</Version>
    <Level>0</Level>
    <Task>12545</Task>
    <Opcode>0</Opcode>
    <Keywords>0x8020000000000000</Keywords>
    <TimeCreated SystemTime="2016-07-16T21:11:09.381712Z">
    </TimeCreated>
    <EventRecordID>1160</EventRecordID>
    <Correlation>
    </Correlation>
    <Execution ProcessID="548" ThreadID="1280">
    </Execution>
    <Channel>Security</Channel>
    <Computer>WIN-03DLIIOFRRA</Computer>
    <Security>
    </Security>
  </System>
  <EventData>
    <Data Name="TargetUserSid">S-1-5-21-2603537626-3982775912-406486804-1000</Data>
    <Data Name="TargetUserName">fsir</Data>
    <Data Name="TargetDomainName">WIN-03DLIIOFRRA</Data>
    <Data Name="TargetLogonId">0x11a819</Data>
  </EventData>
</Event>
Record 1161
<?xml version="1.0" encoding="utf-8"?>
<Event xmlns="http://schemas.microsoft.com/win/2004/08/events/event">
  <System>
    <Provider Name="Microsoft-Windows-Security-Auditing" Guid="54849625-5478-4994-A5BA-3E3B0328C30D">
    </Provider>
    <EventID>4907</EventID>
    <Version>0</Version>
    <Level>0</Level>
    <Task>13568</Task>
    <Opcode>0</Opcode>
    <Keywords>0x8020000000000000</Keywords>
    <TimeCreated SystemTime="2016-07-16T21:11:09.912113Z">
    </TimeCreated>
    <EventRecordID>1161</EventRecordID>
    <Correlation>
    </Correlation>
    <Execution ProcessID="548" ThreadID="564">
    </Execution>
    <Channel>Security</Channel>
    <Computer>WIN-03DLIIOFRRA</Computer>
    <Security>
    </Security>
  </System>
  <EventData>
    <Data Name="SubjectUserSid">S-1-5-18</Data>
    <Data Name="SubjectUserName">WIN-03DLIIOFRRA$</Data>
    <Data Name="SubjectDomainName">WORKGROUP</Data>
    <Data Name="SubjectLogonId">0x3e7</Data>
    <Data Name="ObjectServer">Security</Data>
    <Data Name="ObjectType">File</Data>
    <Data Name="ObjectName">C:\Windows\Microsoft.NET\Framework\v2.0.50727\webengine.dll</Data>
    <Data Name="HandleId">0x1c</Data>
    <Data Name="OldSd"></Data>
    <Data Name="NewSd">S:ARAI(AU;SAFA;DCLCRPCRSDWDWO;;;WD)</Data>
    <Data Name="ProcessId">0x13b8</Data>
    <Data Name="ProcessName">C:\Windows\System32\poqexec.exe</Data>
  </EventData>
</Event>
Record 1162
<?xml version="1.0" encoding="utf-8"?>
<Event xmlns="http://schemas.microsoft.com/win/2004/08/events/event">
  <System>
    <Provider Name="Microsoft-Windows-Security-Auditing" Guid="54849625-5478-4994-A5BA-3E3B0328C30D">
    </Provider>
    <EventID>4907</EventID>
    <Version>0</Version>
    <Level>0</Level>
    <Task>13568</Task>
    <Opcode>0</Opcode>
    <Keywords>0x8020000000000000</Keywords>
    <TimeCreated SystemTime="2016-07-16T21:11:09.912113Z">
    </TimeCreated>
    <EventRecordID>1162</EventRecordID>
    <Correlation>
    </Correlation>
    <Execution ProcessID="548" ThreadID="564">
    </Execution>
    <Channel>Security</Channel>
    <Computer>WIN-03DLIIOFRRA</Computer>
    <Security>
    </Security>
  </System>
  <EventData>
    <Data Name="SubjectUserSid">S-1-5-18</Data>
    <Data Name="SubjectUserName">WIN-03DLIIOFRRA$</Data>
    <Data Name="SubjectDomainName">WORKGROUP</Data>
    <Data Name="SubjectLogonId">0x3e7</Data>
    <Data Name="ObjectServer">Security</Data>
    <Data Name="ObjectType">File</Data>
    <Data Name="ObjectName">C:\Windows\Microsoft.NET\Framework\v2.0.50727\aspnet_wp.exe</Data>
    <Data Name="HandleId">0x1c</Data>
    <Data Name="OldSd"></Data>
    <Data Name="NewSd">S:ARAI(AU;SAFA;DCLCRPCRSDWDWO;;;WD)</Data>
    <Data Name="ProcessId">0x13b8</Data>
    <Data Name="ProcessName">C:\Windows\System32\poqexec.exe</Data>
  </EventData>
</Event>
Record 1163
<?xml version="1.0" encoding="utf-8"?>
<Event xmlns="http://schemas.microsoft.com/win/2004/08/events/event">
  <System>
    <Provider Name="Microsoft-Windows-Security-Auditing" Guid="54849625-5478-4994-A5BA-3E3B0328C30D">
    </Provider>
    <EventID>4907</EventID>
    <Version>0</Version>
    <Level>0</Level>
    <Task>13568</Task>
    <Opcode>0</Opcode>
    <Keywords>0x8020000000000000</Keywords>
    <TimeCreated SystemTime="2016-07-16T21:11:09.912113Z">
    </TimeCreated>
    <EventRecordID>1163</EventRecordID>
    <Correlation>
    </Correlation>
    <Execution ProcessID="548" ThreadID="564">
    </Execution>
    <Channel>Security</Channel>
    <Computer>WIN-03DLIIOFRRA</Computer>
    <Security>
    </Security>
  </System>
  <EventData>
    <Data Name="SubjectUserSid">S-1-5-18</Data>
    <Data Name="SubjectUserName">WIN-03DLIIOFRRA$</Data>
    <Data Name="SubjectDomainName">WORKGROUP</Data>
    <Data Name="SubjectLogonId">0x3e7</Data>
    <Data Name="ObjectServer">Security</Data>
    <Data Name="ObjectType">File</Data>
    <Data Name="ObjectName">C:\Windows\Microsoft.NET\Framework\v2.0.50727\System.Web.dll</Data>
    <Data Name="HandleId">0x1c</Data>
    <Data Name="OldSd"></Data>
    <Data Name="NewSd">S:ARAI(AU;SAFA;DCLCRPCRSDWDWO;;;WD)</Data>
    <Data Name="ProcessId">0x13b8</Data>
    <Data Name="ProcessName">C:\Windows\System32\poqexec.exe</Data>
  </EventData>
</Event>
Record 1164
<?xml version="1.0" encoding="utf-8"?>
<Event xmlns="http://schemas.microsoft.com/win/2004/08/events/event">
  <System>
    <Provider Name="Microsoft-Windows-Security-Auditing" Guid="54849625-5478-4994-A5BA-3E3B0328C30D">
    </Provider>
    <EventID>4907</EventID>
    <Version>0</Version>
    <Level>0</Level>
    <Task>13568</Task>
    <Opcode>0</Opcode>
    <Keywords>0x8020000000000000</Keywords>
    <TimeCreated SystemTime="2016-07-16T21:11:09.912113Z">
    </TimeCreated>
    <EventRecordID>1164</EventRecordID>
    <Correlation>
    </Correlation>
    <Execution ProcessID="548" ThreadID="564">
    </Execution>
    <Channel>Security</Channel>
    <Computer>WIN-03DLIIOFRRA</Computer>
    <Security>
    </Security>
  </System>
  <EventData>
    <Data Name="SubjectUserSid">S-1-5-18</Data>
    <Data Name="SubjectUserName">WIN-03DLIIOFRRA$</Data>
    <Data Name="SubjectDomainName">WORKGROUP</Data>
    <Data Name="SubjectLogonId">0x3e7</Data>
    <Data Name="ObjectServer">Security</Data>
    <Data Name="ObjectType">File</Data>
    <Data Name="ObjectName">C:\Windows\Microsoft.NET\Framework\v2.0.50727\System.Data.dll</Data>
    <Data Name="HandleId">0x1c</Data>
    <Data Name="OldSd"></Data>
    <Data Name="NewSd">S:ARAI(AU;SAFA;DCLCRPCRSDWDWO;;;WD)</Data>
    <Data Name="ProcessId">0x13b8</Data>
    <Data Name="ProcessName">C:\Windows\System32\poqexec.exe</Data>
  </EventData>
</Event>
Record 1165
<?xml version="1.0" encoding="utf-8"?>
<Event xmlns="http://schemas.microsoft.com/win/2004/08/events/event">
  <System>
    <Provider Name="Microsoft-Windows-Security-Auditing" Guid="54849625-5478-4994-A5BA-3E3B0328C30D">
    </Provider>
    <EventID>4907</EventID>
    <Version>0</Version>
    <Level>0</Level>
    <Task>13568</Task>
    <Opcode>0</Opcode>
    <Keywords>0x8020000000000000</Keywords>
    <TimeCreated SystemTime="2016-07-16T21:11:09.927713Z">
    </TimeCreated>
    <EventRecordID>1165</EventRecordID>
    <Correlation>
    </Correlation>
    <Execution ProcessID="548" ThreadID="564">
    </Execution>
    <Channel>Security</Channel>
    <Computer>WIN-03DLIIOFRRA</Computer>
    <Security>
    </Security>
  </System>
  <EventData>
    <Data Name="SubjectUserSid">S-1-5-18</Data>
    <Data Name="SubjectUserName">WIN-03DLIIOFRRA$</Data>
    <Data Name="SubjectDomainName">WORKGROUP</Data>
    <Data Name="SubjectLogonId">0x3e7</Data>
    <Data Name="ObjectServer">Security</Data>
    <Data Name="ObjectType">File</Data>
    <Data Name="ObjectName">C:\Windows\Microsoft.NET\Framework64\v2.0.50727\webengine.dll</Data>
    <Data Name="HandleId">0x1c</Data>
    <Data Name="OldSd"></Data>
    <Data Name="NewSd">S:ARAI(AU;SAFA;DCLCRPCRSDWDWO;;;WD)</Data>
    <Data Name="ProcessId">0x13b8</Data>
    <Data Name="ProcessName">C:\Windows\System32\poqexec.exe</Data>
  </EventData>
</Event>
Record 1166
<?xml version="1.0" encoding="utf-8"?>
<Event xmlns="http://schemas.microsoft.com/win/2004/08/events/event">
  <System>
    <Provider Name="Microsoft-Windows-Security-Auditing" Guid="54849625-5478-4994-A5BA-3E3B0328C30D">
    </Provider>
    <EventID>4907</EventID>
    <Version>0</Version>
    <Level>0</Level>
    <Task>13568</Task>
    <Opcode>0</Opcode>
    <Keywords>0x8020000000000000</Keywords>
    <TimeCreated SystemTime="2016-07-16T21:11:09.927713Z">
    </TimeCreated>
    <EventRecordID>1166</EventRecordID>
    <Correlation>
    </Correlation>
    <Execution ProcessID="548" ThreadID="564">
    </Execution>
    <Channel>Security</Channel>
    <Computer>WIN-03DLIIOFRRA</Computer>
    <Security>
    </Security>
  </System>
  <EventData>
    <Data Name="SubjectUserSid">S-1-5-18</Data>
    <Data Name="SubjectUserName">WIN-03DLIIOFRRA$</Data>
    <Data Name="SubjectDomainName">WORKGROUP</Data>
    <Data Name="SubjectLogonId">0x3e7</Data>
    <Data Name="ObjectServer">Security</Data>
    <Data Name="ObjectType">File</Data>
    <Data Name="ObjectName">C:\Windows\Microsoft.NET\Framework64\v2.0.50727\aspnet_wp.exe</Data>
    <Data Name="HandleId">0x1c</Data>
    <Data Name="OldSd"></Data>
    <Data Name="NewSd">S:ARAI(AU;SAFA;DCLCRPCRSDWDWO;;;WD)</Data>
    <Data Name="ProcessId">0x13b8</Data>
    <Data Name="ProcessName">C:\Windows\System32\poqexec.exe</Data>
  </EventData>
</Event>
Record 1167
<?xml version="1.0" encoding="utf-8"?>
<Event xmlns="http://schemas.microsoft.com/win/2004/08/events/event">
  <System>
    <Provider Name="Microsoft-Windows-Security-Auditing" Guid="54849625-5478-4994-A5BA-3E3B0328C30D">
    </Provider>
    <EventID>4907</EventID>
    <Version>0</Version>
    <Level>0</Level>
    <Task>13568</Task>
    <Opcode>0</Opcode>
    <Keywords>0x8020000000000000</Keywords>
    <TimeCreated SystemTime="2016-07-16T21:11:09.927713Z">
    </TimeCreated>
    <EventRecordID>1167</EventRecordID>
    <Correlation>
    </Correlation>
    <Execution ProcessID="548" ThreadID="564">
    </Execution>
    <Channel>Security</Channel>
    <Computer>WIN-03DLIIOFRRA</Computer>
    <Security>
    </Security>
  </System>
  <EventData>
    <Data Name="SubjectUserSid">S-1-5-18</Data>
    <Data Name="SubjectUserName">WIN-03DLIIOFRRA$</Data>
    <Data Name="SubjectDomainName">WORKGROUP</Data>
    <Data Name="SubjectLogonId">0x3e7</Data>
    <Data Name="ObjectServer">Security</Data>
    <Data Name="ObjectType">File</Data>
    <Data Name="ObjectName">C:\Windows\Microsoft.NET\Framework64\v2.0.50727\System.Web.dll</Data>
    <Data Name="HandleId">0x1c</Data>
    <Data Name="OldSd"></Data>
    <Data Name="NewSd">S:ARAI(AU;SAFA;DCLCRPCRSDWDWO;;;WD)</Data>
    <Data Name="ProcessId">0x13b8</Data>
    <Data Name="ProcessName">C:\Windows\System32\poqexec.exe</Data>
  </EventData>
</Event>
Record 1168
<?xml version="1.0" encoding="utf-8"?>
<Event xmlns="http://schemas.microsoft.com/win/2004/08/events/event">
  <System>
    <Provider Name="Microsoft-Windows-Security-Auditing" Guid="54849625-5478-4994-A5BA-3E3B0328C30D">
    </Provider>
    <EventID>4907</EventID>
    <Version>0</Version>
    <Level>0</Level>
    <Task>13568</Task>
    <Opcode>0</Opcode>
    <Keywords>0x8020000000000000</Keywords>
    <TimeCreated SystemTime="2016-07-16T21:11:09.927713Z">
    </TimeCreated>
    <EventRecordID>1168</EventRecordID>
    <Correlation>
    </Correlation>
    <Execution ProcessID="548" ThreadID="564">
    </Execution>
    <Channel>Security</Channel>
    <Computer>WIN-03DLIIOFRRA</Computer>
    <Security>
    </Security>
  </System>
  <EventData>
    <Data Name="SubjectUserSid">S-1-5-18</Data>
    <Data Name="SubjectUserName">WIN-03DLIIOFRRA$</Data>
    <Data Name="SubjectDomainName">WORKGROUP</Data>
    <Data Name="SubjectLogonId">0x3e7</Data>
    <Data Name="ObjectServer">Security</Data>
    <Data Name="ObjectType">File</Data>
    <Data Name="ObjectName">C:\Windows\Microsoft.NET\Framework64\v2.0.50727\System.Data.dll</Data>
    <Data Name="HandleId">0x1c</Data>
    <Data Name="OldSd"></Data>
    <Data Name="NewSd">S:ARAI(AU;SAFA;DCLCRPCRSDWDWO;;;WD)</Data>
    <Data Name="ProcessId">0x13b8</Data>
    <Data Name="ProcessName">C:\Windows\System32\poqexec.exe</Data>
  </EventData>
</Event>
Record 1169
<?xml version="1.0" encoding="utf-8"?>
<Event xmlns="http://schemas.microsoft.com/win/2004/08/events/event">
  <System>
    <Provider Name="Microsoft-Windows-Security-Auditing" Guid="54849625-5478-4994-A5BA-3E3B0328C30D">
    </Provider>
    <EventID>4907</EventID>
    <Version>0</Version>
    <Level>0</Level>
    <Task>13568</Task>
    <Opcode>0</Opcode>
    <Keywords>0x8020000000000000</Keywords>
    <TimeCreated SystemTime="2016-07-16T21:11:09.943313Z">
    </TimeCreated>
    <EventRecordID>1169</EventRecordID>
    <Correlation>
    </Correlation>
    <Execution ProcessID="548" ThreadID="564">
    </Execution>
    <Channel>Security</Channel>
    <Computer>WIN-03DLIIOFRRA</Computer>
    <Security>
    </Security>
  </System>
  <EventData>
    <Data Name="SubjectUserSid">S-1-5-18</Data>
    <Data Name="SubjectUserName">WIN-03DLIIOFRRA$</Data>
    <Data Name="SubjectDomainName">WORKGROUP</Data>
    <Data Name="SubjectLogonId">0x3e7</Data>
    <Data Name="ObjectServer">Security</Data>
    <Data Name="ObjectType">File</Data>
    <Data Name="ObjectName">C:\Windows\System32\smss.exe</Data>
    <Data Name="HandleId">0x1c</Data>
    <Data Name="OldSd"></Data>
    <Data Name="NewSd">S:ARAI(AU;SAFA;DCLCRPCRSDWDWO;;;WD)</Data>
    <Data Name="ProcessId">0x13b8</Data>
    <Data Name="ProcessName">C:\Windows\System32\poqexec.exe</Data>
  </EventData>
</Event>
Record 1170
<?xml version="1.0" encoding="utf-8"?>
<Event xmlns="http://schemas.microsoft.com/win/2004/08/events/event">
  <System>
    <Provider Name="Microsoft-Windows-Security-Auditing" Guid="54849625-5478-4994-A5BA-3E3B0328C30D">
    </Provider>
    <EventID>4907</EventID>
    <Version>0</Version>
    <Level>0</Level>
    <Task>13568</Task>
    <Opcode>0</Opcode>
    <Keywords>0x8020000000000000</Keywords>
    <TimeCreated SystemTime="2016-07-16T21:11:09.958913Z">
    </TimeCreated>
    <EventRecordID>1170</EventRecordID>
    <Correlation>
    </Correlation>
    <Execution ProcessID="548" ThreadID="564">
    </Execution>
    <Channel>Security</Channel>
    <Computer>WIN-03DLIIOFRRA</Computer>
    <Security>
    </Security>
  </System>
  <EventData>
    <Data Name="SubjectUserSid">S-1-5-18</Data>
    <Data Name="SubjectUserName">WIN-03DLIIOFRRA$</Data>
    <Data Name="SubjectDomainName">WORKGROUP</Data>
    <Data Name="SubjectLogonId">0x3e7</Data>
    <Data Name="ObjectServer">Security</Data>
    <Data Name="ObjectType">File</Data>
    <Data Name="ObjectName">C:\Windows\System32\csrsrv.dll</Data>
    <Data Name="HandleId">0x1c</Data>
    <Data Name="OldSd"></Data>
    <Data Name="NewSd">S:ARAI(AU;SAFA;DCLCRPCRSDWDWO;;;WD)</Data>
    <Data Name="ProcessId">0x13b8</Data>
    <Data Name="ProcessName">C:\Windows\System32\poqexec.exe</Data>
  </EventData>
</Event>
Record 1171
<?xml version="1.0" encoding="utf-8"?>
<Event xmlns="http://schemas.microsoft.com/win/2004/08/events/event">
  <System>
    <Provider Name="Microsoft-Windows-Security-Auditing" Guid="54849625-5478-4994-A5BA-3E3B0328C30D">
    </Provider>
    <EventID>4907</EventID>
    <Version>0</Version>
    <Level>0</Level>
    <Task>13568</Task>
    <Opcode>0</Opcode>
    <Keywords>0x8020000000000000</Keywords>
    <TimeCreated SystemTime="2016-07-16T21:11:09.958913Z">
    </TimeCreated>
    <EventRecordID>1171</EventRecordID>
    <Correlation>
    </Correlation>
    <Execution ProcessID="548" ThreadID="564">
    </Execution>
    <Channel>Security</Channel>
    <Computer>WIN-03DLIIOFRRA</Computer>
    <Security>
    </Security>
  </System>
  <EventData>
    <Data Name="SubjectUserSid">S-1-5-18</Data>
    <Data Name="SubjectUserName">WIN-03DLIIOFRRA$</Data>
    <Data Name="SubjectDomainName">WORKGROUP</Data>
    <Data Name="SubjectLogonId">0x3e7</Data>
    <Data Name="ObjectServer">Security</Data>
    <Data Name="ObjectType">File</Data>
    <Data Name="ObjectName">C:\Windows\System32\ntdll.dll</Data>
    <Data Name="HandleId">0x1c</Data>
    <Data Name="OldSd"></Data>
    <Data Name="NewSd">S:ARAI(AU;SAFA;DCLCRPCRSDWDWO;;;WD)</Data>
    <Data Name="ProcessId">0x13b8</Data>
    <Data Name="ProcessName">C:\Windows\System32\poqexec.exe</Data>
  </EventData>
</Event>
Record 1172
<?xml version="1.0" encoding="utf-8"?>
<Event xmlns="http://schemas.microsoft.com/win/2004/08/events/event">
  <System>
    <Provider Name="Microsoft-Windows-Security-Auditing" Guid="54849625-5478-4994-A5BA-3E3B0328C30D">
    </Provider>
    <EventID>4907</EventID>
    <Version>0</Version>
    <Level>0</Level>
    <Task>13568</Task>
    <Opcode>0</Opcode>
    <Keywords>0x8020000000000000</Keywords>
    <TimeCreated SystemTime="2016-07-16T21:11:09.958913Z">
    </TimeCreated>
    <EventRecordID>1172</EventRecordID>
    <Correlation>
    </Correlation>
    <Execution ProcessID="548" ThreadID="564">
    </Execution>
    <Channel>Security</Channel>
    <Computer>WIN-03DLIIOFRRA</Computer>
    <Security>
    </Security>
  </System>
  <EventData>
    <Data Name="SubjectUserSid">S-1-5-18</Data>
    <Data Name="SubjectUserName">WIN-03DLIIOFRRA$</Data>
    <Data Name="SubjectDomainName">WORKGROUP</Data>
    <Data Name="SubjectLogonId">0x3e7</Data>
    <Data Name="ObjectServer">Security</Data>
    <Data Name="ObjectType">File</Data>
    <Data Name="ObjectName">C:\Windows\System32\ntoskrnl.exe</Data>
    <Data Name="HandleId">0x1c</Data>
    <Data Name="OldSd"></Data>
    <Data Name="NewSd">S:ARAI(AU;SAFA;DCLCRPCRSDWDWO;;;WD)</Data>
    <Data Name="ProcessId">0x13b8</Data>
    <Data Name="ProcessName">C:\Windows\System32\poqexec.exe</Data>
  </EventData>
</Event>
Record 1173
<?xml version="1.0" encoding="utf-8"?>
<Event xmlns="http://schemas.microsoft.com/win/2004/08/events/event">
  <System>
    <Provider Name="Microsoft-Windows-Security-Auditing" Guid="54849625-5478-4994-A5BA-3E3B0328C30D">
    </Provider>
    <EventID>4907</EventID>
    <Version>0</Version>
    <Level>0</Level>
    <Task>13568</Task>
    <Opcode>0</Opcode>
    <Keywords>0x8020000000000000</Keywords>
    <TimeCreated SystemTime="2016-07-16T21:11:09.958913Z">
    </TimeCreated>
    <EventRecordID>1173</EventRecordID>
    <Correlation>
    </Correlation>
    <Execution ProcessID="548" ThreadID="564">
    </Execution>
    <Channel>Security</Channel>
    <Computer>WIN-03DLIIOFRRA</Computer>
    <Security>
    </Security>
  </System>
  <EventData>
    <Data Name="SubjectUserSid">S-1-5-18</Data>
    <Data Name="SubjectUserName">WIN-03DLIIOFRRA$</Data>
    <Data Name="SubjectDomainName">WORKGROUP</Data>
    <Data Name="SubjectLogonId">0x3e7</Data>
    <Data Name="ObjectServer">Security</Data>
    <Data Name="ObjectType">File</Data>
    <Data Name="ObjectName">C:\Windows\SysWOW64\apisetschema.dll</Data>
    <Data Name="HandleId">0x1c</Data>
    <Data Name="OldSd"></Data>
    <Data Name="NewSd">S:ARAI(AU;SAFA;DCLCRPCRSDWDWO;;;WD)</Data>
    <Data Name="ProcessId">0x13b8</Data>
    <Data Name="ProcessName">C:\Windows\System32\poqexec.exe</Data>
  </EventData>
</Event>
Record 1174
<?xml version="1.0" encoding="utf-8"?>
<Event xmlns="http://schemas.microsoft.com/win/2004/08/events/event">
  <System>
    <Provider Name="Microsoft-Windows-Security-Auditing" Guid="54849625-5478-4994-A5BA-3E3B0328C30D">
    </Provider>
    <EventID>4907</EventID>
    <Version>0</Version>
    <Level>0</Level>
    <Task>13568</Task>
    <Opcode>0</Opcode>
    <Keywords>0x8020000000000000</Keywords>
    <TimeCreated SystemTime="2016-07-16T21:11:09.974513Z">
    </TimeCreated>
    <EventRecordID>1174</EventRecordID>
    <Correlation>
    </Correlation>
    <Execution ProcessID="548" ThreadID="564">
    </Execution>
    <Channel>Security</Channel>
    <Computer>WIN-03DLIIOFRRA</Computer>
    <Security>
    </Security>
  </System>
  <EventData>
    <Data Name="SubjectUserSid">S-1-5-18</Data>
    <Data Name="SubjectUserName">WIN-03DLIIOFRRA$</Data>
    <Data Name="SubjectDomainName">WORKGROUP</Data>
    <Data Name="SubjectLogonId">0x3e7</Data>
    <Data Name="ObjectServer">Security</Data>
    <Data Name="ObjectType">File</Data>
    <Data Name="ObjectName">C:\Windows\SysWOW64\ntdll.dll</Data>
    <Data Name="HandleId">0x1c</Data>
    <Data Name="OldSd"></Data>
    <Data Name="NewSd">S:ARAI(AU;SAFA;DCLCRPCRSDWDWO;;;WD)</Data>
    <Data Name="ProcessId">0x13b8</Data>
    <Data Name="ProcessName">C:\Windows\System32\poqexec.exe</Data>
  </EventData>
</Event>
Record 1175
<?xml version="1.0" encoding="utf-8"?>
<Event xmlns="http://schemas.microsoft.com/win/2004/08/events/event">
  <System>
    <Provider Name="Microsoft-Windows-Security-Auditing" Guid="54849625-5478-4994-A5BA-3E3B0328C30D">
    </Provider>
    <EventID>4907</EventID>
    <Version>0</Version>
    <Level>0</Level>
    <Task>13568</Task>
    <Opcode>0</Opcode>
    <Keywords>0x8020000000000000</Keywords>
    <TimeCreated SystemTime="2016-07-16T21:11:09.974513Z">
    </TimeCreated>
    <EventRecordID>1175</EventRecordID>
    <Correlation>
    </Correlation>
    <Execution ProcessID="548" ThreadID="564">
    </Execution>
    <Channel>Security</Channel>
    <Computer>WIN-03DLIIOFRRA</Computer>
    <Security>
    </Security>
  </System>
  <EventData>
    <Data Name="SubjectUserSid">S-1-5-18</Data>
    <Data Name="SubjectUserName">WIN-03DLIIOFRRA$</Data>
    <Data Name="SubjectDomainName">WORKGROUP</Data>
    <Data Name="SubjectLogonId">0x3e7</Data>
    <Data Name="ObjectServer">Security</Data>
    <Data Name="ObjectType">File</Data>
    <Data Name="ObjectName">C:\Windows\SysWOW64\ntoskrnl.exe</Data>
    <Data Name="HandleId">0x1c</Data>
    <Data Name="OldSd"></Data>
    <Data Name="NewSd">S:ARAI(AU;SAFA;DCLCRPCRSDWDWO;;;WD)</Data>
    <Data Name="ProcessId">0x13b8</Data>
    <Data Name="ProcessName">C:\Windows\System32\poqexec.exe</Data>
  </EventData>
</Event>
Record 1176
<?xml version="1.0" encoding="utf-8"?>
<Event xmlns="http://schemas.microsoft.com/win/2004/08/events/event">
  <System>
    <Provider Name="Microsoft-Windows-Security-Auditing" Guid="54849625-5478-4994-A5BA-3E3B0328C30D">
    </Provider>
    <EventID>4907</EventID>
    <Version>0</Version>
    <Level>0</Level>
    <Task>13568</Task>
    <Opcode>0</Opcode>
    <Keywords>0x8020000000000000</Keywords>
    <TimeCreated SystemTime="2016-07-16T21:11:09.974513Z">
    </TimeCreated>
    <EventRecordID>1176</EventRecordID>
    <Correlation>
    </Correlation>
    <Execution ProcessID="548" ThreadID="564">
    </Execution>
    <Channel>Security</Channel>
    <Computer>WIN-03DLIIOFRRA</Computer>
    <Security>
    </Security>
  </System>
  <EventData>
    <Data Name="SubjectUserSid">S-1-5-18</Data>
    <Data Name="SubjectUserName">WIN-03DLIIOFRRA$</Data>
    <Data Name="SubjectDomainName">WORKGROUP</Data>
    <Data Name="SubjectLogonId">0x3e7</Data>
    <Data Name="ObjectServer">Security</Data>
    <Data Name="ObjectType">File</Data>
    <Data Name="ObjectName">C:\Windows\SysWOW64\ntkrnlpa.exe</Data>
    <Data Name="HandleId">0x1c</Data>
    <Data Name="OldSd"></Data>
    <Data Name="NewSd">S:ARAI(AU;SAFA;DCLCRPCRSDWDWO;;;WD)</Data>
    <Data Name="ProcessId">0x13b8</Data>
    <Data Name="ProcessName">C:\Windows\System32\poqexec.exe</Data>
  </EventData>
</Event>
Record 1177
<?xml version="1.0" encoding="utf-8"?>
<Event xmlns="http://schemas.microsoft.com/win/2004/08/events/event">
  <System>
    <Provider Name="Microsoft-Windows-Security-Auditing" Guid="54849625-5478-4994-A5BA-3E3B0328C30D">
    </Provider>
    <EventID>4907</EventID>
    <Version>0</Version>
    <Level>0</Level>
    <Task>13568</Task>
    <Opcode>0</Opcode>
    <Keywords>0x8020000000000000</Keywords>
    <TimeCreated SystemTime="2016-07-16T21:11:09.990113Z">
    </TimeCreated>
    <EventRecordID>1177</EventRecordID>
    <Correlation>
    </Correlation>
    <Execution ProcessID="548" ThreadID="564">
    </Execution>
    <Channel>Security</Channel>
    <Computer>WIN-03DLIIOFRRA</Computer>
    <Security>
    </Security>
  </System>
  <EventData>
    <Data Name="SubjectUserSid">S-1-5-18</Data>
    <Data Name="SubjectUserName">WIN-03DLIIOFRRA$</Data>
    <Data Name="SubjectDomainName">WORKGROUP</Data>
    <Data Name="SubjectLogonId">0x3e7</Data>
    <Data Name="ObjectServer">Security</Data>
    <Data Name="ObjectType">File</Data>
    <Data Name="ObjectName">C:\Windows\AppPatch\acwow64.dll</Data>
    <Data Name="HandleId">0x1c</Data>
    <Data Name="OldSd"></Data>
    <Data Name="NewSd">S:ARAI(AU;SAFA;DCLCRPCRSDWDWO;;;WD)</Data>
    <Data Name="ProcessId">0x13b8</Data>
    <Data Name="ProcessName">C:\Windows\System32\poqexec.exe</Data>
  </EventData>
</Event>
Record 1178
<?xml version="1.0" encoding="utf-8"?>
<Event xmlns="http://schemas.microsoft.com/win/2004/08/events/event">
  <System>
    <Provider Name="Microsoft-Windows-Security-Auditing" Guid="54849625-5478-4994-A5BA-3E3B0328C30D">
    </Provider>
    <EventID>4907</EventID>
    <Version>0</Version>
    <Level>0</Level>
    <Task>13568</Task>
    <Opcode>0</Opcode>
    <Keywords>0x8020000000000000</Keywords>
    <TimeCreated SystemTime="2016-07-16T21:11:09.990113Z">
    </TimeCreated>
    <EventRecordID>1178</EventRecordID>
    <Correlation>
    </Correlation>
    <Execution ProcessID="548" ThreadID="564">
    </Execution>
    <Channel>Security</Channel>
    <Computer>WIN-03DLIIOFRRA</Computer>
    <Security>
    </Security>
  </System>
  <EventData>
    <Data Name="SubjectUserSid">S-1-5-18</Data>
    <Data Name="SubjectUserName">WIN-03DLIIOFRRA$</Data>
    <Data Name="SubjectDomainName">WORKGROUP</Data>
    <Data Name="SubjectLogonId">0x3e7</Data>
    <Data Name="ObjectServer">Security</Data>
    <Data Name="ObjectType">File</Data>
    <Data Name="ObjectName">C:\Windows\System32\tdh.dll</Data>
    <Data Name="HandleId">0x1c</Data>
    <Data Name="OldSd"></Data>
    <Data Name="NewSd">S:ARAI(AU;SAFA;DCLCRPCRSDWDWO;;;WD)</Data>
    <Data Name="ProcessId">0x13b8</Data>
    <Data Name="ProcessName">C:\Windows\System32\poqexec.exe</Data>
  </EventData>
</Event>
Record 1179
<?xml version="1.0" encoding="utf-8"?>
<Event xmlns="http://schemas.microsoft.com/win/2004/08/events/event">
  <System>
    <Provider Name="Microsoft-Windows-Security-Auditing" Guid="54849625-5478-4994-A5BA-3E3B0328C30D">
    </Provider>
    <EventID>4907</EventID>
    <Version>0</Version>
    <Level>0</Level>
    <Task>13568</Task>
    <Opcode>0</Opcode>
    <Keywords>0x8020000000000000</Keywords>
    <TimeCreated SystemTime="2016-07-16T21:11:10.005713Z">
    </TimeCreated>
    <EventRecordID>1179</EventRecordID>
    <Correlation>
    </Correlation>
    <Execution ProcessID="548" ThreadID="564">
    </Execution>
    <Channel>Security</Channel>
    <Computer>WIN-03DLIIOFRRA</Computer>
    <Security>
    </Security>
  </System>
  <EventData>
    <Data Name="SubjectUserSid">S-1-5-18</Data>
    <Data Name="SubjectUserName">WIN-03DLIIOFRRA$</Data>
    <Data Name="SubjectDomainName">WORKGROUP</Data>
    <Data Name="SubjectLogonId">0x3e7</Data>
    <Data Name="ObjectServer">Security</Data>
    <Data Name="ObjectType">File</Data>
    <Data Name="ObjectName">C:\Windows\System32\api-ms-win-core-debug-l1-1-0.dll</Data>
    <Data Name="HandleId">0x1c</Data>
    <Data Name="OldSd"></Data>
    <Data Name="NewSd">S:ARAI(AU;SAFA;DCLCRPCRSDWDWO;;;WD)</Data>
    <Data Name="ProcessId">0x13b8</Data>
    <Data Name="ProcessName">C:\Windows\System32\poqexec.exe</Data>
  </EventData>
</Event>
Record 1180
<?xml version="1.0" encoding="utf-8"?>
<Event xmlns="http://schemas.microsoft.com/win/2004/08/events/event">
  <System>
    <Provider Name="Microsoft-Windows-Security-Auditing" Guid="54849625-5478-4994-A5BA-3E3B0328C30D">
    </Provider>
    <EventID>4907</EventID>
    <Version>0</Version>
    <Level>0</Level>
    <Task>13568</Task>
    <Opcode>0</Opcode>
    <Keywords>0x8020000000000000</Keywords>
    <TimeCreated SystemTime="2016-07-16T21:11:10.005713Z">
    </TimeCreated>
    <EventRecordID>1180</EventRecordID>
    <Correlation>
    </Correlation>
    <Execution ProcessID="548" ThreadID="564">
    </Execution>
    <Channel>Security</Channel>
    <Computer>WIN-03DLIIOFRRA</Computer>
    <Security>
    </Security>
  </System>
  <EventData>
    <Data Name="SubjectUserSid">S-1-5-18</Data>
    <Data Name="SubjectUserName">WIN-03DLIIOFRRA$</Data>
    <Data Name="SubjectDomainName">WORKGROUP</Data>
    <Data Name="SubjectLogonId">0x3e7</Data>
    <Data Name="ObjectServer">Security</Data>
    <Data Name="ObjectType">File</Data>
    <Data Name="ObjectName">C:\Windows\System32\api-ms-win-core-misc-l1-1-0.dll</Data>
    <Data Name="HandleId">0x1c</Data>
    <Data Name="OldSd"></Data>
    <Data Name="NewSd">S:ARAI(AU;SAFA;DCLCRPCRSDWDWO;;;WD)</Data>
    <Data Name="ProcessId">0x13b8</Data>
    <Data Name="ProcessName">C:\Windows\System32\poqexec.exe</Data>
  </EventData>
</Event>
Record 1181
<?xml version="1.0" encoding="utf-8"?>
<Event xmlns="http://schemas.microsoft.com/win/2004/08/events/event">
  <System>
    <Provider Name="Microsoft-Windows-Security-Auditing" Guid="54849625-5478-4994-A5BA-3E3B0328C30D">
    </Provider>
    <EventID>4907</EventID>
    <Version>0</Version>
    <Level>0</Level>
    <Task>13568</Task>
    <Opcode>0</Opcode>
    <Keywords>0x8020000000000000</Keywords>
    <TimeCreated SystemTime="2016-07-16T21:11:10.005713Z">
    </TimeCreated>
    <EventRecordID>1181</EventRecordID>
    <Correlation>
    </Correlation>
    <Execution ProcessID="548" ThreadID="564">
    </Execution>
    <Channel>Security</Channel>
    <Computer>WIN-03DLIIOFRRA</Computer>
    <Security>
    </Security>
  </System>
  <EventData>
    <Data Name="SubjectUserSid">S-1-5-18</Data>
    <Data Name="SubjectUserName">WIN-03DLIIOFRRA$</Data>
    <Data Name="SubjectDomainName">WORKGROUP</Data>
    <Data Name="SubjectLogonId">0x3e7</Data>
    <Data Name="ObjectServer">Security</Data>
    <Data Name="ObjectType">File</Data>
    <Data Name="ObjectName">C:\Windows\System32\api-ms-win-core-namedpipe-l1-1-0.dll</Data>
    <Data Name="HandleId">0x1c</Data>
    <Data Name="OldSd"></Data>
    <Data Name="NewSd">S:ARAI(AU;SAFA;DCLCRPCRSDWDWO;;;WD)</Data>
    <Data Name="ProcessId">0x13b8</Data>
    <Data Name="ProcessName">C:\Windows\System32\poqexec.exe</Data>
  </EventData>
</Event>
Record 1182
<?xml version="1.0" encoding="utf-8"?>
<Event xmlns="http://schemas.microsoft.com/win/2004/08/events/event">
  <System>
    <Provider Name="Microsoft-Windows-Security-Auditing" Guid="54849625-5478-4994-A5BA-3E3B0328C30D">
    </Provider>
    <EventID>4907</EventID>
    <Version>0</Version>
    <Level>0</Level>
    <Task>13568</Task>
    <Opcode>0</Opcode>
    <Keywords>0x8020000000000000</Keywords>
    <TimeCreated SystemTime="2016-07-16T21:11:10.005713Z">
    </TimeCreated>
    <EventRecordID>1182</EventRecordID>
    <Correlation>
    </Correlation>
    <Execution ProcessID="548" ThreadID="564">
    </Execution>
    <Channel>Security</Channel>
    <Computer>WIN-03DLIIOFRRA</Computer>
    <Security>
    </Security>
  </System>
  <EventData>
    <Data Name="SubjectUserSid">S-1-5-18</Data>
    <Data Name="SubjectUserName">WIN-03DLIIOFRRA$</Data>
    <Data Name="SubjectDomainName">WORKGROUP</Data>
    <Data Name="SubjectLogonId">0x3e7</Data>
    <Data Name="ObjectServer">Security</Data>
    <Data Name="ObjectType">File</Data>
    <Data Name="ObjectName">C:\Windows\System32\api-ms-win-core-heap-l1-1-0.dll</Data>
    <Data Name="HandleId">0x1c</Data>
    <Data Name="OldSd"></Data>
    <Data Name="NewSd">S:ARAI(AU;SAFA;DCLCRPCRSDWDWO;;;WD)</Data>
    <Data Name="ProcessId">0x13b8</Data>
    <Data Name="ProcessName">C:\Windows\System32\poqexec.exe</Data>
  </EventData>
</Event>
Record 1183
<?xml version="1.0" encoding="utf-8"?>
<Event xmlns="http://schemas.microsoft.com/win/2004/08/events/event">
  <System>
    <Provider Name="Microsoft-Windows-Security-Auditing" Guid="54849625-5478-4994-A5BA-3E3B0328C30D">
    </Provider>
    <EventID>4907</EventID>
    <Version>0</Version>
    <Level>0</Level>
    <Task>13568</Task>
    <Opcode>0</Opcode>
    <Keywords>0x8020000000000000</Keywords>
    <TimeCreated SystemTime="2016-07-16T21:11:10.005713Z">
    </TimeCreated>
    <EventRecordID>1183</EventRecordID>
    <Correlation>
    </Correlation>
    <Execution ProcessID="548" ThreadID="564">
    </Execution>
    <Channel>Security</Channel>
    <Computer>WIN-03DLIIOFRRA</Computer>
    <Security>
    </Security>
  </System>
  <EventData>
    <Data Name="SubjectUserSid">S-1-5-18</Data>
    <Data Name="SubjectUserName">WIN-03DLIIOFRRA$</Data>
    <Data Name="SubjectDomainName">WORKGROUP</Data>
    <Data Name="SubjectLogonId">0x3e7</Data>
    <Data Name="ObjectServer">Security</Data>
    <Data Name="ObjectType">File</Data>
    <Data Name="ObjectName">C:\Windows\System32\wow64.dll</Data>
    <Data Name="HandleId">0x1c</Data>
    <Data Name="OldSd"></Data>
    <Data Name="NewSd">S:ARAI(AU;SAFA;DCLCRPCRSDWDWO;;;WD)</Data>
    <Data Name="ProcessId">0x13b8</Data>
    <Data Name="ProcessName">C:\Windows\System32\poqexec.exe</Data>
  </EventData>
</Event>
Record 1184
<?xml version="1.0" encoding="utf-8"?>
<Event xmlns="http://schemas.microsoft.com/win/2004/08/events/event">
  <System>
    <Provider Name="Microsoft-Windows-Security-Auditing" Guid="54849625-5478-4994-A5BA-3E3B0328C30D">
    </Provider>
    <EventID>4907</EventID>
    <Version>0</Version>
    <Level>0</Level>
    <Task>13568</Task>
    <Opcode>0</Opcode>
    <Keywords>0x8020000000000000</Keywords>
    <TimeCreated SystemTime="2016-07-16T21:11:10.021313Z">
    </TimeCreated>
    <EventRecordID>1184</EventRecordID>
    <Correlation>
    </Correlation>
    <Execution ProcessID="548" ThreadID="564">
    </Execution>
    <Channel>Security</Channel>
    <Computer>WIN-03DLIIOFRRA</Computer>
    <Security>
    </Security>
  </System>
  <EventData>
    <Data Name="SubjectUserSid">S-1-5-18</Data>
    <Data Name="SubjectUserName">WIN-03DLIIOFRRA$</Data>
    <Data Name="SubjectDomainName">WORKGROUP</Data>
    <Data Name="SubjectLogonId">0x3e7</Data>
    <Data Name="ObjectServer">Security</Data>
    <Data Name="ObjectType">File</Data>
    <Data Name="ObjectName">C:\Windows\System32\wow64cpu.dll</Data>
    <Data Name="HandleId">0x1c</Data>
    <Data Name="OldSd"></Data>
    <Data Name="NewSd">S:ARAI(AU;SAFA;DCLCRPCRSDWDWO;;;WD)</Data>
    <Data Name="ProcessId">0x13b8</Data>
    <Data Name="ProcessName">C:\Windows\System32\poqexec.exe</Data>
  </EventData>
</Event>
Record 1185
<?xml version="1.0" encoding="utf-8"?>
<Event xmlns="http://schemas.microsoft.com/win/2004/08/events/event">
  <System>
    <Provider Name="Microsoft-Windows-Security-Auditing" Guid="54849625-5478-4994-A5BA-3E3B0328C30D">
    </Provider>
    <EventID>4907</EventID>
    <Version>0</Version>
    <Level>0</Level>
    <Task>13568</Task>
    <Opcode>0</Opcode>
    <Keywords>0x8020000000000000</Keywords>
    <TimeCreated SystemTime="2016-07-16T21:11:10.021313Z">
    </TimeCreated>
    <EventRecordID>1185</EventRecordID>
    <Correlation>
    </Correlation>
    <Execution ProcessID="548" ThreadID="564">
    </Execution>
    <Channel>Security</Channel>
    <Computer>WIN-03DLIIOFRRA</Computer>
    <Security>
    </Security>
  </System>
  <EventData>
    <Data Name="SubjectUserSid">S-1-5-18</Data>
    <Data Name="SubjectUserName">WIN-03DLIIOFRRA$</Data>
    <Data Name="SubjectDomainName">WORKGROUP</Data>
    <Data Name="SubjectLogonId">0x3e7</Data>
    <Data Name="ObjectServer">Security</Data>
    <Data Name="ObjectType">File</Data>
    <Data Name="ObjectName">C:\Windows\System32\api-ms-win-core-handle-l1-1-0.dll</Data>
    <Data Name="HandleId">0x1c</Data>
    <Data Name="OldSd"></Data>
    <Data Name="NewSd">S:ARAI(AU;SAFA;DCLCRPCRSDWDWO;;;WD)</Data>
    <Data Name="ProcessId">0x13b8</Data>
    <Data Name="ProcessName">C:\Windows\System32\poqexec.exe</Data>
  </EventData>
</Event>
Record 1186
<?xml version="1.0" encoding="utf-8"?>
<Event xmlns="http://schemas.microsoft.com/win/2004/08/events/event">
  <System>
    <Provider Name="Microsoft-Windows-Security-Auditing" Guid="54849625-5478-4994-A5BA-3E3B0328C30D">
    </Provider>
    <EventID>4907</EventID>
    <Version>0</Version>
    <Level>0</Level>
    <Task>13568</Task>
    <Opcode>0</Opcode>
    <Keywords>0x8020000000000000</Keywords>
    <TimeCreated SystemTime="2016-07-16T21:11:10.021313Z">
    </TimeCreated>
    <EventRecordID>1186</EventRecordID>
    <Correlation>
    </Correlation>
    <Execution ProcessID="548" ThreadID="564">
    </Execution>
    <Channel>Security</Channel>
    <Computer>WIN-03DLIIOFRRA</Computer>
    <Security>
    </Security>
  </System>
  <EventData>
    <Data Name="SubjectUserSid">S-1-5-18</Data>
    <Data Name="SubjectUserName">WIN-03DLIIOFRRA$</Data>
    <Data Name="SubjectDomainName">WORKGROUP</Data>
    <Data Name="SubjectLogonId">0x3e7</Data>
    <Data Name="ObjectServer">Security</Data>
    <Data Name="ObjectType">File</Data>
    <Data Name="ObjectName">C:\Windows\System32\api-ms-win-core-errorhandling-l1-1-0.dll</Data>
    <Data Name="HandleId">0x1c</Data>
    <Data Name="OldSd"></Data>
    <Data Name="NewSd">S:ARAI(AU;SAFA;DCLCRPCRSDWDWO;;;WD)</Data>
    <Data Name="ProcessId">0x13b8</Data>
    <Data Name="ProcessName">C:\Windows\System32\poqexec.exe</Data>
  </EventData>
</Event>
Record 1187
<?xml version="1.0" encoding="utf-8"?>
<Event xmlns="http://schemas.microsoft.com/win/2004/08/events/event">
  <System>
    <Provider Name="Microsoft-Windows-Security-Auditing" Guid="54849625-5478-4994-A5BA-3E3B0328C30D">
    </Provider>
    <EventID>4907</EventID>
    <Version>0</Version>
    <Level>0</Level>
    <Task>13568</Task>
    <Opcode>0</Opcode>
    <Keywords>0x8020000000000000</Keywords>
    <TimeCreated SystemTime="2016-07-16T21:11:10.021313Z">
    </TimeCreated>
    <EventRecordID>1187</EventRecordID>
    <Correlation>
    </Correlation>
    <Execution ProcessID="548" ThreadID="564">
    </Execution>
    <Channel>Security</Channel>
    <Computer>WIN-03DLIIOFRRA</Computer>
    <Security>
    </Security>
  </System>
  <EventData>
    <Data Name="SubjectUserSid">S-1-5-18</Data>
    <Data Name="SubjectUserName">WIN-03DLIIOFRRA$</Data>
    <Data Name="SubjectDomainName">WORKGROUP</Data>
    <Data Name="SubjectLogonId">0x3e7</Data>
    <Data Name="ObjectServer">Security</Data>
    <Data Name="ObjectType">File</Data>
    <Data Name="ObjectName">C:\Windows\System32\api-ms-win-core-datetime-l1-1-0.dll</Data>
    <Data Name="HandleId">0x1c</Data>
    <Data Name="OldSd"></Data>
    <Data Name="NewSd">S:ARAI(AU;SAFA;DCLCRPCRSDWDWO;;;WD)</Data>
    <Data Name="ProcessId">0x13b8</Data>
    <Data Name="ProcessName">C:\Windows\System32\poqexec.exe</Data>
  </EventData>
</Event>
Record 1188
<?xml version="1.0" encoding="utf-8"?>
<Event xmlns="http://schemas.microsoft.com/win/2004/08/events/event">
  <System>
    <Provider Name="Microsoft-Windows-Security-Auditing" Guid="54849625-5478-4994-A5BA-3E3B0328C30D">
    </Provider>
    <EventID>4907</EventID>
    <Version>0</Version>
    <Level>0</Level>
    <Task>13568</Task>
    <Opcode>0</Opcode>
    <Keywords>0x8020000000000000</Keywords>
    <TimeCreated SystemTime="2016-07-16T21:11:10.021313Z">
    </TimeCreated>
    <EventRecordID>1188</EventRecordID>
    <Correlation>
    </Correlation>
    <Execution ProcessID="548" ThreadID="564">
    </Execution>
    <Channel>Security</Channel>
    <Computer>WIN-03DLIIOFRRA</Computer>
    <Security>
    </Security>
  </System>
  <EventData>
    <Data Name="SubjectUserSid">S-1-5-18</Data>
    <Data Name="SubjectUserName">WIN-03DLIIOFRRA$</Data>
    <Data Name="SubjectDomainName">WORKGROUP</Data>
    <Data Name="SubjectLogonId">0x3e7</Data>
    <Data Name="ObjectServer">Security</Data>
    <Data Name="ObjectType">File</Data>
    <Data Name="ObjectName">C:\Windows\System32\api-ms-win-core-localization-l1-1-0.dll</Data>
    <Data Name="HandleId">0x1c</Data>
    <Data Name="OldSd"></Data>
    <Data Name="NewSd">S:ARAI(AU;SAFA;DCLCRPCRSDWDWO;;;WD)</Data>
    <Data Name="ProcessId">0x13b8</Data>
    <Data Name="ProcessName">C:\Windows\System32\poqexec.exe</Data>
  </EventData>
</Event>
Record 1189
<?xml version="1.0" encoding="utf-8"?>
<Event xmlns="http://schemas.microsoft.com/win/2004/08/events/event">
  <System>
    <Provider Name="Microsoft-Windows-Security-Auditing" Guid="54849625-5478-4994-A5BA-3E3B0328C30D">
    </Provider>
    <EventID>4907</EventID>
    <Version>0</Version>
    <Level>0</Level>
    <Task>13568</Task>
    <Opcode>0</Opcode>
    <Keywords>0x8020000000000000</Keywords>
    <TimeCreated SystemTime="2016-07-16T21:11:10.036913Z">
    </TimeCreated>
    <EventRecordID>1189</EventRecordID>
    <Correlation>
    </Correlation>
    <Execution ProcessID="548" ThreadID="564">
    </Execution>
    <Channel>Security</Channel>
    <Computer>WIN-03DLIIOFRRA</Computer>
    <Security>
    </Security>
  </System>
  <EventData>
    <Data Name="SubjectUserSid">S-1-5-18</Data>
    <Data Name="SubjectUserName">WIN-03DLIIOFRRA$</Data>
    <Data Name="SubjectDomainName">WORKGROUP</Data>
    <Data Name="SubjectLogonId">0x3e7</Data>
    <Data Name="ObjectServer">Security</Data>
    <Data Name="ObjectType">File</Data>
    <Data Name="ObjectName">C:\Windows\System32\api-ms-win-core-profile-l1-1-0.dll</Data>
    <Data Name="HandleId">0x1c</Data>
    <Data Name="OldSd"></Data>
    <Data Name="NewSd">S:ARAI(AU;SAFA;DCLCRPCRSDWDWO;;;WD)</Data>
    <Data Name="ProcessId">0x13b8</Data>
    <Data Name="ProcessName">C:\Windows\System32\poqexec.exe</Data>
  </EventData>
</Event>
Record 1190
<?xml version="1.0" encoding="utf-8"?>
<Event xmlns="http://schemas.microsoft.com/win/2004/08/events/event">
  <System>
    <Provider Name="Microsoft-Windows-Security-Auditing" Guid="54849625-5478-4994-A5BA-3E3B0328C30D">
    </Provider>
    <EventID>4907</EventID>
    <Version>0</Version>
    <Level>0</Level>
    <Task>13568</Task>
    <Opcode>0</Opcode>
    <Keywords>0x8020000000000000</Keywords>
    <TimeCreated SystemTime="2016-07-16T21:11:10.036913Z">
    </TimeCreated>
    <EventRecordID>1190</EventRecordID>
    <Correlation>
    </Correlation>
    <Execution ProcessID="548" ThreadID="564">
    </Execution>
    <Channel>Security</Channel>
    <Computer>WIN-03DLIIOFRRA</Computer>
    <Security>
    </Security>
  </System>
  <EventData>
    <Data Name="SubjectUserSid">S-1-5-18</Data>
    <Data Name="SubjectUserName">WIN-03DLIIOFRRA$</Data>
    <Data Name="SubjectDomainName">WORKGROUP</Data>
    <Data Name="SubjectLogonId">0x3e7</Data>
    <Data Name="ObjectServer">Security</Data>
    <Data Name="ObjectType">File</Data>
    <Data Name="ObjectName">C:\Windows\System32\api-ms-win-core-interlocked-l1-1-0.dll</Data>
    <Data Name="HandleId">0x1c</Data>
    <Data Name="OldSd"></Data>
    <Data Name="NewSd">S:ARAI(AU;SAFA;DCLCRPCRSDWDWO;;;WD)</Data>
    <Data Name="ProcessId">0x13b8</Data>
    <Data Name="ProcessName">C:\Windows\System32\poqexec.exe</Data>
  </EventData>
</Event>
Record 1191
<?xml version="1.0" encoding="utf-8"?>
<Event xmlns="http://schemas.microsoft.com/win/2004/08/events/event">
  <System>
    <Provider Name="Microsoft-Windows-Security-Auditing" Guid="54849625-5478-4994-A5BA-3E3B0328C30D">
    </Provider>
    <EventID>4907</EventID>
    <Version>0</Version>
    <Level>0</Level>
    <Task>13568</Task>
    <Opcode>0</Opcode>
    <Keywords>0x8020000000000000</Keywords>
    <TimeCreated SystemTime="2016-07-16T21:11:10.036913Z">
    </TimeCreated>
    <EventRecordID>1191</EventRecordID>
    <Correlation>
    </Correlation>
    <Execution ProcessID="548" ThreadID="564">
    </Execution>
    <Channel>Security</Channel>
    <Computer>WIN-03DLIIOFRRA</Computer>
    <Security>
    </Security>
  </System>
  <EventData>
    <Data Name="SubjectUserSid">S-1-5-18</Data>
    <Data Name="SubjectUserName">WIN-03DLIIOFRRA$</Data>
    <Data Name="SubjectDomainName">WORKGROUP</Data>
    <Data Name="SubjectLogonId">0x3e7</Data>
    <Data Name="ObjectServer">Security</Data>
    <Data Name="ObjectType">File</Data>
    <Data Name="ObjectName">C:\Windows\System32\api-ms-win-core-threadpool-l1-1-0.dll</Data>
    <Data Name="HandleId">0x1c</Data>
    <Data Name="OldSd"></Data>
    <Data Name="NewSd">S:ARAI(AU;SAFA;DCLCRPCRSDWDWO;;;WD)</Data>
    <Data Name="ProcessId">0x13b8</Data>
    <Data Name="ProcessName">C:\Windows\System32\poqexec.exe</Data>
  </EventData>
</Event>
