Record 144
<?xml version="1.0" encoding="utf-8"?>
<Event xmlns="http://schemas.microsoft.com/win/2004/08/events/event">
  <System>
    <Provider Name="Microsoft-Windows-Security-Auditing" Guid="54849625-5478-4994-A5BA-3E3B0328C30D">
    </Provider>
    <EventID>4624</EventID>
    <Version>0</Version>
    <Level>0</Level>
    <Task>12544</Task>
    <Opcode>0</Opcode>
    <Keywords>0x8020000000000000</Keywords>
    <TimeCreated SystemTime="2016-07-08T22:16:31.728600Z">
    </TimeCreated>
    <EventRecordID>144</EventRecordID>
    <Correlation>
    </Correlation>
    <Execution ProcessID="476" ThreadID="520">
    </Execution>
    <Channel>Security</Channel>
    <Computer>WIN-03DLIIOFRRA</Computer>
    <Security>
    </Security>
  </System>
  <EventData>
    <Data Name="SubjectUserSid">S-1-5-18</Data>
    <Data Name="SubjectUserName">WIN-03DLIIOFRRA$</Data>
    <Data Name="SubjectDomainName">WORKGROUP</Data>
    <Data Name="SubjectLogonId">0x3e7</Data>
    <Data Name="TargetUserSid">S-1-5-18</Data>
    <Data Name="TargetUserName">SYSTEM</Data>
    <Data Name="TargetDomainName">NT AUTHORITY</Data>
    <Data Name="TargetLogonId">0x3e7</Data>
    <Data Name="LogonType">5</Data>
    <Data Name="LogonProcessName">Advapi</Data>
    <Data Name="AuthenticationPackageName">Negotiate</Data>
    <Data Name="WorkstationName"></Data>
    <Data Name="LogonGuid">00000000-0000-0000-0000-000000000000</Data>
    <Data Name="TransmittedServices">-</Data>
    <Data Name="LmPackageName">-</Data>
    <Data Name="KeyLength">0</Data>
    <Data Name="ProcessId">0x1c8</Data>
    <Data Name="ProcessName">C:\Windows\System32\services.exe</Data>
    <Data Name="IpAddress">-</Data>
    <Data Name="IpPort">-</Data>
  </EventData>
</Event>
Record 145
<?xml version="1.0" encoding="utf-8"?>
<Event xmlns="http://schemas.microsoft.com/win/2004/08/events/event">
  <System>
    <Provider Name="Microsoft-Windows-Security-Auditing" Guid="54849625-5478-4994-A5BA-3E3B0328C30D">
    </Provider>
    <EventID>4672</EventID>
    <Version>0</Version>
    <Level>0</Level>
    <Task>12548</Task>
    <Opcode>0</Opcode>
    <Keywords>0x8020000000000000</Keywords>
    <TimeCreated SystemTime="2016-07-08T22:16:31.728600Z">
    </TimeCreated>
    <EventRecordID>145</EventRecordID>
    <Correlation>
    </Correlation>
    <Execution ProcessID="476" ThreadID="520">
    </Execution>
    <Channel>Security</Channel>
    <Computer>WIN-03DLIIOFRRA</Computer>
    <Security>
    </Security>
  </System>
  <EventData>
    <Data Name="SubjectUserSid">S-1-5-18</Data>
    <Data Name="SubjectUserName">SYSTEM</Data>
    <Data Name="SubjectDomainName">NT AUTHORITY</Data>
    <Data Name="SubjectLogonId">0x3e7</Data>
    <Data Name="PrivilegeList">SeAssignPrimaryTokenPrivilege
			SeTcbPrivilege
			SeSecurityPrivilege
			SeTakeOwnershipPrivilege
			SeLoadDriverPrivilege
			SeBackupPrivilege
			SeRestorePrivilege
			SeDebugPrivilege
			SeAuditPrivilege
			SeSystemEnvironmentPrivilege
			SeImpersonatePrivilege</Data>
  </EventData>
</Event>
Record 146
<?xml version="1.0" encoding="utf-8"?>
<Event xmlns="http://schemas.microsoft.com/win/2004/08/events/event">
  <System>
    <Provider Name="Microsoft-Windows-Security-Auditing" Guid="54849625-5478-4994-A5BA-3E3B0328C30D">
    </Provider>
    <EventID>5890</EventID>
    <Version>0</Version>
    <Level>0</Level>
    <Task>12290</Task>
    <Opcode>0</Opcode>
    <Keywords>0x8020000000000000</Keywords>
    <TimeCreated SystemTime="2016-07-08T22:16:33.226203Z">
    </TimeCreated>
    <EventRecordID>146</EventRecordID>
    <Correlation>
    </Correlation>
    <Execution ProcessID="476" ThreadID="540">
    </Execution>
    <Channel>Security</Channel>
    <Computer>WIN-03DLIIOFRRA</Computer>
    <Security>
    </Security>
  </System>
  <EventData>
    <Data Name="SubjectUserSid">S-1-5-18</Data>
    <Data Name="SubjectUserName">SYSTEM</Data>
    <Data Name="SubjectUserDomainName">NT AUTHORITY</Data>
    <Data Name="SubjectLogonId">999</Data>
    <Data Name="ObjectCollectionName">Applications</Data>
    <Data Name="ObjectIdentifyingProperties">
		ID = {E2895B02-7EB7-4F0D-8A01-F5BF32F3023F}
		AppPartitionID = {41E90F3E-56C1-4633-81C3-6E8BAC8BDD70}</Data>
    <Data Name="ObjectProperties">
		Name = VMware Snapshot Provider
		ApplicationProxyServerName = 
		ProcessType = 2
		CommandLine = 
		ServiceName = 
		RunAsUserType = 1
		Identity = Interactive User
		Description = VMware Snapshot Provider
		IsSystem = N
		Authentication = 6
		ShutdownAfter = 3
		RunForever = N
		Password = ********
		Activation = Local
		Changeable = Y
		Deleteable = Y
		CreatedBy = 
		AccessChecksLevel = 1
		ApplicationAccessChecksEnabled = 0
		cCOL_SecurityDescriptor = &lt;Opaque&gt;
		ImpersonationLevel = 2
		AuthenticationCapability = 2
		CRMEnabled = 0
		3GigSupportEnabled = 0
		QueuingEnabled = 0
		QueueListenerEnabled = N
		EventsEnabled = 1
		ProcessFlags = 0
		ThreadMax = 0
		ApplicationProxy = 0
		CRMLogFile = 
		DumpEnabled = 0
		DumpOnException = 0
		DumpOnFailfast = 0
		MaxDumpCount = 5
		DumpPath = %systemroot%\system32\com\dmp
		IsEnabled = 1
		ConcurrentApps = 1
		RecycleLifetimeLimit = 0
		RecycleCallLimit = 0
		RecycleActivationLimit = 0
		RecycleMemoryLimit = 0
		RecycleExpirationTimeout = 15
		QCListenerMaxThreads = 0
		QCAuthenticateMsgs = 0
		ApplicationDirectory = 
		SRPTrustLevel = 262144
		SRPEnabled = 0
		SoapActivated = 0
		SoapVRoot = 
		SoapMailTo = 
		SoapBaseUrl = 
		Replicable = 1</Data>
  </EventData>
</Event>
Record 147
<?xml version="1.0" encoding="utf-8"?>
<Event xmlns="http://schemas.microsoft.com/win/2004/08/events/event">
  <System>
    <Provider Name="Microsoft-Windows-Security-Auditing" Guid="54849625-5478-4994-A5BA-3E3B0328C30D">
    </Provider>
    <EventID>5890</EventID>
    <Version>0</Version>
    <Level>0</Level>
    <Task>12290</Task>
    <Opcode>0</Opcode>
    <Keywords>0x8020000000000000</Keywords>
    <TimeCreated SystemTime="2016-07-08T22:16:33.475803Z">
    </TimeCreated>
    <EventRecordID>147</EventRecordID>
    <Correlation>
    </Correlation>
    <Execution ProcessID="476" ThreadID="540">
    </Execution>
    <Channel>Security</Channel>
    <Computer>WIN-03DLIIOFRRA</Computer>
    <Security>
    </Security>
  </System>
  <EventData>
    <Data Name="SubjectUserSid">S-1-5-18</Data>
    <Data Name="SubjectUserName">SYSTEM</Data>
    <Data Name="SubjectUserDomainName">NT AUTHORITY</Data>
    <Data Name="SubjectLogonId">999</Data>
    <Data Name="ObjectCollectionName">Roles</Data>
    <Data Name="ObjectIdentifyingProperties">
		ApplId = {E2895B02-7EB7-4F0D-8A01-F5BF32F3023F}
		Name = Administrators</Data>
    <Data Name="ObjectProperties">
		Description = Administrators group</Data>
  </EventData>
</Event>
Record 148
<?xml version="1.0" encoding="utf-8"?>
<Event xmlns="http://schemas.microsoft.com/win/2004/08/events/event">
  <System>
    <Provider Name="Microsoft-Windows-Security-Auditing" Guid="54849625-5478-4994-A5BA-3E3B0328C30D">
    </Provider>
    <EventID>5890</EventID>
    <Version>0</Version>
    <Level>0</Level>
    <Task>12290</Task>
    <Opcode>0</Opcode>
    <Keywords>0x8020000000000000</Keywords>
    <TimeCreated SystemTime="2016-07-08T22:16:33.631804Z">
    </TimeCreated>
    <EventRecordID>148</EventRecordID>
    <Correlation>
    </Correlation>
    <Execution ProcessID="476" ThreadID="520">
    </Execution>
    <Channel>Security</Channel>
    <Computer>WIN-03DLIIOFRRA</Computer>
    <Security>
    </Security>
  </System>
  <EventData>
    <Data Name="SubjectUserSid">S-1-5-18</Data>
    <Data Name="SubjectUserName">SYSTEM</Data>
    <Data Name="SubjectUserDomainName">NT AUTHORITY</Data>
    <Data Name="SubjectLogonId">999</Data>
    <Data Name="ObjectCollectionName">UsersInRole</Data>
    <Data Name="ObjectIdentifyingProperties">
		ApplId = {E2895B02-7EB7-4F0D-8A01-F5BF32F3023F}
		Name = Administrators
		User = .\Administrators</Data>
    <Data Name="ObjectProperties">
		&lt;null&gt;</Data>
  </EventData>
</Event>
Record 149
<?xml version="1.0" encoding="utf-8"?>
<Event xmlns="http://schemas.microsoft.com/win/2004/08/events/event">
  <System>
    <Provider Name="Microsoft-Windows-Security-Auditing" Guid="54849625-5478-4994-A5BA-3E3B0328C30D">
    </Provider>
    <EventID>5890</EventID>
    <Version>0</Version>
    <Level>0</Level>
    <Task>12290</Task>
    <Opcode>0</Opcode>
    <Keywords>0x8020000000000000</Keywords>
    <TimeCreated SystemTime="2016-07-08T22:16:33.631804Z">
    </TimeCreated>
    <EventRecordID>149</EventRecordID>
    <Correlation>
    </Correlation>
    <Execution ProcessID="476" ThreadID="540">
    </Execution>
    <Channel>Security</Channel>
    <Computer>WIN-03DLIIOFRRA</Computer>
    <Security>
    </Security>
  </System>
  <EventData>
    <Data Name="SubjectUserSid">S-1-5-18</Data>
    <Data Name="SubjectUserName">SYSTEM</Data>
    <Data Name="SubjectUserDomainName">NT AUTHORITY</Data>
    <Data Name="SubjectLogonId">999</Data>
    <Data Name="ObjectCollectionName">UsersInRole</Data>
    <Data Name="ObjectIdentifyingProperties">
		ApplId = {E2895B02-7EB7-4F0D-8A01-F5BF32F3023F}
		Name = Administrators
		User = SYSTEM</Data>
    <Data Name="ObjectProperties">
		&lt;null&gt;</Data>
  </EventData>
</Event>
Record 150
<?xml version="1.0" encoding="utf-8"?>
<Event xmlns="http://schemas.microsoft.com/win/2004/08/events/event">
  <System>
    <Provider Name="Microsoft-Windows-Eventlog" Guid="{fc65ddd8-d6ef-4962-83d5-6e5cfe9ce148}">
    </Provider>
    <EventID>1100</EventID>
    <Version>0</Version>
    <Level>4</Level>
    <Task>103</Task>
    <Opcode>0</Opcode>
    <Keywords>0x4020000000000000</Keywords>
    <TimeCreated SystemTime="2016-07-08T22:16:35.410207Z">
    </TimeCreated>
    <EventRecordID>150</EventRecordID>
    <Correlation>
    </Correlation>
    <Execution ProcessID="944" ThreadID="1792">
    </Execution>
    <Channel>Security</Channel>
    <Computer>WIN-03DLIIOFRRA</Computer>
    <Security>
    </Security>
  </System>
  <UserData>
    <ServiceShutdown xmlns:auto-ns3="http://schemas.microsoft.com/win/2004/08/events" xmlns="http://manifests.microsoft.com/win/2004/08/windows/eventlog">
    </ServiceShutdown>
  </UserData>
</Event>
Record 151
<?xml version="1.0" encoding="utf-8"?>
<Event xmlns="http://schemas.microsoft.com/win/2004/08/events/event">
  <System>
    <Provider Name="Microsoft-Windows-Security-Auditing" Guid="54849625-5478-4994-A5BA-3E3B0328C30D">
    </Provider>
    <EventID>4608</EventID>
    <Version>0</Version>
    <Level>0</Level>
    <Task>12288</Task>
    <Opcode>0</Opcode>
    <Keywords>0x8020000000000000</Keywords>
    <TimeCreated SystemTime="2016-07-08T22:16:53.407615Z">
    </TimeCreated>
    <EventRecordID>151</EventRecordID>
    <Correlation>
    </Correlation>
    <Execution ProcessID="552" ThreadID="556">
    </Execution>
    <Channel>Security</Channel>
    <Computer>WIN-03DLIIOFRRA</Computer>
    <Security>
    </Security>
  </System>
  <EventData>
  </EventData>
</Event>
Record 152
<?xml version="1.0" encoding="utf-8"?>
<Event xmlns="http://schemas.microsoft.com/win/2004/08/events/event">
  <System>
    <Provider Name="Microsoft-Windows-Security-Auditing" Guid="54849625-5478-4994-A5BA-3E3B0328C30D">
    </Provider>
    <EventID>4624</EventID>
    <Version>0</Version>
    <Level>0</Level>
    <Task>12544</Task>
    <Opcode>0</Opcode>
    <Keywords>0x8020000000000000</Keywords>
    <TimeCreated SystemTime="2016-07-08T22:16:53.423215Z">
    </TimeCreated>
    <EventRecordID>152</EventRecordID>
    <Correlation>
    </Correlation>
    <Execution ProcessID="552" ThreadID="556">
    </Execution>
    <Channel>Security</Channel>
    <Computer>WIN-03DLIIOFRRA</Computer>
    <Security>
    </Security>
  </System>
  <EventData>
    <Data Name="SubjectUserSid">S-1-0-0</Data>
    <Data Name="SubjectUserName">-</Data>
    <Data Name="SubjectDomainName">-</Data>
    <Data Name="SubjectLogonId">0x0</Data>
    <Data Name="TargetUserSid">S-1-5-18</Data>
    <Data Name="TargetUserName">SYSTEM</Data>
    <Data Name="TargetDomainName">NT AUTHORITY</Data>
    <Data Name="TargetLogonId">0x3e7</Data>
    <Data Name="LogonType">0</Data>
    <Data Name="LogonProcessName">-</Data>
    <Data Name="AuthenticationPackageName">-</Data>
    <Data Name="WorkstationName">-</Data>
    <Data Name="LogonGuid">00000000-0000-0000-0000-000000000000</Data>
    <Data Name="TransmittedServices">-</Data>
    <Data Name="LmPackageName">-</Data>
    <Data Name="KeyLength">0</Data>
    <Data Name="ProcessId">0x4</Data>
    <Data Name="ProcessName"></Data>
    <Data Name="IpAddress">-</Data>
    <Data Name="IpPort">-</Data>
  </EventData>
</Event>
Record 153
<?xml version="1.0" encoding="utf-8"?>
<Event xmlns="http://schemas.microsoft.com/win/2004/08/events/event">
  <System>
    <Provider Name="Microsoft-Windows-Security-Auditing" Guid="54849625-5478-4994-A5BA-3E3B0328C30D">
    </Provider>
    <EventID>4902</EventID>
    <Version>0</Version>
    <Level>0</Level>
    <Task>13568</Task>
    <Opcode>0</Opcode>
    <Keywords>0x8020000000000000</Keywords>
    <TimeCreated SystemTime="2016-07-08T22:16:53.485615Z">
    </TimeCreated>
    <EventRecordID>153</EventRecordID>
    <Correlation>
    </Correlation>
    <Execution ProcessID="552" ThreadID="608">
    </Execution>
    <Channel>Security</Channel>
    <Computer>WIN-03DLIIOFRRA</Computer>
    <Security>
    </Security>
  </System>
  <EventData>
    <Data Name="PuaCount">0</Data>
    <Data Name="PuaPolicyId">0xba26</Data>
  </EventData>
</Event>
Record 154
<?xml version="1.0" encoding="utf-8"?>
<Event xmlns="http://schemas.microsoft.com/win/2004/08/events/event">
  <System>
    <Provider Name="Microsoft-Windows-Security-Auditing" Guid="54849625-5478-4994-A5BA-3E3B0328C30D">
    </Provider>
    <EventID>4624</EventID>
    <Version>0</Version>
    <Level>0</Level>
    <Task>12544</Task>
    <Opcode>0</Opcode>
    <Keywords>0x8020000000000000</Keywords>
    <TimeCreated SystemTime="2016-07-08T22:16:53.735216Z">
    </TimeCreated>
    <EventRecordID>154</EventRecordID>
    <Correlation>
    </Correlation>
    <Execution ProcessID="552" ThreadID="624">
    </Execution>
    <Channel>Security</Channel>
    <Computer>WIN-03DLIIOFRRA</Computer>
    <Security>
    </Security>
  </System>
  <EventData>
    <Data Name="SubjectUserSid">S-1-5-18</Data>
    <Data Name="SubjectUserName">WIN-03DLIIOFRRA$</Data>
    <Data Name="SubjectDomainName">WORKGROUP</Data>
    <Data Name="SubjectLogonId">0x3e7</Data>
    <Data Name="TargetUserSid">S-1-5-18</Data>
    <Data Name="TargetUserName">SYSTEM</Data>
    <Data Name="TargetDomainName">NT AUTHORITY</Data>
    <Data Name="TargetLogonId">0x3e7</Data>
    <Data Name="LogonType">5</Data>
    <Data Name="LogonProcessName">Advapi</Data>
    <Data Name="AuthenticationPackageName">Negotiate</Data>
    <Data Name="WorkstationName"></Data>
    <Data Name="LogonGuid">00000000-0000-0000-0000-000000000000</Data>
    <Data Name="TransmittedServices">-</Data>
    <Data Name="LmPackageName">-</Data>
    <Data Name="KeyLength">0</Data>
    <Data Name="ProcessId">0x218</Data>
    <Data Name="ProcessName">C:\Windows\System32\services.exe</Data>
    <Data Name="IpAddress">-</Data>
    <Data Name="IpPort">-</Data>
  </EventData>
</Event>
Record 155
<?xml version="1.0" encoding="utf-8"?>
<Event xmlns="http://schemas.microsoft.com/win/2004/08/events/event">
  <System>
    <Provider Name="Microsoft-Windows-Security-Auditing" Guid="54849625-5478-4994-A5BA-3E3B0328C30D">
    </Provider>
    <EventID>4672</EventID>
    <Version>0</Version>
    <Level>0</Level>
    <Task>12548</Task>
    <Opcode>0</Opcode>
    <Keywords>0x8020000000000000</Keywords>
    <TimeCreated SystemTime="2016-07-08T22:16:53.735216Z">
    </TimeCreated>
    <EventRecordID>155</EventRecordID>
    <Correlation>
    </Correlation>
    <Execution ProcessID="552" ThreadID="624">
    </Execution>
    <Channel>Security</Channel>
    <Computer>WIN-03DLIIOFRRA</Computer>
    <Security>
    </Security>
  </System>
  <EventData>
    <Data Name="SubjectUserSid">S-1-5-18</Data>
    <Data Name="SubjectUserName">SYSTEM</Data>
    <Data Name="SubjectDomainName">NT AUTHORITY</Data>
    <Data Name="SubjectLogonId">0x3e7</Data>
    <Data Name="PrivilegeList">SeAssignPrimaryTokenPrivilege
			SeTcbPrivilege
			SeSecurityPrivilege
			SeTakeOwnershipPrivilege
			SeLoadDriverPrivilege
			SeBackupPrivilege
			SeRestorePrivilege
			SeDebugPrivilege
			SeAuditPrivilege
			SeSystemEnvironmentPrivilege
			SeImpersonatePrivilege</Data>
  </EventData>
</Event>
Record 156
<?xml version="1.0" encoding="utf-8"?>
<Event xmlns="http://schemas.microsoft.com/win/2004/08/events/event">
  <System>
    <Provider Name="Microsoft-Windows-Security-Auditing" Guid="54849625-5478-4994-A5BA-3E3B0328C30D">
    </Provider>
    <EventID>4624</EventID>
    <Version>0</Version>
    <Level>0</Level>
    <Task>12544</Task>
    <Opcode>0</Opcode>
    <Keywords>0x8020000000000000</Keywords>
    <TimeCreated SystemTime="2016-07-08T22:16:53.875616Z">
    </TimeCreated>
    <EventRecordID>156</EventRecordID>
    <Correlation>
    </Correlation>
    <Execution ProcessID="552" ThreadID="624">
    </Execution>
    <Channel>Security</Channel>
    <Computer>WIN-03DLIIOFRRA</Computer>
    <Security>
    </Security>
  </System>
  <EventData>
    <Data Name="SubjectUserSid">S-1-5-18</Data>
    <Data Name="SubjectUserName">WIN-03DLIIOFRRA$</Data>
    <Data Name="SubjectDomainName">WORKGROUP</Data>
    <Data Name="SubjectLogonId">0x3e7</Data>
    <Data Name="TargetUserSid">S-1-5-20</Data>
    <Data Name="TargetUserName">NETWORK SERVICE</Data>
    <Data Name="TargetDomainName">NT AUTHORITY</Data>
    <Data Name="TargetLogonId">0x3e4</Data>
    <Data Name="LogonType">5</Data>
    <Data Name="LogonProcessName">Advapi</Data>
    <Data Name="AuthenticationPackageName">Negotiate</Data>
    <Data Name="WorkstationName"></Data>
    <Data Name="LogonGuid">00000000-0000-0000-0000-000000000000</Data>
    <Data Name="TransmittedServices">-</Data>
    <Data Name="LmPackageName">-</Data>
    <Data Name="KeyLength">0</Data>
    <Data Name="ProcessId">0x218</Data>
    <Data Name="ProcessName">C:\Windows\System32\services.exe</Data>
    <Data Name="IpAddress">-</Data>
    <Data Name="IpPort">-</Data>
  </EventData>
</Event>
Record 157
<?xml version="1.0" encoding="utf-8"?>
<Event xmlns="http://schemas.microsoft.com/win/2004/08/events/event">
  <System>
    <Provider Name="Microsoft-Windows-Security-Auditing" Guid="54849625-5478-4994-A5BA-3E3B0328C30D">
    </Provider>
    <EventID>4672</EventID>
    <Version>0</Version>
    <Level>0</Level>
    <Task>12548</Task>
    <Opcode>0</Opcode>
    <Keywords>0x8020000000000000</Keywords>
    <TimeCreated SystemTime="2016-07-08T22:16:53.875616Z">
    </TimeCreated>
    <EventRecordID>157</EventRecordID>
    <Correlation>
    </Correlation>
    <Execution ProcessID="552" ThreadID="624">
    </Execution>
    <Channel>Security</Channel>
    <Computer>WIN-03DLIIOFRRA</Computer>
    <Security>
    </Security>
  </System>
  <EventData>
    <Data Name="SubjectUserSid">S-1-5-20</Data>
    <Data Name="SubjectUserName">NETWORK SERVICE</Data>
    <Data Name="SubjectDomainName">NT AUTHORITY</Data>
    <Data Name="SubjectLogonId">0x3e4</Data>
    <Data Name="PrivilegeList">SeAssignPrimaryTokenPrivilege
			SeAuditPrivilege
			SeImpersonatePrivilege</Data>
  </EventData>
</Event>
Record 158
<?xml version="1.0" encoding="utf-8"?>
<Event xmlns="http://schemas.microsoft.com/win/2004/08/events/event">
  <System>
    <Provider Name="Microsoft-Windows-Security-Auditing" Guid="54849625-5478-4994-A5BA-3E3B0328C30D">
    </Provider>
    <EventID>4624</EventID>
    <Version>0</Version>
    <Level>0</Level>
    <Task>12544</Task>
    <Opcode>0</Opcode>
    <Keywords>0x8020000000000000</Keywords>
    <TimeCreated SystemTime="2016-07-08T22:16:53.906816Z">
    </TimeCreated>
    <EventRecordID>158</EventRecordID>
    <Correlation>
    </Correlation>
    <Execution ProcessID="552" ThreadID="624">
    </Execution>
    <Channel>Security</Channel>
    <Computer>WIN-03DLIIOFRRA</Computer>
    <Security>
    </Security>
  </System>
  <EventData>
    <Data Name="SubjectUserSid">S-1-5-18</Data>
    <Data Name="SubjectUserName">WIN-03DLIIOFRRA$</Data>
    <Data Name="SubjectDomainName">WORKGROUP</Data>
    <Data Name="SubjectLogonId">0x3e7</Data>
    <Data Name="TargetUserSid">S-1-5-19</Data>
    <Data Name="TargetUserName">LOCAL SERVICE</Data>
    <Data Name="TargetDomainName">NT AUTHORITY</Data>
    <Data Name="TargetLogonId">0x3e5</Data>
    <Data Name="LogonType">5</Data>
    <Data Name="LogonProcessName">Advapi</Data>
    <Data Name="AuthenticationPackageName">Negotiate</Data>
    <Data Name="WorkstationName"></Data>
    <Data Name="LogonGuid">00000000-0000-0000-0000-000000000000</Data>
    <Data Name="TransmittedServices">-</Data>
    <Data Name="LmPackageName">-</Data>
    <Data Name="KeyLength">0</Data>
    <Data Name="ProcessId">0x218</Data>
    <Data Name="ProcessName">C:\Windows\System32\services.exe</Data>
    <Data Name="IpAddress">-</Data>
    <Data Name="IpPort">-</Data>
  </EventData>
</Event>
Record 159
<?xml version="1.0" encoding="utf-8"?>
<Event xmlns="http://schemas.microsoft.com/win/2004/08/events/event">
  <System>
    <Provider Name="Microsoft-Windows-Security-Auditing" Guid="54849625-5478-4994-A5BA-3E3B0328C30D">
    </Provider>
    <EventID>4672</EventID>
    <Version>0</Version>
    <Level>0</Level>
    <Task>12548</Task>
    <Opcode>0</Opcode>
    <Keywords>0x8020000000000000</Keywords>
    <TimeCreated SystemTime="2016-07-08T22:16:53.906816Z">
    </TimeCreated>
    <EventRecordID>159</EventRecordID>
    <Correlation>
    </Correlation>
    <Execution ProcessID="552" ThreadID="624">
    </Execution>
    <Channel>Security</Channel>
    <Computer>WIN-03DLIIOFRRA</Computer>
    <Security>
    </Security>
  </System>
  <EventData>
    <Data Name="SubjectUserSid">S-1-5-19</Data>
    <Data Name="SubjectUserName">LOCAL SERVICE</Data>
    <Data Name="SubjectDomainName">NT AUTHORITY</Data>
    <Data Name="SubjectLogonId">0x3e5</Data>
    <Data Name="PrivilegeList">SeAssignPrimaryTokenPrivilege
			SeAuditPrivilege
			SeImpersonatePrivilege</Data>
  </EventData>
</Event>
Record 160
<?xml version="1.0" encoding="utf-8"?>
<Event xmlns="http://schemas.microsoft.com/win/2004/08/events/event">
  <System>
    <Provider Name="Microsoft-Windows-Security-Auditing" Guid="54849625-5478-4994-A5BA-3E3B0328C30D">
    </Provider>
    <EventID>4624</EventID>
    <Version>0</Version>
    <Level>0</Level>
    <Task>12544</Task>
    <Opcode>0</Opcode>
    <Keywords>0x8020000000000000</Keywords>
    <TimeCreated SystemTime="2016-07-08T22:16:53.953616Z">
    </TimeCreated>
    <EventRecordID>160</EventRecordID>
    <Correlation>
    </Correlation>
    <Execution ProcessID="552" ThreadID="624">
    </Execution>
    <Channel>Security</Channel>
    <Computer>WIN-03DLIIOFRRA</Computer>
    <Security>
    </Security>
  </System>
  <EventData>
    <Data Name="SubjectUserSid">S-1-5-18</Data>
    <Data Name="SubjectUserName">WIN-03DLIIOFRRA$</Data>
    <Data Name="SubjectDomainName">WORKGROUP</Data>
    <Data Name="SubjectLogonId">0x3e7</Data>
    <Data Name="TargetUserSid">S-1-5-18</Data>
    <Data Name="TargetUserName">SYSTEM</Data>
    <Data Name="TargetDomainName">NT AUTHORITY</Data>
    <Data Name="TargetLogonId">0x3e7</Data>
    <Data Name="LogonType">5</Data>
    <Data Name="LogonProcessName">Advapi</Data>
    <Data Name="AuthenticationPackageName">Negotiate</Data>
    <Data Name="WorkstationName"></Data>
    <Data Name="LogonGuid">00000000-0000-0000-0000-000000000000</Data>
    <Data Name="TransmittedServices">-</Data>
    <Data Name="LmPackageName">-</Data>
    <Data Name="KeyLength">0</Data>
    <Data Name="ProcessId">0x218</Data>
    <Data Name="ProcessName">C:\Windows\System32\services.exe</Data>
    <Data Name="IpAddress">-</Data>
    <Data Name="IpPort">-</Data>
  </EventData>
</Event>
Record 161
<?xml version="1.0" encoding="utf-8"?>
<Event xmlns="http://schemas.microsoft.com/win/2004/08/events/event">
  <System>
    <Provider Name="Microsoft-Windows-Security-Auditing" Guid="54849625-5478-4994-A5BA-3E3B0328C30D">
    </Provider>
    <EventID>4672</EventID>
    <Version>0</Version>
    <Level>0</Level>
    <Task>12548</Task>
    <Opcode>0</Opcode>
    <Keywords>0x8020000000000000</Keywords>
    <TimeCreated SystemTime="2016-07-08T22:16:53.953616Z">
    </TimeCreated>
    <EventRecordID>161</EventRecordID>
    <Correlation>
    </Correlation>
    <Execution ProcessID="552" ThreadID="624">
    </Execution>
    <Channel>Security</Channel>
    <Computer>WIN-03DLIIOFRRA</Computer>
    <Security>
    </Security>
  </System>
  <EventData>
    <Data Name="SubjectUserSid">S-1-5-18</Data>
    <Data Name="SubjectUserName">SYSTEM</Data>
    <Data Name="SubjectDomainName">NT AUTHORITY</Data>
    <Data Name="SubjectLogonId">0x3e7</Data>
    <Data Name="PrivilegeList">SeAssignPrimaryTokenPrivilege
			SeTcbPrivilege
			SeSecurityPrivilege
			SeTakeOwnershipPrivilege
			SeLoadDriverPrivilege
			SeBackupPrivilege
			SeRestorePrivilege
			SeDebugPrivilege
			SeAuditPrivilege
			SeSystemEnvironmentPrivilege
			SeImpersonatePrivilege</Data>
  </EventData>
</Event>
Record 162
<?xml version="1.0" encoding="utf-8"?>
<Event xmlns="http://schemas.microsoft.com/win/2004/08/events/event">
  <System>
    <Provider Name="Microsoft-Windows-Security-Auditing" Guid="54849625-5478-4994-A5BA-3E3B0328C30D">
    </Provider>
    <EventID>4624</EventID>
    <Version>0</Version>
    <Level>0</Level>
    <Task>12544</Task>
    <Opcode>0</Opcode>
    <Keywords>0x8020000000000000</Keywords>
    <TimeCreated SystemTime="2016-07-08T22:16:53.953616Z">
    </TimeCreated>
    <EventRecordID>162</EventRecordID>
    <Correlation>
    </Correlation>
    <Execution ProcessID="552" ThreadID="624">
    </Execution>
    <Channel>Security</Channel>
    <Computer>WIN-03DLIIOFRRA</Computer>
    <Security>
    </Security>
  </System>
  <EventData>
    <Data Name="SubjectUserSid">S-1-5-18</Data>
    <Data Name="SubjectUserName">WIN-03DLIIOFRRA$</Data>
    <Data Name="SubjectDomainName">WORKGROUP</Data>
    <Data Name="SubjectLogonId">0x3e7</Data>
    <Data Name="TargetUserSid">S-1-5-18</Data>
    <Data Name="TargetUserName">SYSTEM</Data>
    <Data Name="TargetDomainName">NT AUTHORITY</Data>
    <Data Name="TargetLogonId">0x3e7</Data>
    <Data Name="LogonType">5</Data>
    <Data Name="LogonProcessName">Advapi</Data>
    <Data Name="AuthenticationPackageName">Negotiate</Data>
    <Data Name="WorkstationName"></Data>
    <Data Name="LogonGuid">00000000-0000-0000-0000-000000000000</Data>
    <Data Name="TransmittedServices">-</Data>
    <Data Name="LmPackageName">-</Data>
    <Data Name="KeyLength">0</Data>
    <Data Name="ProcessId">0x218</Data>
    <Data Name="ProcessName">C:\Windows\System32\services.exe</Data>
    <Data Name="IpAddress">-</Data>
    <Data Name="IpPort">-</Data>
  </EventData>
</Event>
Record 163
<?xml version="1.0" encoding="utf-8"?>
<Event xmlns="http://schemas.microsoft.com/win/2004/08/events/event">
  <System>
    <Provider Name="Microsoft-Windows-Security-Auditing" Guid="54849625-5478-4994-A5BA-3E3B0328C30D">
    </Provider>
    <EventID>4672</EventID>
    <Version>0</Version>
    <Level>0</Level>
    <Task>12548</Task>
    <Opcode>0</Opcode>
    <Keywords>0x8020000000000000</Keywords>
    <TimeCreated SystemTime="2016-07-08T22:16:53.953616Z">
    </TimeCreated>
    <EventRecordID>163</EventRecordID>
    <Correlation>
    </Correlation>
    <Execution ProcessID="552" ThreadID="624">
    </Execution>
    <Channel>Security</Channel>
    <Computer>WIN-03DLIIOFRRA</Computer>
    <Security>
    </Security>
  </System>
  <EventData>
    <Data Name="SubjectUserSid">S-1-5-18</Data>
    <Data Name="SubjectUserName">SYSTEM</Data>
    <Data Name="SubjectDomainName">NT AUTHORITY</Data>
    <Data Name="SubjectLogonId">0x3e7</Data>
    <Data Name="PrivilegeList">SeAssignPrimaryTokenPrivilege
			SeTcbPrivilege
			SeSecurityPrivilege
			SeTakeOwnershipPrivilege
			SeLoadDriverPrivilege
			SeBackupPrivilege
			SeRestorePrivilege
			SeDebugPrivilege
			SeAuditPrivilege
			SeSystemEnvironmentPrivilege
			SeImpersonatePrivilege</Data>
  </EventData>
</Event>
Record 164
<?xml version="1.0" encoding="utf-8"?>
<Event xmlns="http://schemas.microsoft.com/win/2004/08/events/event">
  <System>
    <Provider Name="Microsoft-Windows-Security-Auditing" Guid="54849625-5478-4994-A5BA-3E3B0328C30D">
    </Provider>
    <EventID>4624</EventID>
    <Version>0</Version>
    <Level>0</Level>
    <Task>12544</Task>
    <Opcode>0</Opcode>
    <Keywords>0x8020000000000000</Keywords>
    <TimeCreated SystemTime="2016-07-08T22:16:54.265617Z">
    </TimeCreated>
    <EventRecordID>164</EventRecordID>
    <Correlation>
    </Correlation>
    <Execution ProcessID="552" ThreadID="620">
    </Execution>
    <Channel>Security</Channel>
    <Computer>WIN-03DLIIOFRRA</Computer>
    <Security>
    </Security>
  </System>
  <EventData>
    <Data Name="SubjectUserSid">S-1-5-18</Data>
    <Data Name="SubjectUserName">WIN-03DLIIOFRRA$</Data>
    <Data Name="SubjectDomainName">WORKGROUP</Data>
    <Data Name="SubjectLogonId">0x3e7</Data>
    <Data Name="TargetUserSid">S-1-5-18</Data>
    <Data Name="TargetUserName">SYSTEM</Data>
    <Data Name="TargetDomainName">NT AUTHORITY</Data>
    <Data Name="TargetLogonId">0x3e7</Data>
    <Data Name="LogonType">5</Data>
    <Data Name="LogonProcessName">Advapi</Data>
    <Data Name="AuthenticationPackageName">Negotiate</Data>
    <Data Name="WorkstationName"></Data>
    <Data Name="LogonGuid">00000000-0000-0000-0000-000000000000</Data>
    <Data Name="TransmittedServices">-</Data>
    <Data Name="LmPackageName">-</Data>
    <Data Name="KeyLength">0</Data>
    <Data Name="ProcessId">0x218</Data>
    <Data Name="ProcessName">C:\Windows\System32\services.exe</Data>
    <Data Name="IpAddress">-</Data>
    <Data Name="IpPort">-</Data>
  </EventData>
</Event>
Record 165
<?xml version="1.0" encoding="utf-8"?>
<Event xmlns="http://schemas.microsoft.com/win/2004/08/events/event">
  <System>
    <Provider Name="Microsoft-Windows-Security-Auditing" Guid="54849625-5478-4994-A5BA-3E3B0328C30D">
    </Provider>
    <EventID>4672</EventID>
    <Version>0</Version>
    <Level>0</Level>
    <Task>12548</Task>
    <Opcode>0</Opcode>
    <Keywords>0x8020000000000000</Keywords>
    <TimeCreated SystemTime="2016-07-08T22:16:54.265617Z">
    </TimeCreated>
    <EventRecordID>165</EventRecordID>
    <Correlation>
    </Correlation>
    <Execution ProcessID="552" ThreadID="620">
    </Execution>
    <Channel>Security</Channel>
    <Computer>WIN-03DLIIOFRRA</Computer>
    <Security>
    </Security>
  </System>
  <EventData>
    <Data Name="SubjectUserSid">S-1-5-18</Data>
    <Data Name="SubjectUserName">SYSTEM</Data>
    <Data Name="SubjectDomainName">NT AUTHORITY</Data>
    <Data Name="SubjectLogonId">0x3e7</Data>
    <Data Name="PrivilegeList">SeAssignPrimaryTokenPrivilege
			SeTcbPrivilege
			SeSecurityPrivilege
			SeTakeOwnershipPrivilege
			SeLoadDriverPrivilege
			SeBackupPrivilege
			SeRestorePrivilege
			SeDebugPrivilege
			SeAuditPrivilege
			SeSystemEnvironmentPrivilege
			SeImpersonatePrivilege</Data>
  </EventData>
</Event>
Record 166
<?xml version="1.0" encoding="utf-8"?>
<Event xmlns="http://schemas.microsoft.com/win/2004/08/events/event">
  <System>
    <Provider Name="Microsoft-Windows-Security-Auditing" Guid="54849625-5478-4994-A5BA-3E3B0328C30D">
    </Provider>
    <EventID>4648</EventID>
    <Version>0</Version>
    <Level>0</Level>
    <Task>12544</Task>
    <Opcode>0</Opcode>
    <Keywords>0x8020000000000000</Keywords>
    <TimeCreated SystemTime="2016-07-08T22:16:54.343617Z">
    </TimeCreated>
    <EventRecordID>166</EventRecordID>
    <Correlation>
    </Correlation>
    <Execution ProcessID="552" ThreadID="628">
    </Execution>
    <Channel>Security</Channel>
    <Computer>WIN-03DLIIOFRRA</Computer>
    <Security>
    </Security>
  </System>
  <EventData>
    <Data Name="SubjectUserSid">S-1-5-18</Data>
    <Data Name="SubjectUserName">WIN-03DLIIOFRRA$</Data>
    <Data Name="SubjectDomainName">WORKGROUP</Data>
    <Data Name="SubjectLogonId">0x3e7</Data>
    <Data Name="LogonGuid">00000000-0000-0000-0000-000000000000</Data>
    <Data Name="TargetUserName">fsir</Data>
    <Data Name="TargetDomainName">WIN-03DLIIOFRRA</Data>
    <Data Name="TargetLogonGuid">00000000-0000-0000-0000-000000000000</Data>
    <Data Name="TargetServerName">localhost</Data>
    <Data Name="TargetInfo">localhost</Data>
    <Data Name="ProcessId">0x1f4</Data>
    <Data Name="ProcessName">C:\Windows\System32\winlogon.exe</Data>
    <Data Name="IpAddress">127.0.0.1</Data>
    <Data Name="IpPort">0</Data>
  </EventData>
</Event>
Record 167
<?xml version="1.0" encoding="utf-8"?>
<Event xmlns="http://schemas.microsoft.com/win/2004/08/events/event">
  <System>
    <Provider Name="Microsoft-Windows-Security-Auditing" Guid="54849625-5478-4994-A5BA-3E3B0328C30D">
    </Provider>
    <EventID>4624</EventID>
    <Version>0</Version>
    <Level>0</Level>
    <Task>12544</Task>
    <Opcode>0</Opcode>
    <Keywords>0x8020000000000000</Keywords>
    <TimeCreated SystemTime="2016-07-08T22:16:54.343617Z">
    </TimeCreated>
    <EventRecordID>167</EventRecordID>
    <Correlation>
    </Correlation>
    <Execution ProcessID="552" ThreadID="628">
    </Execution>
    <Channel>Security</Channel>
    <Computer>WIN-03DLIIOFRRA</Computer>
    <Security>
    </Security>
  </System>
  <EventData>
    <Data Name="SubjectUserSid">S-1-5-18</Data>
    <Data Name="SubjectUserName">WIN-03DLIIOFRRA$</Data>
    <Data Name="SubjectDomainName">WORKGROUP</Data>
    <Data Name="SubjectLogonId">0x3e7</Data>
    <Data Name="TargetUserSid">S-1-5-21-2603537626-3982775912-406486804-1000</Data>
    <Data Name="TargetUserName">fsir</Data>
    <Data Name="TargetDomainName">WIN-03DLIIOFRRA</Data>
    <Data Name="TargetLogonId">0x1672c</Data>
    <Data Name="LogonType">2</Data>
    <Data Name="LogonProcessName">User32</Data>
    <Data Name="AuthenticationPackageName">Negotiate</Data>
    <Data Name="WorkstationName">WIN-03DLIIOFRRA</Data>
    <Data Name="LogonGuid">00000000-0000-0000-0000-000000000000</Data>
    <Data Name="TransmittedServices">-</Data>
    <Data Name="LmPackageName">-</Data>
    <Data Name="KeyLength">0</Data>
    <Data Name="ProcessId">0x1f4</Data>
    <Data Name="ProcessName">C:\Windows\System32\winlogon.exe</Data>
    <Data Name="IpAddress">127.0.0.1</Data>
    <Data Name="IpPort">0</Data>
  </EventData>
</Event>
Record 168
<?xml version="1.0" encoding="utf-8"?>
<Event xmlns="http://schemas.microsoft.com/win/2004/08/events/event">
  <System>
    <Provider Name="Microsoft-Windows-Security-Auditing" Guid="54849625-5478-4994-A5BA-3E3B0328C30D">
    </Provider>
    <EventID>4624</EventID>
    <Version>0</Version>
    <Level>0</Level>
    <Task>12544</Task>
    <Opcode>0</Opcode>
    <Keywords>0x8020000000000000</Keywords>
    <TimeCreated SystemTime="2016-07-08T22:16:54.343617Z">
    </TimeCreated>
    <EventRecordID>168</EventRecordID>
    <Correlation>
    </Correlation>
    <Execution ProcessID="552" ThreadID="628">
    </Execution>
    <Channel>Security</Channel>
    <Computer>WIN-03DLIIOFRRA</Computer>
    <Security>
    </Security>
  </System>
  <EventData>
    <Data Name="SubjectUserSid">S-1-5-18</Data>
    <Data Name="SubjectUserName">WIN-03DLIIOFRRA$</Data>
    <Data Name="SubjectDomainName">WORKGROUP</Data>
    <Data Name="SubjectLogonId">0x3e7</Data>
    <Data Name="TargetUserSid">S-1-5-21-2603537626-3982775912-406486804-1000</Data>
    <Data Name="TargetUserName">fsir</Data>
    <Data Name="TargetDomainName">WIN-03DLIIOFRRA</Data>
    <Data Name="TargetLogonId">0x16766</Data>
    <Data Name="LogonType">2</Data>
    <Data Name="LogonProcessName">User32</Data>
    <Data Name="AuthenticationPackageName">Negotiate</Data>
    <Data Name="WorkstationName">WIN-03DLIIOFRRA</Data>
    <Data Name="LogonGuid">00000000-0000-0000-0000-000000000000</Data>
    <Data Name="TransmittedServices">-</Data>
    <Data Name="LmPackageName">-</Data>
    <Data Name="KeyLength">0</Data>
    <Data Name="ProcessId">0x1f4</Data>
    <Data Name="ProcessName">C:\Windows\System32\winlogon.exe</Data>
    <Data Name="IpAddress">127.0.0.1</Data>
    <Data Name="IpPort">0</Data>
  </EventData>
</Event>
Record 169
<?xml version="1.0" encoding="utf-8"?>
<Event xmlns="http://schemas.microsoft.com/win/2004/08/events/event">
  <System>
    <Provider Name="Microsoft-Windows-Security-Auditing" Guid="54849625-5478-4994-A5BA-3E3B0328C30D">
    </Provider>
    <EventID>4672</EventID>
    <Version>0</Version>
    <Level>0</Level>
    <Task>12548</Task>
    <Opcode>0</Opcode>
    <Keywords>0x8020000000000000</Keywords>
    <TimeCreated SystemTime="2016-07-08T22:16:54.343617Z">
    </TimeCreated>
    <EventRecordID>169</EventRecordID>
    <Correlation>
    </Correlation>
    <Execution ProcessID="552" ThreadID="628">
    </Execution>
    <Channel>Security</Channel>
    <Computer>WIN-03DLIIOFRRA</Computer>
    <Security>
    </Security>
  </System>
  <EventData>
    <Data Name="SubjectUserSid">S-1-5-21-2603537626-3982775912-406486804-1000</Data>
    <Data Name="SubjectUserName">fsir</Data>
    <Data Name="SubjectDomainName">WIN-03DLIIOFRRA</Data>
    <Data Name="SubjectLogonId">0x1672c</Data>
    <Data Name="PrivilegeList">SeSecurityPrivilege
			SeTakeOwnershipPrivilege
			SeLoadDriverPrivilege
			SeBackupPrivilege
			SeRestorePrivilege
			SeDebugPrivilege
			SeSystemEnvironmentPrivilege
			SeImpersonatePrivilege</Data>
  </EventData>
</Event>
Record 170
<?xml version="1.0" encoding="utf-8"?>
<Event xmlns="http://schemas.microsoft.com/win/2004/08/events/event">
  <System>
    <Provider Name="Microsoft-Windows-Security-Auditing" Guid="54849625-5478-4994-A5BA-3E3B0328C30D">
    </Provider>
    <EventID>5033</EventID>
    <Version>0</Version>
    <Level>0</Level>
    <Task>12292</Task>
    <Opcode>0</Opcode>
    <Keywords>0x8020000000000000</Keywords>
    <TimeCreated SystemTime="2016-07-08T22:16:54.390417Z">
    </TimeCreated>
    <EventRecordID>170</EventRecordID>
    <Correlation>
    </Correlation>
    <Execution ProcessID="4" ThreadID="52">
    </Execution>
    <Channel>Security</Channel>
    <Computer>WIN-03DLIIOFRRA</Computer>
    <Security>
    </Security>
  </System>
  <EventData>
  </EventData>
</Event>
Record 171
<?xml version="1.0" encoding="utf-8"?>
<Event xmlns="http://schemas.microsoft.com/win/2004/08/events/event">
  <System>
    <Provider Name="Microsoft-Windows-Security-Auditing" Guid="54849625-5478-4994-A5BA-3E3B0328C30D">
    </Provider>
    <EventID>5024</EventID>
    <Version>0</Version>
    <Level>0</Level>
    <Task>12292</Task>
    <Opcode>0</Opcode>
    <Keywords>0x8020000000000000</Keywords>
    <TimeCreated SystemTime="2016-07-08T22:16:54.562017Z">
    </TimeCreated>
    <EventRecordID>171</EventRecordID>
    <Correlation>
    </Correlation>
    <Execution ProcessID="552" ThreadID="624">
    </Execution>
    <Channel>Security</Channel>
    <Computer>WIN-03DLIIOFRRA</Computer>
    <Security>
    </Security>
  </System>
  <EventData>
  </EventData>
</Event>
Record 172
<?xml version="1.0" encoding="utf-8"?>
<Event xmlns="http://schemas.microsoft.com/win/2004/08/events/event">
  <System>
    <Provider Name="Microsoft-Windows-Security-Auditing" Guid="54849625-5478-4994-A5BA-3E3B0328C30D">
    </Provider>
    <EventID>4624</EventID>
    <Version>0</Version>
    <Level>0</Level>
    <Task>12544</Task>
    <Opcode>0</Opcode>
    <Keywords>0x8020000000000000</Keywords>
    <TimeCreated SystemTime="2016-07-08T22:16:54.983218Z">
    </TimeCreated>
    <EventRecordID>172</EventRecordID>
    <Correlation>
    </Correlation>
    <Execution ProcessID="552" ThreadID="620">
    </Execution>
    <Channel>Security</Channel>
    <Computer>WIN-03DLIIOFRRA</Computer>
    <Security>
    </Security>
  </System>
  <EventData>
    <Data Name="SubjectUserSid">S-1-0-0</Data>
    <Data Name="SubjectUserName">-</Data>
    <Data Name="SubjectDomainName">-</Data>
    <Data Name="SubjectLogonId">0x0</Data>
    <Data Name="TargetUserSid">S-1-5-7</Data>
    <Data Name="TargetUserName">ANONYMOUS LOGON</Data>
    <Data Name="TargetDomainName">NT AUTHORITY</Data>
    <Data Name="TargetLogonId">0x1f0a1</Data>
    <Data Name="LogonType">3</Data>
    <Data Name="LogonProcessName">NtLmSsp</Data>
    <Data Name="AuthenticationPackageName">NTLM</Data>
    <Data Name="WorkstationName"></Data>
    <Data Name="LogonGuid">00000000-0000-0000-0000-000000000000</Data>
    <Data Name="TransmittedServices">-</Data>
    <Data Name="LmPackageName">NTLM V1</Data>
    <Data Name="KeyLength">0</Data>
    <Data Name="ProcessId">0x0</Data>
    <Data Name="ProcessName">-</Data>
    <Data Name="IpAddress">-</Data>
    <Data Name="IpPort">-</Data>
  </EventData>
</Event>
Record 173
<?xml version="1.0" encoding="utf-8"?>
<Event xmlns="http://schemas.microsoft.com/win/2004/08/events/event">
  <System>
    <Provider Name="Microsoft-Windows-Security-Auditing" Guid="54849625-5478-4994-A5BA-3E3B0328C30D">
    </Provider>
    <EventID>4624</EventID>
    <Version>0</Version>
    <Level>0</Level>
    <Task>12544</Task>
    <Opcode>0</Opcode>
    <Keywords>0x8020000000000000</Keywords>
    <TimeCreated SystemTime="2016-07-08T22:16:55.404419Z">
    </TimeCreated>
    <EventRecordID>173</EventRecordID>
    <Correlation>
    </Correlation>
    <Execution ProcessID="552" ThreadID="620">
    </Execution>
    <Channel>Security</Channel>
    <Computer>WIN-03DLIIOFRRA</Computer>
    <Security>
    </Security>
  </System>
  <EventData>
    <Data Name="SubjectUserSid">S-1-5-18</Data>
    <Data Name="SubjectUserName">WIN-03DLIIOFRRA$</Data>
    <Data Name="SubjectDomainName">WORKGROUP</Data>
    <Data Name="SubjectLogonId">0x3e7</Data>
    <Data Name="TargetUserSid">S-1-5-18</Data>
    <Data Name="TargetUserName">SYSTEM</Data>
    <Data Name="TargetDomainName">NT AUTHORITY</Data>
    <Data Name="TargetLogonId">0x3e7</Data>
    <Data Name="LogonType">5</Data>
    <Data Name="LogonProcessName">Advapi</Data>
    <Data Name="AuthenticationPackageName">Negotiate</Data>
    <Data Name="WorkstationName"></Data>
    <Data Name="LogonGuid">00000000-0000-0000-0000-000000000000</Data>
    <Data Name="TransmittedServices">-</Data>
    <Data Name="LmPackageName">-</Data>
    <Data Name="KeyLength">0</Data>
    <Data Name="ProcessId">0x218</Data>
    <Data Name="ProcessName">C:\Windows\System32\services.exe</Data>
    <Data Name="IpAddress">-</Data>
    <Data Name="IpPort">-</Data>
  </EventData>
</Event>
Record 174
<?xml version="1.0" encoding="utf-8"?>
<Event xmlns="http://schemas.microsoft.com/win/2004/08/events/event">
  <System>
    <Provider Name="Microsoft-Windows-Security-Auditing" Guid="54849625-5478-4994-A5BA-3E3B0328C30D">
    </Provider>
    <EventID>4672</EventID>
    <Version>0</Version>
    <Level>0</Level>
    <Task>12548</Task>
    <Opcode>0</Opcode>
    <Keywords>0x8020000000000000</Keywords>
    <TimeCreated SystemTime="2016-07-08T22:16:55.404419Z">
    </TimeCreated>
    <EventRecordID>174</EventRecordID>
    <Correlation>
    </Correlation>
    <Execution ProcessID="552" ThreadID="620">
    </Execution>
    <Channel>Security</Channel>
    <Computer>WIN-03DLIIOFRRA</Computer>
    <Security>
    </Security>
  </System>
  <EventData>
    <Data Name="SubjectUserSid">S-1-5-18</Data>
    <Data Name="SubjectUserName">SYSTEM</Data>
    <Data Name="SubjectDomainName">NT AUTHORITY</Data>
    <Data Name="SubjectLogonId">0x3e7</Data>
    <Data Name="PrivilegeList">SeAssignPrimaryTokenPrivilege
			SeTcbPrivilege
			SeSecurityPrivilege
			SeTakeOwnershipPrivilege
			SeLoadDriverPrivilege
			SeBackupPrivilege
			SeRestorePrivilege
			SeDebugPrivilege
			SeAuditPrivilege
			SeSystemEnvironmentPrivilege
			SeImpersonatePrivilege</Data>
  </EventData>
</Event>
Record 175
<?xml version="1.0" encoding="utf-8"?>
<Event xmlns="http://schemas.microsoft.com/win/2004/08/events/event">
  <System>
    <Provider Name="Microsoft-Windows-Security-Auditing" Guid="54849625-5478-4994-A5BA-3E3B0328C30D">
    </Provider>
    <EventID>4624</EventID>
    <Version>0</Version>
    <Level>0</Level>
    <Task>12544</Task>
    <Opcode>0</Opcode>
    <Keywords>0x8020000000000000</Keywords>
    <TimeCreated SystemTime="2016-07-08T22:16:57.232247Z">
    </TimeCreated>
    <EventRecordID>175</EventRecordID>
    <Correlation>
    </Correlation>
    <Execution ProcessID="552" ThreadID="624">
    </Execution>
    <Channel>Security</Channel>
    <Computer>WIN-03DLIIOFRRA</Computer>
    <Security>
    </Security>
  </System>
  <EventData>
    <Data Name="SubjectUserSid">S-1-5-18</Data>
    <Data Name="SubjectUserName">WIN-03DLIIOFRRA$</Data>
    <Data Name="SubjectDomainName">WORKGROUP</Data>
    <Data Name="SubjectLogonId">0x3e7</Data>
    <Data Name="TargetUserSid">S-1-5-18</Data>
    <Data Name="TargetUserName">SYSTEM</Data>
    <Data Name="TargetDomainName">NT AUTHORITY</Data>
    <Data Name="TargetLogonId">0x3e7</Data>
    <Data Name="LogonType">5</Data>
    <Data Name="LogonProcessName">Advapi</Data>
    <Data Name="AuthenticationPackageName">Negotiate</Data>
    <Data Name="WorkstationName"></Data>
    <Data Name="LogonGuid">00000000-0000-0000-0000-000000000000</Data>
    <Data Name="TransmittedServices">-</Data>
    <Data Name="LmPackageName">-</Data>
    <Data Name="KeyLength">0</Data>
    <Data Name="ProcessId">0x218</Data>
    <Data Name="ProcessName">C:\Windows\System32\services.exe</Data>
    <Data Name="IpAddress">-</Data>
    <Data Name="IpPort">-</Data>
  </EventData>
</Event>
Record 176
<?xml version="1.0" encoding="utf-8"?>
<Event xmlns="http://schemas.microsoft.com/win/2004/08/events/event">
  <System>
    <Provider Name="Microsoft-Windows-Security-Auditing" Guid="54849625-5478-4994-A5BA-3E3B0328C30D">
    </Provider>
    <EventID>4672</EventID>
    <Version>0</Version>
    <Level>0</Level>
    <Task>12548</Task>
    <Opcode>0</Opcode>
    <Keywords>0x8020000000000000</Keywords>
    <TimeCreated SystemTime="2016-07-08T22:16:57.232247Z">
    </TimeCreated>
    <EventRecordID>176</EventRecordID>
    <Correlation>
    </Correlation>
    <Execution ProcessID="552" ThreadID="624">
    </Execution>
    <Channel>Security</Channel>
    <Computer>WIN-03DLIIOFRRA</Computer>
    <Security>
    </Security>
  </System>
  <EventData>
    <Data Name="SubjectUserSid">S-1-5-18</Data>
    <Data Name="SubjectUserName">SYSTEM</Data>
    <Data Name="SubjectDomainName">NT AUTHORITY</Data>
    <Data Name="SubjectLogonId">0x3e7</Data>
    <Data Name="PrivilegeList">SeAssignPrimaryTokenPrivilege
			SeTcbPrivilege
			SeSecurityPrivilege
			SeTakeOwnershipPrivilege
			SeLoadDriverPrivilege
			SeBackupPrivilege
			SeRestorePrivilege
			SeDebugPrivilege
			SeAuditPrivilege
			SeSystemEnvironmentPrivilege
			SeImpersonatePrivilege</Data>
  </EventData>
</Event>
Record 177
<?xml version="1.0" encoding="utf-8"?>
<Event xmlns="http://schemas.microsoft.com/win/2004/08/events/event">
  <System>
    <Provider Name="Microsoft-Windows-Security-Auditing" Guid="54849625-5478-4994-A5BA-3E3B0328C30D">
    </Provider>
    <EventID>4624</EventID>
    <Version>0</Version>
    <Level>0</Level>
    <Task>12544</Task>
    <Opcode>0</Opcode>
    <Keywords>0x8020000000000000</Keywords>
    <TimeCreated SystemTime="2016-07-08T22:17:01.053053Z">
    </TimeCreated>
    <EventRecordID>177</EventRecordID>
    <Correlation>
    </Correlation>
    <Execution ProcessID="552" ThreadID="624">
    </Execution>
    <Channel>Security</Channel>
    <Computer>WIN-03DLIIOFRRA</Computer>
    <Security>
    </Security>
  </System>
  <EventData>
    <Data Name="SubjectUserSid">S-1-5-18</Data>
    <Data Name="SubjectUserName">WIN-03DLIIOFRRA$</Data>
    <Data Name="SubjectDomainName">WORKGROUP</Data>
    <Data Name="SubjectLogonId">0x3e7</Data>
    <Data Name="TargetUserSid">S-1-5-18</Data>
    <Data Name="TargetUserName">SYSTEM</Data>
    <Data Name="TargetDomainName">NT AUTHORITY</Data>
    <Data Name="TargetLogonId">0x3e7</Data>
    <Data Name="LogonType">5</Data>
    <Data Name="LogonProcessName">Advapi</Data>
    <Data Name="AuthenticationPackageName">Negotiate</Data>
    <Data Name="WorkstationName"></Data>
    <Data Name="LogonGuid">00000000-0000-0000-0000-000000000000</Data>
    <Data Name="TransmittedServices">-</Data>
    <Data Name="LmPackageName">-</Data>
    <Data Name="KeyLength">0</Data>
    <Data Name="ProcessId">0x218</Data>
    <Data Name="ProcessName">C:\Windows\System32\services.exe</Data>
    <Data Name="IpAddress">-</Data>
    <Data Name="IpPort">-</Data>
  </EventData>
</Event>
