Record 454
<?xml version="1.0" encoding="utf-8"?>
<Event xmlns="http://schemas.microsoft.com/win/2004/08/events/event">
  <System>
    <Provider Name="Microsoft-Windows-Security-Auditing" Guid="54849625-5478-4994-A5BA-3E3B0328C30D">
    </Provider>
    <EventID>4624</EventID>
    <Version>0</Version>
    <Level>0</Level>
    <Task>12544</Task>
    <Opcode>0</Opcode>
    <Keywords>0x8020000000000000</Keywords>
    <TimeCreated SystemTime="2016-07-08T23:44:16.140257Z">
    </TimeCreated>
    <EventRecordID>454</EventRecordID>
    <Correlation>
    </Correlation>
    <Execution ProcessID="552" ThreadID="2016">
    </Execution>
    <Channel>Security</Channel>
    <Computer>WIN-03DLIIOFRRA</Computer>
    <Security>
    </Security>
  </System>
  <EventData>
    <Data Name="SubjectUserSid">S-1-5-18</Data>
    <Data Name="SubjectUserName">WIN-03DLIIOFRRA$</Data>
    <Data Name="SubjectDomainName">WORKGROUP</Data>
    <Data Name="SubjectLogonId">0x3e7</Data>
    <Data Name="TargetUserSid">S-1-5-18</Data>
    <Data Name="TargetUserName">SYSTEM</Data>
    <Data Name="TargetDomainName">NT AUTHORITY</Data>
    <Data Name="TargetLogonId">0x3e7</Data>
    <Data Name="LogonType">5</Data>
    <Data Name="LogonProcessName">Advapi</Data>
    <Data Name="AuthenticationPackageName">Negotiate</Data>
    <Data Name="WorkstationName"></Data>
    <Data Name="LogonGuid">00000000-0000-0000-0000-000000000000</Data>
    <Data Name="TransmittedServices">-</Data>
    <Data Name="LmPackageName">-</Data>
    <Data Name="KeyLength">0</Data>
    <Data Name="ProcessId">0x1ec</Data>
    <Data Name="ProcessName">C:\Windows\System32\services.exe</Data>
    <Data Name="IpAddress">-</Data>
    <Data Name="IpPort">-</Data>
  </EventData>
</Event>
Record 455
<?xml version="1.0" encoding="utf-8"?>
<Event xmlns="http://schemas.microsoft.com/win/2004/08/events/event">
  <System>
    <Provider Name="Microsoft-Windows-Security-Auditing" Guid="54849625-5478-4994-A5BA-3E3B0328C30D">
    </Provider>
    <EventID>4672</EventID>
    <Version>0</Version>
    <Level>0</Level>
    <Task>12548</Task>
    <Opcode>0</Opcode>
    <Keywords>0x8020000000000000</Keywords>
    <TimeCreated SystemTime="2016-07-08T23:44:16.140257Z">
    </TimeCreated>
    <EventRecordID>455</EventRecordID>
    <Correlation>
    </Correlation>
    <Execution ProcessID="552" ThreadID="2016">
    </Execution>
    <Channel>Security</Channel>
    <Computer>WIN-03DLIIOFRRA</Computer>
    <Security>
    </Security>
  </System>
  <EventData>
    <Data Name="SubjectUserSid">S-1-5-18</Data>
    <Data Name="SubjectUserName">SYSTEM</Data>
    <Data Name="SubjectDomainName">NT AUTHORITY</Data>
    <Data Name="SubjectLogonId">0x3e7</Data>
    <Data Name="PrivilegeList">SeAssignPrimaryTokenPrivilege
			SeTcbPrivilege
			SeSecurityPrivilege
			SeTakeOwnershipPrivilege
			SeLoadDriverPrivilege
			SeBackupPrivilege
			SeRestorePrivilege
			SeDebugPrivilege
			SeAuditPrivilege
			SeSystemEnvironmentPrivilege
			SeImpersonatePrivilege</Data>
  </EventData>
</Event>
Record 456
<?xml version="1.0" encoding="utf-8"?>
<Event xmlns="http://schemas.microsoft.com/win/2004/08/events/event">
  <System>
    <Provider Name="Microsoft-Windows-Security-Auditing" Guid="54849625-5478-4994-A5BA-3E3B0328C30D">
    </Provider>
    <EventID>4624</EventID>
    <Version>0</Version>
    <Level>0</Level>
    <Task>12544</Task>
    <Opcode>0</Opcode>
    <Keywords>0x8020000000000000</Keywords>
    <TimeCreated SystemTime="2016-07-08T23:44:20.328663Z">
    </TimeCreated>
    <EventRecordID>456</EventRecordID>
    <Correlation>
    </Correlation>
    <Execution ProcessID="552" ThreadID="600">
    </Execution>
    <Channel>Security</Channel>
    <Computer>WIN-03DLIIOFRRA</Computer>
    <Security>
    </Security>
  </System>
  <EventData>
    <Data Name="SubjectUserSid">S-1-5-18</Data>
    <Data Name="SubjectUserName">WIN-03DLIIOFRRA$</Data>
    <Data Name="SubjectDomainName">WORKGROUP</Data>
    <Data Name="SubjectLogonId">0x3e7</Data>
    <Data Name="TargetUserSid">S-1-5-18</Data>
    <Data Name="TargetUserName">SYSTEM</Data>
    <Data Name="TargetDomainName">NT AUTHORITY</Data>
    <Data Name="TargetLogonId">0x3e7</Data>
    <Data Name="LogonType">5</Data>
    <Data Name="LogonProcessName">Advapi</Data>
    <Data Name="AuthenticationPackageName">Negotiate</Data>
    <Data Name="WorkstationName"></Data>
    <Data Name="LogonGuid">00000000-0000-0000-0000-000000000000</Data>
    <Data Name="TransmittedServices">-</Data>
    <Data Name="LmPackageName">-</Data>
    <Data Name="KeyLength">0</Data>
    <Data Name="ProcessId">0x1ec</Data>
    <Data Name="ProcessName">C:\Windows\System32\services.exe</Data>
    <Data Name="IpAddress">-</Data>
    <Data Name="IpPort">-</Data>
  </EventData>
</Event>
Record 457
<?xml version="1.0" encoding="utf-8"?>
<Event xmlns="http://schemas.microsoft.com/win/2004/08/events/event">
  <System>
    <Provider Name="Microsoft-Windows-Security-Auditing" Guid="54849625-5478-4994-A5BA-3E3B0328C30D">
    </Provider>
    <EventID>4672</EventID>
    <Version>0</Version>
    <Level>0</Level>
    <Task>12548</Task>
    <Opcode>0</Opcode>
    <Keywords>0x8020000000000000</Keywords>
    <TimeCreated SystemTime="2016-07-08T23:44:20.328663Z">
    </TimeCreated>
    <EventRecordID>457</EventRecordID>
    <Correlation>
    </Correlation>
    <Execution ProcessID="552" ThreadID="600">
    </Execution>
    <Channel>Security</Channel>
    <Computer>WIN-03DLIIOFRRA</Computer>
    <Security>
    </Security>
  </System>
  <EventData>
    <Data Name="SubjectUserSid">S-1-5-18</Data>
    <Data Name="SubjectUserName">SYSTEM</Data>
    <Data Name="SubjectDomainName">NT AUTHORITY</Data>
    <Data Name="SubjectLogonId">0x3e7</Data>
    <Data Name="PrivilegeList">SeAssignPrimaryTokenPrivilege
			SeTcbPrivilege
			SeSecurityPrivilege
			SeTakeOwnershipPrivilege
			SeLoadDriverPrivilege
			SeBackupPrivilege
			SeRestorePrivilege
			SeDebugPrivilege
			SeAuditPrivilege
			SeSystemEnvironmentPrivilege
			SeImpersonatePrivilege</Data>
  </EventData>
</Event>
Record 458
<?xml version="1.0" encoding="utf-8"?>
<Event xmlns="http://schemas.microsoft.com/win/2004/08/events/event">
  <System>
    <Provider Name="Microsoft-Windows-Eventlog" Guid="{fc65ddd8-d6ef-4962-83d5-6e5cfe9ce148}">
    </Provider>
    <EventID>1100</EventID>
    <Version>0</Version>
    <Level>4</Level>
    <Task>103</Task>
    <Opcode>0</Opcode>
    <Keywords>0x4020000000000000</Keywords>
    <TimeCreated SystemTime="2016-07-08T23:48:32.556906Z">
    </TimeCreated>
    <EventRecordID>458</EventRecordID>
    <Correlation>
    </Correlation>
    <Execution ProcessID="828" ThreadID="1088">
    </Execution>
    <Channel>Security</Channel>
    <Computer>WIN-03DLIIOFRRA</Computer>
    <Security>
    </Security>
  </System>
  <UserData>
    <ServiceShutdown xmlns:auto-ns3="http://schemas.microsoft.com/win/2004/08/events" xmlns="http://manifests.microsoft.com/win/2004/08/windows/eventlog">
    </ServiceShutdown>
  </UserData>
</Event>
Record 459
<?xml version="1.0" encoding="utf-8"?>
<Event xmlns="http://schemas.microsoft.com/win/2004/08/events/event">
  <System>
    <Provider Name="Microsoft-Windows-Security-Auditing" Guid="54849625-5478-4994-A5BA-3E3B0328C30D">
    </Provider>
    <EventID>4647</EventID>
    <Version>0</Version>
    <Level>0</Level>
    <Task>12545</Task>
    <Opcode>0</Opcode>
    <Keywords>0x8020000000000000</Keywords>
    <TimeCreated SystemTime="2016-07-08T23:48:32.244906Z">
    </TimeCreated>
    <EventRecordID>459</EventRecordID>
    <Correlation>
    </Correlation>
    <Execution ProcessID="552" ThreadID="588">
    </Execution>
    <Channel>Security</Channel>
    <Computer>WIN-03DLIIOFRRA</Computer>
    <Security>
    </Security>
  </System>
  <EventData>
    <Data Name="TargetUserSid">S-1-5-21-2603537626-3982775912-406486804-1000</Data>
    <Data Name="TargetUserName">fsir</Data>
    <Data Name="TargetDomainName">WIN-03DLIIOFRRA</Data>
    <Data Name="TargetLogonId">0x1b717</Data>
  </EventData>
</Event>
Record 460
<?xml version="1.0" encoding="utf-8"?>
<Event xmlns="http://schemas.microsoft.com/win/2004/08/events/event">
  <System>
    <Provider Name="Microsoft-Windows-Security-Auditing" Guid="54849625-5478-4994-A5BA-3E3B0328C30D">
    </Provider>
    <EventID>4608</EventID>
    <Version>0</Version>
    <Level>0</Level>
    <Task>12288</Task>
    <Opcode>0</Opcode>
    <Keywords>0x8020000000000000</Keywords>
    <TimeCreated SystemTime="2016-07-08T23:48:51.778819Z">
    </TimeCreated>
    <EventRecordID>460</EventRecordID>
    <Correlation>
    </Correlation>
    <Execution ProcessID="544" ThreadID="548">
    </Execution>
    <Channel>Security</Channel>
    <Computer>WIN-03DLIIOFRRA</Computer>
    <Security>
    </Security>
  </System>
  <EventData>
  </EventData>
</Event>
Record 461
<?xml version="1.0" encoding="utf-8"?>
<Event xmlns="http://schemas.microsoft.com/win/2004/08/events/event">
  <System>
    <Provider Name="Microsoft-Windows-Security-Auditing" Guid="54849625-5478-4994-A5BA-3E3B0328C30D">
    </Provider>
    <EventID>4624</EventID>
    <Version>0</Version>
    <Level>0</Level>
    <Task>12544</Task>
    <Opcode>0</Opcode>
    <Keywords>0x8020000000000000</Keywords>
    <TimeCreated SystemTime="2016-07-08T23:48:51.778819Z">
    </TimeCreated>
    <EventRecordID>461</EventRecordID>
    <Correlation>
    </Correlation>
    <Execution ProcessID="544" ThreadID="548">
    </Execution>
    <Channel>Security</Channel>
    <Computer>WIN-03DLIIOFRRA</Computer>
    <Security>
    </Security>
  </System>
  <EventData>
    <Data Name="SubjectUserSid">S-1-0-0</Data>
    <Data Name="SubjectUserName">-</Data>
    <Data Name="SubjectDomainName">-</Data>
    <Data Name="SubjectLogonId">0x0</Data>
    <Data Name="TargetUserSid">S-1-5-18</Data>
    <Data Name="TargetUserName">SYSTEM</Data>
    <Data Name="TargetDomainName">NT AUTHORITY</Data>
    <Data Name="TargetLogonId">0x3e7</Data>
    <Data Name="LogonType">0</Data>
    <Data Name="LogonProcessName">-</Data>
    <Data Name="AuthenticationPackageName">-</Data>
    <Data Name="WorkstationName">-</Data>
    <Data Name="LogonGuid">00000000-0000-0000-0000-000000000000</Data>
    <Data Name="TransmittedServices">-</Data>
    <Data Name="LmPackageName">-</Data>
    <Data Name="KeyLength">0</Data>
    <Data Name="ProcessId">0x4</Data>
    <Data Name="ProcessName"></Data>
    <Data Name="IpAddress">-</Data>
    <Data Name="IpPort">-</Data>
  </EventData>
</Event>
Record 462
<?xml version="1.0" encoding="utf-8"?>
<Event xmlns="http://schemas.microsoft.com/win/2004/08/events/event">
  <System>
    <Provider Name="Microsoft-Windows-Security-Auditing" Guid="54849625-5478-4994-A5BA-3E3B0328C30D">
    </Provider>
    <EventID>4902</EventID>
    <Version>0</Version>
    <Level>0</Level>
    <Task>13568</Task>
    <Opcode>0</Opcode>
    <Keywords>0x8020000000000000</Keywords>
    <TimeCreated SystemTime="2016-07-08T23:48:51.841219Z">
    </TimeCreated>
    <EventRecordID>462</EventRecordID>
    <Correlation>
    </Correlation>
    <Execution ProcessID="544" ThreadID="596">
    </Execution>
    <Channel>Security</Channel>
    <Computer>WIN-03DLIIOFRRA</Computer>
    <Security>
    </Security>
  </System>
  <EventData>
    <Data Name="PuaCount">0</Data>
    <Data Name="PuaPolicyId">0xc949</Data>
  </EventData>
</Event>
Record 463
<?xml version="1.0" encoding="utf-8"?>
<Event xmlns="http://schemas.microsoft.com/win/2004/08/events/event">
  <System>
    <Provider Name="Microsoft-Windows-Security-Auditing" Guid="54849625-5478-4994-A5BA-3E3B0328C30D">
    </Provider>
    <EventID>4624</EventID>
    <Version>0</Version>
    <Level>0</Level>
    <Task>12544</Task>
    <Opcode>0</Opcode>
    <Keywords>0x8020000000000000</Keywords>
    <TimeCreated SystemTime="2016-07-08T23:48:51.856820Z">
    </TimeCreated>
    <EventRecordID>463</EventRecordID>
    <Correlation>
    </Correlation>
    <Execution ProcessID="544" ThreadID="592">
    </Execution>
    <Channel>Security</Channel>
    <Computer>WIN-03DLIIOFRRA</Computer>
    <Security>
    </Security>
  </System>
  <EventData>
    <Data Name="SubjectUserSid">S-1-5-18</Data>
    <Data Name="SubjectUserName">WIN-03DLIIOFRRA$</Data>
    <Data Name="SubjectDomainName">WORKGROUP</Data>
    <Data Name="SubjectLogonId">0x3e7</Data>
    <Data Name="TargetUserSid">S-1-5-18</Data>
    <Data Name="TargetUserName">SYSTEM</Data>
    <Data Name="TargetDomainName">NT AUTHORITY</Data>
    <Data Name="TargetLogonId">0x3e7</Data>
    <Data Name="LogonType">5</Data>
    <Data Name="LogonProcessName">Advapi</Data>
    <Data Name="AuthenticationPackageName">Negotiate</Data>
    <Data Name="WorkstationName"></Data>
    <Data Name="LogonGuid">00000000-0000-0000-0000-000000000000</Data>
    <Data Name="TransmittedServices">-</Data>
    <Data Name="LmPackageName">-</Data>
    <Data Name="KeyLength">0</Data>
    <Data Name="ProcessId">0x1f4</Data>
    <Data Name="ProcessName">C:\Windows\System32\services.exe</Data>
    <Data Name="IpAddress">-</Data>
    <Data Name="IpPort">-</Data>
  </EventData>
</Event>
Record 464
<?xml version="1.0" encoding="utf-8"?>
<Event xmlns="http://schemas.microsoft.com/win/2004/08/events/event">
  <System>
    <Provider Name="Microsoft-Windows-Security-Auditing" Guid="54849625-5478-4994-A5BA-3E3B0328C30D">
    </Provider>
    <EventID>4672</EventID>
    <Version>0</Version>
    <Level>0</Level>
    <Task>12548</Task>
    <Opcode>0</Opcode>
    <Keywords>0x8020000000000000</Keywords>
    <TimeCreated SystemTime="2016-07-08T23:48:51.856820Z">
    </TimeCreated>
    <EventRecordID>464</EventRecordID>
    <Correlation>
    </Correlation>
    <Execution ProcessID="544" ThreadID="592">
    </Execution>
    <Channel>Security</Channel>
    <Computer>WIN-03DLIIOFRRA</Computer>
    <Security>
    </Security>
  </System>
  <EventData>
    <Data Name="SubjectUserSid">S-1-5-18</Data>
    <Data Name="SubjectUserName">SYSTEM</Data>
    <Data Name="SubjectDomainName">NT AUTHORITY</Data>
    <Data Name="SubjectLogonId">0x3e7</Data>
    <Data Name="PrivilegeList">SeAssignPrimaryTokenPrivilege
			SeTcbPrivilege
			SeSecurityPrivilege
			SeTakeOwnershipPrivilege
			SeLoadDriverPrivilege
			SeBackupPrivilege
			SeRestorePrivilege
			SeDebugPrivilege
			SeAuditPrivilege
			SeSystemEnvironmentPrivilege
			SeImpersonatePrivilege</Data>
  </EventData>
</Event>
Record 465
<?xml version="1.0" encoding="utf-8"?>
<Event xmlns="http://schemas.microsoft.com/win/2004/08/events/event">
  <System>
    <Provider Name="Microsoft-Windows-Security-Auditing" Guid="54849625-5478-4994-A5BA-3E3B0328C30D">
    </Provider>
    <EventID>4624</EventID>
    <Version>0</Version>
    <Level>0</Level>
    <Task>12544</Task>
    <Opcode>0</Opcode>
    <Keywords>0x8020000000000000</Keywords>
    <TimeCreated SystemTime="2016-07-08T23:48:51.950420Z">
    </TimeCreated>
    <EventRecordID>465</EventRecordID>
    <Correlation>
    </Correlation>
    <Execution ProcessID="544" ThreadID="592">
    </Execution>
    <Channel>Security</Channel>
    <Computer>WIN-03DLIIOFRRA</Computer>
    <Security>
    </Security>
  </System>
  <EventData>
    <Data Name="SubjectUserSid">S-1-5-18</Data>
    <Data Name="SubjectUserName">WIN-03DLIIOFRRA$</Data>
    <Data Name="SubjectDomainName">WORKGROUP</Data>
    <Data Name="SubjectLogonId">0x3e7</Data>
    <Data Name="TargetUserSid">S-1-5-20</Data>
    <Data Name="TargetUserName">NETWORK SERVICE</Data>
    <Data Name="TargetDomainName">NT AUTHORITY</Data>
    <Data Name="TargetLogonId">0x3e4</Data>
    <Data Name="LogonType">5</Data>
    <Data Name="LogonProcessName">Advapi</Data>
    <Data Name="AuthenticationPackageName">Negotiate</Data>
    <Data Name="WorkstationName"></Data>
    <Data Name="LogonGuid">00000000-0000-0000-0000-000000000000</Data>
    <Data Name="TransmittedServices">-</Data>
    <Data Name="LmPackageName">-</Data>
    <Data Name="KeyLength">0</Data>
    <Data Name="ProcessId">0x1f4</Data>
    <Data Name="ProcessName">C:\Windows\System32\services.exe</Data>
    <Data Name="IpAddress">-</Data>
    <Data Name="IpPort">-</Data>
  </EventData>
</Event>
Record 466
<?xml version="1.0" encoding="utf-8"?>
<Event xmlns="http://schemas.microsoft.com/win/2004/08/events/event">
  <System>
    <Provider Name="Microsoft-Windows-Security-Auditing" Guid="54849625-5478-4994-A5BA-3E3B0328C30D">
    </Provider>
    <EventID>4672</EventID>
    <Version>0</Version>
    <Level>0</Level>
    <Task>12548</Task>
    <Opcode>0</Opcode>
    <Keywords>0x8020000000000000</Keywords>
    <TimeCreated SystemTime="2016-07-08T23:48:51.950420Z">
    </TimeCreated>
    <EventRecordID>466</EventRecordID>
    <Correlation>
    </Correlation>
    <Execution ProcessID="544" ThreadID="592">
    </Execution>
    <Channel>Security</Channel>
    <Computer>WIN-03DLIIOFRRA</Computer>
    <Security>
    </Security>
  </System>
  <EventData>
    <Data Name="SubjectUserSid">S-1-5-20</Data>
    <Data Name="SubjectUserName">NETWORK SERVICE</Data>
    <Data Name="SubjectDomainName">NT AUTHORITY</Data>
    <Data Name="SubjectLogonId">0x3e4</Data>
    <Data Name="PrivilegeList">SeAssignPrimaryTokenPrivilege
			SeAuditPrivilege
			SeImpersonatePrivilege</Data>
  </EventData>
</Event>
Record 467
<?xml version="1.0" encoding="utf-8"?>
<Event xmlns="http://schemas.microsoft.com/win/2004/08/events/event">
  <System>
    <Provider Name="Microsoft-Windows-Security-Auditing" Guid="54849625-5478-4994-A5BA-3E3B0328C30D">
    </Provider>
    <EventID>4624</EventID>
    <Version>0</Version>
    <Level>0</Level>
    <Task>12544</Task>
    <Opcode>0</Opcode>
    <Keywords>0x8020000000000000</Keywords>
    <TimeCreated SystemTime="2016-07-08T23:48:51.981620Z">
    </TimeCreated>
    <EventRecordID>467</EventRecordID>
    <Correlation>
    </Correlation>
    <Execution ProcessID="544" ThreadID="592">
    </Execution>
    <Channel>Security</Channel>
    <Computer>WIN-03DLIIOFRRA</Computer>
    <Security>
    </Security>
  </System>
  <EventData>
    <Data Name="SubjectUserSid">S-1-5-18</Data>
    <Data Name="SubjectUserName">WIN-03DLIIOFRRA$</Data>
    <Data Name="SubjectDomainName">WORKGROUP</Data>
    <Data Name="SubjectLogonId">0x3e7</Data>
    <Data Name="TargetUserSid">S-1-5-19</Data>
    <Data Name="TargetUserName">LOCAL SERVICE</Data>
    <Data Name="TargetDomainName">NT AUTHORITY</Data>
    <Data Name="TargetLogonId">0x3e5</Data>
    <Data Name="LogonType">5</Data>
    <Data Name="LogonProcessName">Advapi</Data>
    <Data Name="AuthenticationPackageName">Negotiate</Data>
    <Data Name="WorkstationName"></Data>
    <Data Name="LogonGuid">00000000-0000-0000-0000-000000000000</Data>
    <Data Name="TransmittedServices">-</Data>
    <Data Name="LmPackageName">-</Data>
    <Data Name="KeyLength">0</Data>
    <Data Name="ProcessId">0x1f4</Data>
    <Data Name="ProcessName">C:\Windows\System32\services.exe</Data>
    <Data Name="IpAddress">-</Data>
    <Data Name="IpPort">-</Data>
  </EventData>
</Event>
Record 468
<?xml version="1.0" encoding="utf-8"?>
<Event xmlns="http://schemas.microsoft.com/win/2004/08/events/event">
  <System>
    <Provider Name="Microsoft-Windows-Security-Auditing" Guid="54849625-5478-4994-A5BA-3E3B0328C30D">
    </Provider>
    <EventID>4672</EventID>
    <Version>0</Version>
    <Level>0</Level>
    <Task>12548</Task>
    <Opcode>0</Opcode>
    <Keywords>0x8020000000000000</Keywords>
    <TimeCreated SystemTime="2016-07-08T23:48:51.981620Z">
    </TimeCreated>
    <EventRecordID>468</EventRecordID>
    <Correlation>
    </Correlation>
    <Execution ProcessID="544" ThreadID="592">
    </Execution>
    <Channel>Security</Channel>
    <Computer>WIN-03DLIIOFRRA</Computer>
    <Security>
    </Security>
  </System>
  <EventData>
    <Data Name="SubjectUserSid">S-1-5-19</Data>
    <Data Name="SubjectUserName">LOCAL SERVICE</Data>
    <Data Name="SubjectDomainName">NT AUTHORITY</Data>
    <Data Name="SubjectLogonId">0x3e5</Data>
    <Data Name="PrivilegeList">SeAssignPrimaryTokenPrivilege
			SeAuditPrivilege
			SeImpersonatePrivilege</Data>
  </EventData>
</Event>
Record 469
<?xml version="1.0" encoding="utf-8"?>
<Event xmlns="http://schemas.microsoft.com/win/2004/08/events/event">
  <System>
    <Provider Name="Microsoft-Windows-Security-Auditing" Guid="54849625-5478-4994-A5BA-3E3B0328C30D">
    </Provider>
    <EventID>4624</EventID>
    <Version>0</Version>
    <Level>0</Level>
    <Task>12544</Task>
    <Opcode>0</Opcode>
    <Keywords>0x8020000000000000</Keywords>
    <TimeCreated SystemTime="2016-07-08T23:48:52.028420Z">
    </TimeCreated>
    <EventRecordID>469</EventRecordID>
    <Correlation>
    </Correlation>
    <Execution ProcessID="544" ThreadID="580">
    </Execution>
    <Channel>Security</Channel>
    <Computer>WIN-03DLIIOFRRA</Computer>
    <Security>
    </Security>
  </System>
  <EventData>
    <Data Name="SubjectUserSid">S-1-5-18</Data>
    <Data Name="SubjectUserName">WIN-03DLIIOFRRA$</Data>
    <Data Name="SubjectDomainName">WORKGROUP</Data>
    <Data Name="SubjectLogonId">0x3e7</Data>
    <Data Name="TargetUserSid">S-1-5-18</Data>
    <Data Name="TargetUserName">SYSTEM</Data>
    <Data Name="TargetDomainName">NT AUTHORITY</Data>
    <Data Name="TargetLogonId">0x3e7</Data>
    <Data Name="LogonType">5</Data>
    <Data Name="LogonProcessName">Advapi</Data>
    <Data Name="AuthenticationPackageName">Negotiate</Data>
    <Data Name="WorkstationName"></Data>
    <Data Name="LogonGuid">00000000-0000-0000-0000-000000000000</Data>
    <Data Name="TransmittedServices">-</Data>
    <Data Name="LmPackageName">-</Data>
    <Data Name="KeyLength">0</Data>
    <Data Name="ProcessId">0x1f4</Data>
    <Data Name="ProcessName">C:\Windows\System32\services.exe</Data>
    <Data Name="IpAddress">-</Data>
    <Data Name="IpPort">-</Data>
  </EventData>
</Event>
Record 470
<?xml version="1.0" encoding="utf-8"?>
<Event xmlns="http://schemas.microsoft.com/win/2004/08/events/event">
  <System>
    <Provider Name="Microsoft-Windows-Security-Auditing" Guid="54849625-5478-4994-A5BA-3E3B0328C30D">
    </Provider>
    <EventID>4672</EventID>
    <Version>0</Version>
    <Level>0</Level>
    <Task>12548</Task>
    <Opcode>0</Opcode>
    <Keywords>0x8020000000000000</Keywords>
    <TimeCreated SystemTime="2016-07-08T23:48:52.028420Z">
    </TimeCreated>
    <EventRecordID>470</EventRecordID>
    <Correlation>
    </Correlation>
    <Execution ProcessID="544" ThreadID="580">
    </Execution>
    <Channel>Security</Channel>
    <Computer>WIN-03DLIIOFRRA</Computer>
    <Security>
    </Security>
  </System>
  <EventData>
    <Data Name="SubjectUserSid">S-1-5-18</Data>
    <Data Name="SubjectUserName">SYSTEM</Data>
    <Data Name="SubjectDomainName">NT AUTHORITY</Data>
    <Data Name="SubjectLogonId">0x3e7</Data>
    <Data Name="PrivilegeList">SeAssignPrimaryTokenPrivilege
			SeTcbPrivilege
			SeSecurityPrivilege
			SeTakeOwnershipPrivilege
			SeLoadDriverPrivilege
			SeBackupPrivilege
			SeRestorePrivilege
			SeDebugPrivilege
			SeAuditPrivilege
			SeSystemEnvironmentPrivilege
			SeImpersonatePrivilege</Data>
  </EventData>
</Event>
Record 471
<?xml version="1.0" encoding="utf-8"?>
<Event xmlns="http://schemas.microsoft.com/win/2004/08/events/event">
  <System>
    <Provider Name="Microsoft-Windows-Security-Auditing" Guid="54849625-5478-4994-A5BA-3E3B0328C30D">
    </Provider>
    <EventID>4624</EventID>
    <Version>0</Version>
    <Level>0</Level>
    <Task>12544</Task>
    <Opcode>0</Opcode>
    <Keywords>0x8020000000000000</Keywords>
    <TimeCreated SystemTime="2016-07-08T23:48:52.044020Z">
    </TimeCreated>
    <EventRecordID>471</EventRecordID>
    <Correlation>
    </Correlation>
    <Execution ProcessID="544" ThreadID="580">
    </Execution>
    <Channel>Security</Channel>
    <Computer>WIN-03DLIIOFRRA</Computer>
    <Security>
    </Security>
  </System>
  <EventData>
    <Data Name="SubjectUserSid">S-1-5-18</Data>
    <Data Name="SubjectUserName">WIN-03DLIIOFRRA$</Data>
    <Data Name="SubjectDomainName">WORKGROUP</Data>
    <Data Name="SubjectLogonId">0x3e7</Data>
    <Data Name="TargetUserSid">S-1-5-18</Data>
    <Data Name="TargetUserName">SYSTEM</Data>
    <Data Name="TargetDomainName">NT AUTHORITY</Data>
    <Data Name="TargetLogonId">0x3e7</Data>
    <Data Name="LogonType">5</Data>
    <Data Name="LogonProcessName">Advapi</Data>
    <Data Name="AuthenticationPackageName">Negotiate</Data>
    <Data Name="WorkstationName"></Data>
    <Data Name="LogonGuid">00000000-0000-0000-0000-000000000000</Data>
    <Data Name="TransmittedServices">-</Data>
    <Data Name="LmPackageName">-</Data>
    <Data Name="KeyLength">0</Data>
    <Data Name="ProcessId">0x1f4</Data>
    <Data Name="ProcessName">C:\Windows\System32\services.exe</Data>
    <Data Name="IpAddress">-</Data>
    <Data Name="IpPort">-</Data>
  </EventData>
</Event>
Record 472
<?xml version="1.0" encoding="utf-8"?>
<Event xmlns="http://schemas.microsoft.com/win/2004/08/events/event">
  <System>
    <Provider Name="Microsoft-Windows-Security-Auditing" Guid="54849625-5478-4994-A5BA-3E3B0328C30D">
    </Provider>
    <EventID>4672</EventID>
    <Version>0</Version>
    <Level>0</Level>
    <Task>12548</Task>
    <Opcode>0</Opcode>
    <Keywords>0x8020000000000000</Keywords>
    <TimeCreated SystemTime="2016-07-08T23:48:52.044020Z">
    </TimeCreated>
    <EventRecordID>472</EventRecordID>
    <Correlation>
    </Correlation>
    <Execution ProcessID="544" ThreadID="580">
    </Execution>
    <Channel>Security</Channel>
    <Computer>WIN-03DLIIOFRRA</Computer>
    <Security>
    </Security>
  </System>
  <EventData>
    <Data Name="SubjectUserSid">S-1-5-18</Data>
    <Data Name="SubjectUserName">SYSTEM</Data>
    <Data Name="SubjectDomainName">NT AUTHORITY</Data>
    <Data Name="SubjectLogonId">0x3e7</Data>
    <Data Name="PrivilegeList">SeAssignPrimaryTokenPrivilege
			SeTcbPrivilege
			SeSecurityPrivilege
			SeTakeOwnershipPrivilege
			SeLoadDriverPrivilege
			SeBackupPrivilege
			SeRestorePrivilege
			SeDebugPrivilege
			SeAuditPrivilege
			SeSystemEnvironmentPrivilege
			SeImpersonatePrivilege</Data>
  </EventData>
</Event>
Record 473
<?xml version="1.0" encoding="utf-8"?>
<Event xmlns="http://schemas.microsoft.com/win/2004/08/events/event">
  <System>
    <Provider Name="Microsoft-Windows-Security-Auditing" Guid="54849625-5478-4994-A5BA-3E3B0328C30D">
    </Provider>
    <EventID>4648</EventID>
    <Version>0</Version>
    <Level>0</Level>
    <Task>12544</Task>
    <Opcode>0</Opcode>
    <Keywords>0x8020000000000000</Keywords>
    <TimeCreated SystemTime="2016-07-08T23:48:52.558821Z">
    </TimeCreated>
    <EventRecordID>473</EventRecordID>
    <Correlation>
    </Correlation>
    <Execution ProcessID="544" ThreadID="580">
    </Execution>
    <Channel>Security</Channel>
    <Computer>WIN-03DLIIOFRRA</Computer>
    <Security>
    </Security>
  </System>
  <EventData>
    <Data Name="SubjectUserSid">S-1-5-18</Data>
    <Data Name="SubjectUserName">WIN-03DLIIOFRRA$</Data>
    <Data Name="SubjectDomainName">WORKGROUP</Data>
    <Data Name="SubjectLogonId">0x3e7</Data>
    <Data Name="LogonGuid">00000000-0000-0000-0000-000000000000</Data>
    <Data Name="TargetUserName">fsir</Data>
    <Data Name="TargetDomainName">WIN-03DLIIOFRRA</Data>
    <Data Name="TargetLogonGuid">00000000-0000-0000-0000-000000000000</Data>
    <Data Name="TargetServerName">localhost</Data>
    <Data Name="TargetInfo">localhost</Data>
    <Data Name="ProcessId">0x1fc</Data>
    <Data Name="ProcessName">C:\Windows\System32\winlogon.exe</Data>
    <Data Name="IpAddress">127.0.0.1</Data>
    <Data Name="IpPort">0</Data>
  </EventData>
</Event>
Record 474
<?xml version="1.0" encoding="utf-8"?>
<Event xmlns="http://schemas.microsoft.com/win/2004/08/events/event">
  <System>
    <Provider Name="Microsoft-Windows-Security-Auditing" Guid="54849625-5478-4994-A5BA-3E3B0328C30D">
    </Provider>
    <EventID>4624</EventID>
    <Version>0</Version>
    <Level>0</Level>
    <Task>12544</Task>
    <Opcode>0</Opcode>
    <Keywords>0x8020000000000000</Keywords>
    <TimeCreated SystemTime="2016-07-08T23:48:52.558821Z">
    </TimeCreated>
    <EventRecordID>474</EventRecordID>
    <Correlation>
    </Correlation>
    <Execution ProcessID="544" ThreadID="580">
    </Execution>
    <Channel>Security</Channel>
    <Computer>WIN-03DLIIOFRRA</Computer>
    <Security>
    </Security>
  </System>
  <EventData>
    <Data Name="SubjectUserSid">S-1-5-18</Data>
    <Data Name="SubjectUserName">WIN-03DLIIOFRRA$</Data>
    <Data Name="SubjectDomainName">WORKGROUP</Data>
    <Data Name="SubjectLogonId">0x3e7</Data>
    <Data Name="TargetUserSid">S-1-5-21-2603537626-3982775912-406486804-1000</Data>
    <Data Name="TargetUserName">fsir</Data>
    <Data Name="TargetDomainName">WIN-03DLIIOFRRA</Data>
    <Data Name="TargetLogonId">0x1ab83</Data>
    <Data Name="LogonType">2</Data>
    <Data Name="LogonProcessName">User32</Data>
    <Data Name="AuthenticationPackageName">Negotiate</Data>
    <Data Name="WorkstationName">WIN-03DLIIOFRRA</Data>
    <Data Name="LogonGuid">00000000-0000-0000-0000-000000000000</Data>
    <Data Name="TransmittedServices">-</Data>
    <Data Name="LmPackageName">-</Data>
    <Data Name="KeyLength">0</Data>
    <Data Name="ProcessId">0x1fc</Data>
    <Data Name="ProcessName">C:\Windows\System32\winlogon.exe</Data>
    <Data Name="IpAddress">127.0.0.1</Data>
    <Data Name="IpPort">0</Data>
  </EventData>
</Event>
Record 475
<?xml version="1.0" encoding="utf-8"?>
<Event xmlns="http://schemas.microsoft.com/win/2004/08/events/event">
  <System>
    <Provider Name="Microsoft-Windows-Security-Auditing" Guid="54849625-5478-4994-A5BA-3E3B0328C30D">
    </Provider>
    <EventID>4624</EventID>
    <Version>0</Version>
    <Level>0</Level>
    <Task>12544</Task>
    <Opcode>0</Opcode>
    <Keywords>0x8020000000000000</Keywords>
    <TimeCreated SystemTime="2016-07-08T23:48:52.558821Z">
    </TimeCreated>
    <EventRecordID>475</EventRecordID>
    <Correlation>
    </Correlation>
    <Execution ProcessID="544" ThreadID="580">
    </Execution>
    <Channel>Security</Channel>
    <Computer>WIN-03DLIIOFRRA</Computer>
    <Security>
    </Security>
  </System>
  <EventData>
    <Data Name="SubjectUserSid">S-1-5-18</Data>
    <Data Name="SubjectUserName">WIN-03DLIIOFRRA$</Data>
    <Data Name="SubjectDomainName">WORKGROUP</Data>
    <Data Name="SubjectLogonId">0x3e7</Data>
    <Data Name="TargetUserSid">S-1-5-21-2603537626-3982775912-406486804-1000</Data>
    <Data Name="TargetUserName">fsir</Data>
    <Data Name="TargetDomainName">WIN-03DLIIOFRRA</Data>
    <Data Name="TargetLogonId">0x1abfb</Data>
    <Data Name="LogonType">2</Data>
    <Data Name="LogonProcessName">User32</Data>
    <Data Name="AuthenticationPackageName">Negotiate</Data>
    <Data Name="WorkstationName">WIN-03DLIIOFRRA</Data>
    <Data Name="LogonGuid">00000000-0000-0000-0000-000000000000</Data>
    <Data Name="TransmittedServices">-</Data>
    <Data Name="LmPackageName">-</Data>
    <Data Name="KeyLength">0</Data>
    <Data Name="ProcessId">0x1fc</Data>
    <Data Name="ProcessName">C:\Windows\System32\winlogon.exe</Data>
    <Data Name="IpAddress">127.0.0.1</Data>
    <Data Name="IpPort">0</Data>
  </EventData>
</Event>
Record 476
<?xml version="1.0" encoding="utf-8"?>
<Event xmlns="http://schemas.microsoft.com/win/2004/08/events/event">
  <System>
    <Provider Name="Microsoft-Windows-Security-Auditing" Guid="54849625-5478-4994-A5BA-3E3B0328C30D">
    </Provider>
    <EventID>4672</EventID>
    <Version>0</Version>
    <Level>0</Level>
    <Task>12548</Task>
    <Opcode>0</Opcode>
    <Keywords>0x8020000000000000</Keywords>
    <TimeCreated SystemTime="2016-07-08T23:48:52.558821Z">
    </TimeCreated>
    <EventRecordID>476</EventRecordID>
    <Correlation>
    </Correlation>
    <Execution ProcessID="544" ThreadID="580">
    </Execution>
    <Channel>Security</Channel>
    <Computer>WIN-03DLIIOFRRA</Computer>
    <Security>
    </Security>
  </System>
  <EventData>
    <Data Name="SubjectUserSid">S-1-5-21-2603537626-3982775912-406486804-1000</Data>
    <Data Name="SubjectUserName">fsir</Data>
    <Data Name="SubjectDomainName">WIN-03DLIIOFRRA</Data>
    <Data Name="SubjectLogonId">0x1ab83</Data>
    <Data Name="PrivilegeList">SeSecurityPrivilege
			SeTakeOwnershipPrivilege
			SeLoadDriverPrivilege
			SeBackupPrivilege
			SeRestorePrivilege
			SeDebugPrivilege
			SeSystemEnvironmentPrivilege
			SeImpersonatePrivilege</Data>
  </EventData>
</Event>
Record 477
<?xml version="1.0" encoding="utf-8"?>
<Event xmlns="http://schemas.microsoft.com/win/2004/08/events/event">
  <System>
    <Provider Name="Microsoft-Windows-Security-Auditing" Guid="54849625-5478-4994-A5BA-3E3B0328C30D">
    </Provider>
    <EventID>4624</EventID>
    <Version>0</Version>
    <Level>0</Level>
    <Task>12544</Task>
    <Opcode>0</Opcode>
    <Keywords>0x8020000000000000</Keywords>
    <TimeCreated SystemTime="2016-07-08T23:48:53.463622Z">
    </TimeCreated>
    <EventRecordID>477</EventRecordID>
    <Correlation>
    </Correlation>
    <Execution ProcessID="544" ThreadID="592">
    </Execution>
    <Channel>Security</Channel>
    <Computer>WIN-03DLIIOFRRA</Computer>
    <Security>
    </Security>
  </System>
  <EventData>
    <Data Name="SubjectUserSid">S-1-0-0</Data>
    <Data Name="SubjectUserName">-</Data>
    <Data Name="SubjectDomainName">-</Data>
    <Data Name="SubjectLogonId">0x0</Data>
    <Data Name="TargetUserSid">S-1-5-7</Data>
    <Data Name="TargetUserName">ANONYMOUS LOGON</Data>
    <Data Name="TargetDomainName">NT AUTHORITY</Data>
    <Data Name="TargetLogonId">0x291d7</Data>
    <Data Name="LogonType">3</Data>
    <Data Name="LogonProcessName">NtLmSsp</Data>
    <Data Name="AuthenticationPackageName">NTLM</Data>
    <Data Name="WorkstationName"></Data>
    <Data Name="LogonGuid">00000000-0000-0000-0000-000000000000</Data>
    <Data Name="TransmittedServices">-</Data>
    <Data Name="LmPackageName">NTLM V1</Data>
    <Data Name="KeyLength">0</Data>
    <Data Name="ProcessId">0x0</Data>
    <Data Name="ProcessName">-</Data>
    <Data Name="IpAddress">-</Data>
    <Data Name="IpPort">-</Data>
  </EventData>
</Event>
Record 478
<?xml version="1.0" encoding="utf-8"?>
<Event xmlns="http://schemas.microsoft.com/win/2004/08/events/event">
  <System>
    <Provider Name="Microsoft-Windows-Security-Auditing" Guid="54849625-5478-4994-A5BA-3E3B0328C30D">
    </Provider>
    <EventID>4624</EventID>
    <Version>0</Version>
    <Level>0</Level>
    <Task>12544</Task>
    <Opcode>0</Opcode>
    <Keywords>0x8020000000000000</Keywords>
    <TimeCreated SystemTime="2016-07-08T23:48:53.744423Z">
    </TimeCreated>
    <EventRecordID>478</EventRecordID>
    <Correlation>
    </Correlation>
    <Execution ProcessID="544" ThreadID="1988">
    </Execution>
    <Channel>Security</Channel>
    <Computer>WIN-03DLIIOFRRA</Computer>
    <Security>
    </Security>
  </System>
  <EventData>
    <Data Name="SubjectUserSid">S-1-5-18</Data>
    <Data Name="SubjectUserName">WIN-03DLIIOFRRA$</Data>
    <Data Name="SubjectDomainName">WORKGROUP</Data>
    <Data Name="SubjectLogonId">0x3e7</Data>
    <Data Name="TargetUserSid">S-1-5-18</Data>
    <Data Name="TargetUserName">SYSTEM</Data>
    <Data Name="TargetDomainName">NT AUTHORITY</Data>
    <Data Name="TargetLogonId">0x3e7</Data>
    <Data Name="LogonType">5</Data>
    <Data Name="LogonProcessName">Advapi</Data>
    <Data Name="AuthenticationPackageName">Negotiate</Data>
    <Data Name="WorkstationName"></Data>
    <Data Name="LogonGuid">00000000-0000-0000-0000-000000000000</Data>
    <Data Name="TransmittedServices">-</Data>
    <Data Name="LmPackageName">-</Data>
    <Data Name="KeyLength">0</Data>
    <Data Name="ProcessId">0x1f4</Data>
    <Data Name="ProcessName">C:\Windows\System32\services.exe</Data>
    <Data Name="IpAddress">-</Data>
    <Data Name="IpPort">-</Data>
  </EventData>
</Event>
Record 479
<?xml version="1.0" encoding="utf-8"?>
<Event xmlns="http://schemas.microsoft.com/win/2004/08/events/event">
  <System>
    <Provider Name="Microsoft-Windows-Security-Auditing" Guid="54849625-5478-4994-A5BA-3E3B0328C30D">
    </Provider>
    <EventID>4672</EventID>
    <Version>0</Version>
    <Level>0</Level>
    <Task>12548</Task>
    <Opcode>0</Opcode>
    <Keywords>0x8020000000000000</Keywords>
    <TimeCreated SystemTime="2016-07-08T23:48:53.744423Z">
    </TimeCreated>
    <EventRecordID>479</EventRecordID>
    <Correlation>
    </Correlation>
    <Execution ProcessID="544" ThreadID="1988">
    </Execution>
    <Channel>Security</Channel>
    <Computer>WIN-03DLIIOFRRA</Computer>
    <Security>
    </Security>
  </System>
  <EventData>
    <Data Name="SubjectUserSid">S-1-5-18</Data>
    <Data Name="SubjectUserName">SYSTEM</Data>
    <Data Name="SubjectDomainName">NT AUTHORITY</Data>
    <Data Name="SubjectLogonId">0x3e7</Data>
    <Data Name="PrivilegeList">SeAssignPrimaryTokenPrivilege
			SeTcbPrivilege
			SeSecurityPrivilege
			SeTakeOwnershipPrivilege
			SeLoadDriverPrivilege
			SeBackupPrivilege
			SeRestorePrivilege
			SeDebugPrivilege
			SeAuditPrivilege
			SeSystemEnvironmentPrivilege
			SeImpersonatePrivilege</Data>
  </EventData>
</Event>
Record 480
<?xml version="1.0" encoding="utf-8"?>
<Event xmlns="http://schemas.microsoft.com/win/2004/08/events/event">
  <System>
    <Provider Name="Microsoft-Windows-Security-Auditing" Guid="54849625-5478-4994-A5BA-3E3B0328C30D">
    </Provider>
    <EventID>4624</EventID>
    <Version>0</Version>
    <Level>0</Level>
    <Task>12544</Task>
    <Opcode>0</Opcode>
    <Keywords>0x8020000000000000</Keywords>
    <TimeCreated SystemTime="2016-07-08T23:48:56.294878Z">
    </TimeCreated>
    <EventRecordID>480</EventRecordID>
    <Correlation>
    </Correlation>
    <Execution ProcessID="544" ThreadID="580">
    </Execution>
    <Channel>Security</Channel>
    <Computer>WIN-03DLIIOFRRA</Computer>
    <Security>
    </Security>
  </System>
  <EventData>
    <Data Name="SubjectUserSid">S-1-5-18</Data>
    <Data Name="SubjectUserName">WIN-03DLIIOFRRA$</Data>
    <Data Name="SubjectDomainName">WORKGROUP</Data>
    <Data Name="SubjectLogonId">0x3e7</Data>
    <Data Name="TargetUserSid">S-1-5-18</Data>
    <Data Name="TargetUserName">SYSTEM</Data>
    <Data Name="TargetDomainName">NT AUTHORITY</Data>
    <Data Name="TargetLogonId">0x3e7</Data>
    <Data Name="LogonType">5</Data>
    <Data Name="LogonProcessName">Advapi</Data>
    <Data Name="AuthenticationPackageName">Negotiate</Data>
    <Data Name="WorkstationName"></Data>
    <Data Name="LogonGuid">00000000-0000-0000-0000-000000000000</Data>
    <Data Name="TransmittedServices">-</Data>
    <Data Name="LmPackageName">-</Data>
    <Data Name="KeyLength">0</Data>
    <Data Name="ProcessId">0x1f4</Data>
    <Data Name="ProcessName">C:\Windows\System32\services.exe</Data>
    <Data Name="IpAddress">-</Data>
    <Data Name="IpPort">-</Data>
  </EventData>
</Event>
Record 481
<?xml version="1.0" encoding="utf-8"?>
<Event xmlns="http://schemas.microsoft.com/win/2004/08/events/event">
  <System>
    <Provider Name="Microsoft-Windows-Security-Auditing" Guid="54849625-5478-4994-A5BA-3E3B0328C30D">
    </Provider>
    <EventID>4672</EventID>
    <Version>0</Version>
    <Level>0</Level>
    <Task>12548</Task>
    <Opcode>0</Opcode>
    <Keywords>0x8020000000000000</Keywords>
    <TimeCreated SystemTime="2016-07-08T23:48:56.294878Z">
    </TimeCreated>
    <EventRecordID>481</EventRecordID>
    <Correlation>
    </Correlation>
    <Execution ProcessID="544" ThreadID="580">
    </Execution>
    <Channel>Security</Channel>
    <Computer>WIN-03DLIIOFRRA</Computer>
    <Security>
    </Security>
  </System>
  <EventData>
    <Data Name="SubjectUserSid">S-1-5-18</Data>
    <Data Name="SubjectUserName">SYSTEM</Data>
    <Data Name="SubjectDomainName">NT AUTHORITY</Data>
    <Data Name="SubjectLogonId">0x3e7</Data>
    <Data Name="PrivilegeList">SeAssignPrimaryTokenPrivilege
			SeTcbPrivilege
			SeSecurityPrivilege
			SeTakeOwnershipPrivilege
			SeLoadDriverPrivilege
			SeBackupPrivilege
			SeRestorePrivilege
			SeDebugPrivilege
			SeAuditPrivilege
			SeSystemEnvironmentPrivilege
			SeImpersonatePrivilege</Data>
  </EventData>
</Event>
Record 482
<?xml version="1.0" encoding="utf-8"?>
<Event xmlns="http://schemas.microsoft.com/win/2004/08/events/event">
  <System>
    <Provider Name="Microsoft-Windows-Security-Auditing" Guid="54849625-5478-4994-A5BA-3E3B0328C30D">
    </Provider>
    <EventID>4624</EventID>
    <Version>0</Version>
    <Level>0</Level>
    <Task>12544</Task>
    <Opcode>0</Opcode>
    <Keywords>0x8020000000000000</Keywords>
    <TimeCreated SystemTime="2016-07-08T23:48:59.510483Z">
    </TimeCreated>
    <EventRecordID>482</EventRecordID>
    <Correlation>
    </Correlation>
    <Execution ProcessID="544" ThreadID="592">
    </Execution>
    <Channel>Security</Channel>
    <Computer>WIN-03DLIIOFRRA</Computer>
    <Security>
    </Security>
  </System>
  <EventData>
    <Data Name="SubjectUserSid">S-1-5-18</Data>
    <Data Name="SubjectUserName">WIN-03DLIIOFRRA$</Data>
    <Data Name="SubjectDomainName">WORKGROUP</Data>
    <Data Name="SubjectLogonId">0x3e7</Data>
    <Data Name="TargetUserSid">S-1-5-18</Data>
    <Data Name="TargetUserName">SYSTEM</Data>
    <Data Name="TargetDomainName">NT AUTHORITY</Data>
    <Data Name="TargetLogonId">0x3e7</Data>
    <Data Name="LogonType">5</Data>
    <Data Name="LogonProcessName">Advapi</Data>
    <Data Name="AuthenticationPackageName">Negotiate</Data>
    <Data Name="WorkstationName"></Data>
    <Data Name="LogonGuid">00000000-0000-0000-0000-000000000000</Data>
    <Data Name="TransmittedServices">-</Data>
    <Data Name="LmPackageName">-</Data>
    <Data Name="KeyLength">0</Data>
    <Data Name="ProcessId">0x1f4</Data>
    <Data Name="ProcessName">C:\Windows\System32\services.exe</Data>
    <Data Name="IpAddress">-</Data>
    <Data Name="IpPort">-</Data>
  </EventData>
</Event>
Record 483
<?xml version="1.0" encoding="utf-8"?>
<Event xmlns="http://schemas.microsoft.com/win/2004/08/events/event">
  <System>
    <Provider Name="Microsoft-Windows-Security-Auditing" Guid="54849625-5478-4994-A5BA-3E3B0328C30D">
    </Provider>
    <EventID>4672</EventID>
    <Version>0</Version>
    <Level>0</Level>
    <Task>12548</Task>
    <Opcode>0</Opcode>
    <Keywords>0x8020000000000000</Keywords>
    <TimeCreated SystemTime="2016-07-08T23:48:59.510483Z">
    </TimeCreated>
    <EventRecordID>483</EventRecordID>
    <Correlation>
    </Correlation>
    <Execution ProcessID="544" ThreadID="592">
    </Execution>
    <Channel>Security</Channel>
    <Computer>WIN-03DLIIOFRRA</Computer>
    <Security>
    </Security>
  </System>
  <EventData>
    <Data Name="SubjectUserSid">S-1-5-18</Data>
    <Data Name="SubjectUserName">SYSTEM</Data>
    <Data Name="SubjectDomainName">NT AUTHORITY</Data>
    <Data Name="SubjectLogonId">0x3e7</Data>
    <Data Name="PrivilegeList">SeAssignPrimaryTokenPrivilege
			SeTcbPrivilege
			SeSecurityPrivilege
			SeTakeOwnershipPrivilege
			SeLoadDriverPrivilege
			SeBackupPrivilege
			SeRestorePrivilege
			SeDebugPrivilege
			SeAuditPrivilege
			SeSystemEnvironmentPrivilege
			SeImpersonatePrivilege</Data>
  </EventData>
</Event>
Record 484
<?xml version="1.0" encoding="utf-8"?>
<Event xmlns="http://schemas.microsoft.com/win/2004/08/events/event">
  <System>
    <Provider Name="Microsoft-Windows-Security-Auditing" Guid="54849625-5478-4994-A5BA-3E3B0328C30D">
    </Provider>
    <EventID>4647</EventID>
    <Version>0</Version>
    <Level>0</Level>
    <Task>12545</Task>
    <Opcode>0</Opcode>
    <Keywords>0x8020000000000000</Keywords>
    <TimeCreated SystemTime="2016-07-09T00:08:20.652261Z">
    </TimeCreated>
    <EventRecordID>484</EventRecordID>
    <Correlation>
    </Correlation>
    <Execution ProcessID="544" ThreadID="1332">
    </Execution>
    <Channel>Security</Channel>
    <Computer>WIN-03DLIIOFRRA</Computer>
    <Security>
    </Security>
  </System>
  <EventData>
    <Data Name="TargetUserSid">S-1-5-21-2603537626-3982775912-406486804-1000</Data>
    <Data Name="TargetUserName">fsir</Data>
    <Data Name="TargetDomainName">WIN-03DLIIOFRRA</Data>
    <Data Name="TargetLogonId">0x1abfb</Data>
  </EventData>
</Event>
Record 485
<?xml version="1.0" encoding="utf-8"?>
<Event xmlns="http://schemas.microsoft.com/win/2004/08/events/event">
  <System>
    <Provider Name="Microsoft-Windows-Eventlog" Guid="{fc65ddd8-d6ef-4962-83d5-6e5cfe9ce148}">
    </Provider>
    <EventID>1100</EventID>
    <Version>0</Version>
    <Level>4</Level>
    <Task>103</Task>
    <Opcode>0</Opcode>
    <Keywords>0x4020000000000000</Keywords>
    <TimeCreated SystemTime="2016-07-09T00:08:20.933062Z">
    </TimeCreated>
    <EventRecordID>485</EventRecordID>
    <Correlation>
    </Correlation>
    <Execution ProcessID="824" ThreadID="2712">
    </Execution>
    <Channel>Security</Channel>
    <Computer>WIN-03DLIIOFRRA</Computer>
    <Security>
    </Security>
  </System>
  <UserData>
    <ServiceShutdown xmlns:auto-ns3="http://schemas.microsoft.com/win/2004/08/events" xmlns="http://manifests.microsoft.com/win/2004/08/windows/eventlog">
    </ServiceShutdown>
  </UserData>
</Event>
Record 486
<?xml version="1.0" encoding="utf-8"?>
<Event xmlns="http://schemas.microsoft.com/win/2004/08/events/event">
  <System>
    <Provider Name="Microsoft-Windows-Security-Auditing" Guid="54849625-5478-4994-A5BA-3E3B0328C30D">
    </Provider>
    <EventID>4608</EventID>
    <Version>0</Version>
    <Level>0</Level>
    <Task>12288</Task>
    <Opcode>0</Opcode>
    <Keywords>0x8020000000000000</Keywords>
    <TimeCreated SystemTime="2016-07-09T00:08:40.716419Z">
    </TimeCreated>
    <EventRecordID>486</EventRecordID>
    <Correlation>
    </Correlation>
    <Execution ProcessID="536" ThreadID="540">
    </Execution>
    <Channel>Security</Channel>
    <Computer>WIN-03DLIIOFRRA</Computer>
    <Security>
    </Security>
  </System>
  <EventData>
  </EventData>
</Event>
Record 487
<?xml version="1.0" encoding="utf-8"?>
<Event xmlns="http://schemas.microsoft.com/win/2004/08/events/event">
  <System>
    <Provider Name="Microsoft-Windows-Security-Auditing" Guid="54849625-5478-4994-A5BA-3E3B0328C30D">
    </Provider>
    <EventID>4624</EventID>
    <Version>0</Version>
    <Level>0</Level>
    <Task>12544</Task>
    <Opcode>0</Opcode>
    <Keywords>0x8020000000000000</Keywords>
    <TimeCreated SystemTime="2016-07-09T00:08:40.716419Z">
    </TimeCreated>
    <EventRecordID>487</EventRecordID>
    <Correlation>
    </Correlation>
    <Execution ProcessID="536" ThreadID="540">
    </Execution>
    <Channel>Security</Channel>
    <Computer>WIN-03DLIIOFRRA</Computer>
    <Security>
    </Security>
  </System>
  <EventData>
    <Data Name="SubjectUserSid">S-1-0-0</Data>
    <Data Name="SubjectUserName">-</Data>
    <Data Name="SubjectDomainName">-</Data>
    <Data Name="SubjectLogonId">0x0</Data>
    <Data Name="TargetUserSid">S-1-5-18</Data>
    <Data Name="TargetUserName">SYSTEM</Data>
    <Data Name="TargetDomainName">NT AUTHORITY</Data>
    <Data Name="TargetLogonId">0x3e7</Data>
    <Data Name="LogonType">0</Data>
    <Data Name="LogonProcessName">-</Data>
    <Data Name="AuthenticationPackageName">-</Data>
    <Data Name="WorkstationName">-</Data>
    <Data Name="LogonGuid">00000000-0000-0000-0000-000000000000</Data>
    <Data Name="TransmittedServices">-</Data>
    <Data Name="LmPackageName">-</Data>
    <Data Name="KeyLength">0</Data>
    <Data Name="ProcessId">0x4</Data>
    <Data Name="ProcessName"></Data>
    <Data Name="IpAddress">-</Data>
    <Data Name="IpPort">-</Data>
  </EventData>
</Event>
Record 488
<?xml version="1.0" encoding="utf-8"?>
<Event xmlns="http://schemas.microsoft.com/win/2004/08/events/event">
  <System>
    <Provider Name="Microsoft-Windows-Security-Auditing" Guid="54849625-5478-4994-A5BA-3E3B0328C30D">
    </Provider>
    <EventID>4902</EventID>
    <Version>0</Version>
    <Level>0</Level>
    <Task>13568</Task>
    <Opcode>0</Opcode>
    <Keywords>0x8020000000000000</Keywords>
    <TimeCreated SystemTime="2016-07-09T00:08:40.794419Z">
    </TimeCreated>
    <EventRecordID>488</EventRecordID>
    <Correlation>
    </Correlation>
    <Execution ProcessID="536" ThreadID="604">
    </Execution>
    <Channel>Security</Channel>
    <Computer>WIN-03DLIIOFRRA</Computer>
    <Security>
    </Security>
  </System>
  <EventData>
    <Data Name="PuaCount">0</Data>
    <Data Name="PuaPolicyId">0xc8d5</Data>
  </EventData>
</Event>
